[2014-11-06 20:23:31] 127.0.0.1 /
INFO: [ app_begin ] --START--
INFO: ReadHtmlCache Behavior ::run [ RunTime:0.041506s ]
INFO: [ app_begin ] --END-- [ RunTime:0.083355s ]
NOTIC: 建议使用I方法替代_param
NOTIC: [8] Undefined index: login E:\workspace\www\zndl\protected\app\Lib\Action\ParentAction.class.php 第 32 行.
NOTIC: 建议使用I方法替代_server
NOTIC: 建议使用I方法替代_server

[2014-11-06 20:23:38] 127.0.0.1 /
INFO: [ app_begin ] --START--
INFO: ReadHtmlCache Behavior ::run [ RunTime:0.004351s ]
INFO: [ app_begin ] --END-- [ RunTime:0.005506s ]
NOTIC: 建议使用I方法替代_param
NOTIC: [8] Undefined index: login E:\workspace\www\zndl\protected\app\Lib\Action\ParentAction.class.php 第 32 行.
NOTIC: 建议使用I方法替代_server
NOTIC: 建议使用I方法替代_server
SQL: SHOW COLUMNS FROM `user` [ RunTime:1.055815s ]
SQL: SELECT COUNT(*) AS tp_count FROM `user` WHERE ( uname='root' and pwd='test' ) LIMIT 1   [ RunTime:0.080573s ]
SQL: SHOW COLUMNS FROM `tag` [ RunTime:0.062098s ]
SQL: SELECT * FROM `tag` WHERE ( `type` = 'inner' )  [ RunTime:0.007156s ]
SQL: SELECT * FROM `tag` WHERE ( `type` = 'normal' )  [ RunTime:0.001384s ]
INFO: [ view_begin ] --START--
INFO: AutoLoadRes Behavior ::run [ RunTime:0.039565s ]
INFO: [ view_begin ] --END-- [ RunTime:0.041193s ]
INFO: [ view_parse ] --START--
NOTIC: [2] file_get_contents(./protected/app/Tpl/layout/var.html): failed to open stream: No such file or directory E:\workspace\www\zndl\protected\ThinkPHP\Lib\Template\ThinkTemplate.class.php 第 702 行.
INFO: ParseTemplate Behavior ::run [ RunTime:0.657550s ]
INFO: [ view_parse ] --END-- [ RunTime:0.658715s ]
INFO: [ view_filter ] --START--
INFO: ContentReplace Behavior ::run [ RunTime:0.027037s ]
INFO: TokenBuild Behavior ::run [ RunTime:0.074790s ]
INFO: WriteHtmlCache Behavior ::run [ RunTime:0.037061s ]
INFO: ShowRuntime Behavior ::run [ RunTime:0.077351s ]
INFO: [ view_filter ] --END-- [ RunTime:0.257763s ]
INFO: [ view_end ] --START--
INFO: ShowPageTrace Behavior ::run [ RunTime:0.060121s ]
INFO: [ view_end ] --END-- [ RunTime:0.098933s ]

[2014-11-06 20:23:44] 127.0.0.1 /
INFO: [ app_begin ] --START--
INFO: ReadHtmlCache Behavior ::run [ RunTime:0.002784s ]
INFO: [ app_begin ] --END-- [ RunTime:0.004255s ]
NOTIC: 建议使用I方法替代_param
SQL: SHOW COLUMNS FROM `tag` [ RunTime:0.078431s ]
SQL: SELECT * FROM `tag` WHERE ( `type` = 'inner' )  [ RunTime:0.005516s ]
SQL: SELECT * FROM `tag` WHERE ( `type` = 'normal' )  [ RunTime:0.001862s ]
INFO: [ view_begin ] --START--
INFO: AutoLoadRes Behavior ::run [ RunTime:0.002774s ]
INFO: [ view_begin ] --END-- [ RunTime:0.023764s ]
INFO: [ view_parse ] --START--
NOTIC: [2] file_get_contents(./protected/app/Tpl/layout/var.html): failed to open stream: No such file or directory E:\workspace\www\zndl\protected\ThinkPHP\Lib\Template\ThinkTemplate.class.php 第 702 行.
INFO: ParseTemplate Behavior ::run [ RunTime:0.121891s ]
INFO: [ view_parse ] --END-- [ RunTime:0.123036s ]
INFO: [ view_filter ] --START--
INFO: ContentReplace Behavior ::run [ RunTime:0.002263s ]
INFO: TokenBuild Behavior ::run [ RunTime:0.002965s ]
INFO: WriteHtmlCache Behavior ::run [ RunTime:0.001173s ]
INFO: ShowRuntime Behavior ::run [ RunTime:0.004714s ]
INFO: [ view_filter ] --END-- [ RunTime:0.014697s ]
INFO: [ view_end ] --START--
INFO: ShowPageTrace Behavior ::run [ RunTime:0.002523s ]
INFO: [ view_end ] --END-- [ RunTime:0.003734s ]

[2014-11-06 20:23:48] 127.0.0.1 /index.php/File/index/fetch/1
INFO: [ route_check ] --START--
INFO: CheckRoute Behavior ::run [ RunTime:0.017338s ]
INFO: [ route_check ] --END-- [ RunTime:0.018566s ]
INFO: [ app_begin ] --START--
INFO: ReadHtmlCache Behavior ::run [ RunTime:0.004993s ]
INFO: [ app_begin ] --END-- [ RunTime:0.006143s ]
NOTIC: 建议使用I方法替代_param
SQL: SHOW COLUMNS FROM `file` [ RunTime:0.106876s ]
SQL: SHOW COLUMNS FROM `tag` [ RunTime:0.026060s ]
SQL: SELECT * FROM `tag` WHERE ( `type` = 'inner' )  [ RunTime:0.002064s ]
SQL: SELECT * FROM `tag` WHERE ( `type` = 'normal' )  [ RunTime:0.000791s ]
INFO: [ view_begin ] --START--
INFO: AutoLoadRes Behavior ::run [ RunTime:0.264527s ]
INFO: [ view_begin ] --END-- [ RunTime:0.267618s ]
INFO: [ view_parse ] --START--
NOTIC: [2] file_get_contents(./protected/app/Tpl/layout/var.html): failed to open stream: No such file or directory E:\workspace\www\zndl\protected\ThinkPHP\Lib\Template\ThinkTemplate.class.php 第 702 行.
NOTIC: [8] Undefined variable: fileList E:\workspace\www\zndl\protected\Runtime\Cache\96d0aac83086edf263e1babce306752a.php 第 76 行.
INFO: ParseTemplate Behavior ::run [ RunTime:0.255807s ]
INFO: [ view_parse ] --END-- [ RunTime:0.257122s ]
INFO: [ view_filter ] --START--
INFO: ContentReplace Behavior ::run [ RunTime:0.003865s ]
INFO: TokenBuild Behavior ::run [ RunTime:0.004271s ]
INFO: WriteHtmlCache Behavior ::run [ RunTime:0.001229s ]
INFO: ShowRuntime Behavior ::run [ RunTime:0.004234s ]
INFO: [ view_filter ] --END-- [ RunTime:0.016737s ]
INFO: [ view_end ] --START--
INFO: ShowPageTrace Behavior ::run [ RunTime:0.002782s ]
INFO: [ view_end ] --END-- [ RunTime:0.004204s ]

[2014-11-06 23:23:59] 127.0.0.1 /
INFO: [ app_begin ] --START--
INFO: ReadHtmlCache Behavior ::run [ RunTime:0.579080s ]
INFO: [ app_begin ] --END-- [ RunTime:0.770939s ]
NOTIC: 建议使用I方法替代_param
NOTIC: [8] Undefined index: login E:\workspace\www\zndl\protected\app\Lib\Action\ParentAction.class.php 第 32 行.
NOTIC: 建议使用I方法替代_server
NOTIC: 建议使用I方法替代_server

[2014-11-06 23:24:02] 127.0.0.1 /
INFO: [ app_begin ] --START--
INFO: ReadHtmlCache Behavior ::run [ RunTime:0.002845s ]
INFO: [ app_begin ] --END-- [ RunTime:0.005693s ]
NOTIC: 建议使用I方法替代_param
NOTIC: [8] Undefined index: login E:\workspace\www\zndl\protected\app\Lib\Action\ParentAction.class.php 第 32 行.
NOTIC: 建议使用I方法替代_server
NOTIC: 建议使用I方法替代_server
SQL: SHOW COLUMNS FROM `user` [ RunTime:0.356005s ]
SQL: SELECT COUNT(*) AS tp_count FROM `user` WHERE ( uname='root' and pwd='test' ) LIMIT 1   [ RunTime:0.054751s ]
SQL: SHOW COLUMNS FROM `tag` [ RunTime:0.065541s ]
SQL: SELECT * FROM `tag` WHERE ( `type` = 'inner' )  [ RunTime:0.000768s ]
SQL: SELECT * FROM `tag` WHERE ( `type` = 'normal' )  [ RunTime:0.000736s ]
INFO: [ view_begin ] --START--
INFO: AutoLoadRes Behavior ::run [ RunTime:0.037302s ]
INFO: [ view_begin ] --END-- [ RunTime:0.052012s ]
INFO: [ view_parse ] --START--
NOTIC: [2] file_get_contents(./protected/app/Tpl/layout/var.html): failed to open stream: No such file or directory E:\workspace\www\zndl\protected\ThinkPHP\Lib\Template\ThinkTemplate.class.php 第 702 行.
INFO: ParseTemplate Behavior ::run [ RunTime:0.310321s ]
INFO: [ view_parse ] --END-- [ RunTime:0.311465s ]
INFO: [ view_filter ] --START--
INFO: ContentReplace Behavior ::run [ RunTime:0.024333s ]
INFO: TokenBuild Behavior ::run [ RunTime:0.009101s ]
INFO: WriteHtmlCache Behavior ::run [ RunTime:0.001856s ]
INFO: ShowRuntime Behavior ::run [ RunTime:0.004821s ]
INFO: [ view_filter ] --END-- [ RunTime:0.044610s ]
INFO: [ view_end ] --START--
INFO: ShowPageTrace Behavior ::run [ RunTime:0.002841s ]
INFO: [ view_end ] --END-- [ RunTime:0.004510s ]

[2014-11-06 23:24:05] 127.0.0.1 /
INFO: [ app_begin ] --START--
INFO: ReadHtmlCache Behavior ::run [ RunTime:0.019450s ]
INFO: [ app_begin ] --END-- [ RunTime:0.022889s ]
NOTIC: 建议使用I方法替代_param
SQL: SHOW COLUMNS FROM `tag` [ RunTime:0.017508s ]
SQL: SELECT * FROM `tag` WHERE ( `type` = 'inner' )  [ RunTime:0.000777s ]
SQL: SELECT * FROM `tag` WHERE ( `type` = 'normal' )  [ RunTime:0.000733s ]
INFO: [ view_begin ] --START--
INFO: AutoLoadRes Behavior ::run [ RunTime:0.002504s ]
INFO: [ view_begin ] --END-- [ RunTime:0.003989s ]
INFO: [ view_parse ] --START--
NOTIC: [2] file_get_contents(./protected/app/Tpl/layout/var.html): failed to open stream: No such file or directory E:\workspace\www\zndl\protected\ThinkPHP\Lib\Template\ThinkTemplate.class.php 第 702 行.
INFO: ParseTemplate Behavior ::run [ RunTime:0.076509s ]
INFO: [ view_parse ] --END-- [ RunTime:0.077705s ]
INFO: [ view_filter ] --START--
INFO: ContentReplace Behavior ::run [ RunTime:0.033403s ]
INFO: TokenBuild Behavior ::run [ RunTime:0.003236s ]
INFO: WriteHtmlCache Behavior ::run [ RunTime:0.001191s ]
INFO: ShowRuntime Behavior ::run [ RunTime:0.012223s ]
INFO: [ view_filter ] --END-- [ RunTime:0.053515s ]
INFO: [ view_end ] --START--
INFO: ShowPageTrace Behavior ::run [ RunTime:0.002527s ]
INFO: [ view_end ] --END-- [ RunTime:0.064572s ]

[2014-11-06 23:24:09] 127.0.0.1 /index.php/File/index/fetch/1
INFO: [ route_check ] --START--
INFO: CheckRoute Behavior ::run [ RunTime:0.018347s ]
INFO: [ route_check ] --END-- [ RunTime:0.019460s ]
INFO: [ app_begin ] --START--
INFO: ReadHtmlCache Behavior ::run [ RunTime:0.013873s ]
INFO: [ app_begin ] --END-- [ RunTime:0.015572s ]
NOTIC: 建议使用I方法替代_param
SQL: SHOW COLUMNS FROM `file` [ RunTime:0.336590s ]
SQL: SHOW COLUMNS FROM `tag` [ RunTime:0.011990s ]
SQL: SELECT * FROM `tag` WHERE ( `type` = 'inner' )  [ RunTime:0.000790s ]
SQL: SELECT * FROM `tag` WHERE ( `type` = 'normal' )  [ RunTime:0.001004s ]
INFO: [ view_begin ] --START--
INFO: AutoLoadRes Behavior ::run [ RunTime:0.030319s ]
INFO: [ view_begin ] --END-- [ RunTime:0.031625s ]
INFO: [ view_parse ] --START--
NOTIC: [2] file_get_contents(./protected/app/Tpl/layout/var.html): failed to open stream: No such file or directory E:\workspace\www\zndl\protected\ThinkPHP\Lib\Template\ThinkTemplate.class.php 第 702 行.
NOTIC: [8] Undefined variable: fileList E:\workspace\www\zndl\protected\Runtime\Cache\96d0aac83086edf263e1babce306752a.php 第 76 行.
INFO: ParseTemplate Behavior ::run [ RunTime:0.238005s ]
INFO: [ view_parse ] --END-- [ RunTime:0.239127s ]
INFO: [ view_filter ] --START--
INFO: ContentReplace Behavior ::run [ RunTime:0.002143s ]
INFO: TokenBuild Behavior ::run [ RunTime:0.002312s ]
INFO: WriteHtmlCache Behavior ::run [ RunTime:0.001183s ]
INFO: ShowRuntime Behavior ::run [ RunTime:0.004487s ]
INFO: [ view_filter ] --END-- [ RunTime:0.014870s ]
INFO: [ view_end ] --START--
INFO: ShowPageTrace Behavior ::run [ RunTime:0.002437s ]
INFO: [ view_end ] --END-- [ RunTime:0.004179s ]

[2014-11-06 23:24:11] 127.0.0.1 /index.php/File/getFileList
INFO: [ route_check ] --START--
INFO: CheckRoute Behavior ::run [ RunTime:0.002556s ]
INFO: [ route_check ] --END-- [ RunTime:0.003655s ]
INFO: [ app_begin ] --START--
INFO: ReadHtmlCache Behavior ::run [ RunTime:0.002694s ]
INFO: [ app_begin ] --END-- [ RunTime:0.036478s ]
NOTIC: 建议使用I方法替代_param
SQL: SHOW COLUMNS FROM `file` [ RunTime:0.015017s ]
SQL: SELECT 
                        f.id as file_id, 
                        f.show_name as show_name,
                        f.md5 as md5,
                        f.ext as ext,
                        f.insert_date as insert_date,
                        group_concat(t.id) as tag_all_id,
                        group_concat(t.name) as tag_all_name
                    from 
                        rel as r, tag as t, file as f
                    where 
                        r.file_id=f.id and 
                        r.tag_id=t.id and
                        f.id in
                            (select f.id from file as f,rel as r where f.id=r.file_id and r.tag_id in (1))
                    group by f.id
                    order by f.sort
                     [ RunTime:0.263873s ]
INFO: [ view_parse ] --START--
INFO: ParseTemplate Behavior ::run [ RunTime:0.051696s ]
INFO: [ view_parse ] --END-- [ RunTime:0.052633s ]
INFO: [ view_filter ] --START--
INFO: ContentReplace Behavior ::run [ RunTime:0.003147s ]
INFO: TokenBuild Behavior ::run [ RunTime:0.002813s ]
INFO: WriteHtmlCache Behavior ::run [ RunTime:0.001405s ]
INFO: ShowRuntime Behavior ::run [ RunTime:0.003091s ]
INFO: [ view_filter ] --END-- [ RunTime:0.013376s ]

[2014-11-06 23:24:14] 127.0.0.1 /index.php/File/getFileList
INFO: [ route_check ] --START--
INFO: CheckRoute Behavior ::run [ RunTime:0.002499s ]
INFO: [ route_check ] --END-- [ RunTime:0.003644s ]
INFO: [ app_begin ] --START--
INFO: ReadHtmlCache Behavior ::run [ RunTime:0.002412s ]
INFO: [ app_begin ] --END-- [ RunTime:0.003326s ]
NOTIC: 建议使用I方法替代_param
SQL: SHOW COLUMNS FROM `file` [ RunTime:0.014057s ]
SQL: SELECT 
                        f.id as file_id, 
                        f.show_name as show_name,
                        f.md5 as md5,
                        f.ext as ext,
                        f.insert_date as insert_date,
                        group_concat(t.id) as tag_all_id,
                        group_concat(t.name) as tag_all_name
                    from 
                        rel as r, tag as t, file as f
                    where 
                        r.file_id=f.id and 
                        r.tag_id=t.id and
                        f.id in
                            (select f.id from file as f,rel as r where f.id=r.file_id and r.tag_id in (1,2,3,4,5,6,7,8,9,10,11,12,13,14,15,16,17,18,19))
                    group by f.id
                    order by f.sort
                     [ RunTime:0.149860s ]
INFO: [ view_parse ] --START--
INFO: ParseTemplate Behavior ::run [ RunTime:0.065809s ]
INFO: [ view_parse ] --END-- [ RunTime:0.066881s ]
INFO: [ view_filter ] --START--
INFO: ContentReplace Behavior ::run [ RunTime:0.005857s ]
INFO: TokenBuild Behavior ::run [ RunTime:0.003749s ]
INFO: WriteHtmlCache Behavior ::run [ RunTime:0.001553s ]
INFO: ShowRuntime Behavior ::run [ RunTime:0.004569s ]
INFO: [ view_filter ] --END-- [ RunTime:0.018993s ]

[2014-11-06 23:24:27] 127.0.0.1 /index.php/File/getFileList
INFO: [ route_check ] --START--
INFO: CheckRoute Behavior ::run [ RunTime:0.002292s ]
INFO: [ route_check ] --END-- [ RunTime:0.003409s ]
INFO: [ app_begin ] --START--
INFO: ReadHtmlCache Behavior ::run [ RunTime:0.002472s ]
INFO: [ app_begin ] --END-- [ RunTime:0.003335s ]
NOTIC: 建议使用I方法替代_param
SQL: SHOW COLUMNS FROM `file` [ RunTime:0.004362s ]
SQL: SELECT 
                        f.id as file_id, 
                        f.show_name as show_name,
                        f.md5 as md5,
                        f.ext as ext,
                        f.insert_date as insert_date,
                        group_concat(t.id) as tag_all_id,
                        group_concat(t.name) as tag_all_name
                    from 
                        rel as r, tag as t, file as f
                    where 
                        r.file_id=f.id and 
                        r.tag_id=t.id and
                        f.id in
                            (select f.id from file as f,rel as r where f.id=r.file_id and r.tag_id in (1,2,3,4,5,6,7,8,9,10,11,12,13,14,15,16,17,18,19))
                    group by f.id
                    order by f.sort
                     [ RunTime:0.133613s ]
INFO: [ view_parse ] --START--
INFO: ParseTemplate Behavior ::run [ RunTime:0.119259s ]
INFO: [ view_parse ] --END-- [ RunTime:0.120302s ]
INFO: [ view_filter ] --START--
INFO: ContentReplace Behavior ::run [ RunTime:0.005171s ]
INFO: TokenBuild Behavior ::run [ RunTime:0.003616s ]
INFO: WriteHtmlCache Behavior ::run [ RunTime:0.001311s ]
INFO: ShowRuntime Behavior ::run [ RunTime:0.004023s ]
INFO: [ view_filter ] --END-- [ RunTime:0.031587s ]

[2014-11-06 23:24:49] 127.0.0.1 /index.php/File/getFileList
INFO: [ route_check ] --START--
INFO: CheckRoute Behavior ::run [ RunTime:0.002252s ]
INFO: [ route_check ] --END-- [ RunTime:0.003436s ]
INFO: [ app_begin ] --START--
INFO: ReadHtmlCache Behavior ::run [ RunTime:0.002346s ]
INFO: [ app_begin ] --END-- [ RunTime:0.003248s ]
NOTIC: 建议使用I方法替代_param
SQL: SHOW COLUMNS FROM `file` [ RunTime:0.016727s ]
SQL: SELECT 
                        f.id as file_id, 
                        f.show_name as show_name,
                        f.md5 as md5,
                        f.ext as ext,
                        f.insert_date as insert_date,
                        group_concat(t.id) as tag_all_id,
                        group_concat(t.name) as tag_all_name
                    from 
                        rel as r, tag as t, file as f
                    where 
                        r.file_id=f.id and 
                        r.tag_id=t.id and
                        f.id in
                            (select f.id from file as f,rel as r where f.id=r.file_id and r.tag_id in (1,2,3,4,5,6,7,8,9,10,11,12,13,14,15,16,17,18,19))
                    group by f.id
                    order by f.sort
                     [ RunTime:0.140994s ]
INFO: [ view_parse ] --START--
INFO: ParseTemplate Behavior ::run [ RunTime:0.067283s ]
INFO: [ view_parse ] --END-- [ RunTime:0.069074s ]
INFO: [ view_filter ] --START--
INFO: ContentReplace Behavior ::run [ RunTime:0.004955s ]
INFO: TokenBuild Behavior ::run [ RunTime:0.002893s ]
INFO: WriteHtmlCache Behavior ::run [ RunTime:0.001536s ]
INFO: ShowRuntime Behavior ::run [ RunTime:0.004606s ]
INFO: [ view_filter ] --END-- [ RunTime:0.017648s ]

[2014-11-06 23:26:58] 127.0.0.1 /index.php/File/index/fetch/1
INFO: [ route_check ] --START--
INFO: CheckRoute Behavior ::run [ RunTime:0.002470s ]
INFO: [ route_check ] --END-- [ RunTime:0.003669s ]
INFO: [ app_begin ] --START--
INFO: ReadHtmlCache Behavior ::run [ RunTime:0.002678s ]
INFO: [ app_begin ] --END-- [ RunTime:0.006302s ]
NOTIC: 建议使用I方法替代_param
SQL: SHOW COLUMNS FROM `file` [ RunTime:0.006380s ]
SQL: SHOW COLUMNS FROM `tag` [ RunTime:0.003278s ]
SQL: SELECT * FROM `tag` WHERE ( `type` = 'inner' )  [ RunTime:0.001882s ]
SQL: SELECT * FROM `tag` WHERE ( `type` = 'normal' )  [ RunTime:0.001560s ]
INFO: [ view_begin ] --START--
INFO: AutoLoadRes Behavior ::run [ RunTime:0.002791s ]
INFO: [ view_begin ] --END-- [ RunTime:0.004189s ]
INFO: [ view_parse ] --START--
NOTIC: [2] file_get_contents(./protected/app/Tpl/layout/var.html): failed to open stream: No such file or directory E:\workspace\www\zndl\protected\ThinkPHP\Lib\Template\ThinkTemplate.class.php 第 702 行.
NOTIC: [8] Undefined variable: fileList E:\workspace\www\zndl\protected\Runtime\Cache\96d0aac83086edf263e1babce306752a.php 第 76 行.
INFO: ParseTemplate Behavior ::run [ RunTime:0.178548s ]
INFO: [ view_parse ] --END-- [ RunTime:0.179733s ]
INFO: [ view_filter ] --START--
INFO: ContentReplace Behavior ::run [ RunTime:0.003663s ]
INFO: TokenBuild Behavior ::run [ RunTime:0.003080s ]
INFO: WriteHtmlCache Behavior ::run [ RunTime:0.001555s ]
INFO: ShowRuntime Behavior ::run [ RunTime:0.005368s ]
INFO: [ view_filter ] --END-- [ RunTime:0.027170s ]
INFO: [ view_end ] --START--
INFO: ShowPageTrace Behavior ::run [ RunTime:0.002506s ]
INFO: [ view_end ] --END-- [ RunTime:0.004017s ]

[2014-11-06 23:27:02] 127.0.0.1 /index.php/File/getFileList
INFO: [ route_check ] --START--
INFO: CheckRoute Behavior ::run [ RunTime:0.002378s ]
INFO: [ route_check ] --END-- [ RunTime:0.003544s ]
INFO: [ app_begin ] --START--
INFO: ReadHtmlCache Behavior ::run [ RunTime:0.002533s ]
INFO: [ app_begin ] --END-- [ RunTime:0.003522s ]
NOTIC: 建议使用I方法替代_param
SQL: SHOW COLUMNS FROM `file` [ RunTime:0.003541s ]
SQL: SELECT 
                        f.id as file_id, 
                        f.show_name as show_name,
                        f.md5 as md5,
                        f.ext as ext,
                        f.insert_date as insert_date,
                        group_concat(t.id) as tag_all_id,
                        group_concat(t.name) as tag_all_name
                    from 
                        rel as r, tag as t, file as f
                    where 
                        r.file_id=f.id and 
                        r.tag_id=t.id and
                        f.id in
                            (select f.id from file as f,rel as r where f.id=r.file_id and r.tag_id in (1,2,3,4,5,6,7,8,9,10,11,12,13,14,15,16,17,18,19))
                    group by f.id
                    order by f.sort
                     [ RunTime:0.145346s ]
INFO: [ view_parse ] --START--
INFO: ParseTemplate Behavior ::run [ RunTime:0.080152s ]
INFO: [ view_parse ] --END-- [ RunTime:0.081264s ]
INFO: [ view_filter ] --START--
INFO: ContentReplace Behavior ::run [ RunTime:0.005411s ]
INFO: TokenBuild Behavior ::run [ RunTime:0.003054s ]
INFO: WriteHtmlCache Behavior ::run [ RunTime:0.001204s ]
INFO: ShowRuntime Behavior ::run [ RunTime:0.004152s ]
INFO: [ view_filter ] --END-- [ RunTime:0.017323s ]

[2014-11-06 23:28:35] 127.0.0.1 /index.php/File/getFileList
INFO: [ route_check ] --START--
INFO: CheckRoute Behavior ::run [ RunTime:0.006465s ]
INFO: [ route_check ] --END-- [ RunTime:0.008053s ]
INFO: [ app_begin ] --START--
INFO: ReadHtmlCache Behavior ::run [ RunTime:0.002396s ]
INFO: [ app_begin ] --END-- [ RunTime:0.003357s ]
NOTIC: 建议使用I方法替代_param
SQL: SHOW COLUMNS FROM `file` [ RunTime:0.012960s ]
SQL: SELECT 
                        f.id as file_id, 
                        f.show_name as show_name,
                        f.md5 as md5,
                        f.ext as ext,
                        f.insert_date as insert_date,
                        group_concat(t.id) as tag_all_id,
                        group_concat(t.name) as tag_all_name
                    from 
                        rel as r, tag as t, file as f
                    where 
                        r.file_id=f.id and 
                        r.tag_id=t.id and
                        f.id in
                            (select f.id from file as f,rel as r where f.id=r.file_id and r.tag_id in (1,2,3,4,5,6,7,8,9,10,11,12,13,14,15,16,17,18,19))
                    group by f.id
                    order by f.sort
                     [ RunTime:0.138223s ]
INFO: [ view_parse ] --START--
INFO: ParseTemplate Behavior ::run [ RunTime:0.074491s ]
INFO: [ view_parse ] --END-- [ RunTime:0.079952s ]
INFO: [ view_filter ] --START--
INFO: ContentReplace Behavior ::run [ RunTime:0.005867s ]
INFO: TokenBuild Behavior ::run [ RunTime:0.003288s ]
INFO: WriteHtmlCache Behavior ::run [ RunTime:0.001109s ]
INFO: ShowRuntime Behavior ::run [ RunTime:0.004119s ]
INFO: [ view_filter ] --END-- [ RunTime:0.028073s ]

[2014-11-06 23:28:49] 127.0.0.1 /index.php/File/getFileList
INFO: [ route_check ] --START--
INFO: CheckRoute Behavior ::run [ RunTime:0.002212s ]
INFO: [ route_check ] --END-- [ RunTime:0.003336s ]
INFO: [ app_begin ] --START--
INFO: ReadHtmlCache Behavior ::run [ RunTime:0.002581s ]
INFO: [ app_begin ] --END-- [ RunTime:0.003587s ]
NOTIC: 建议使用I方法替代_param
SQL: SHOW COLUMNS FROM `file` [ RunTime:0.037741s ]
SQL: SELECT 
                        f.id as file_id, 
                        f.show_name as show_name,
                        f.md5 as md5,
                        f.ext as ext,
                        f.insert_date as insert_date,
                        group_concat(t.id) as tag_all_id,
                        group_concat(t.name) as tag_all_name
                    from 
                        rel as r, tag as t, file as f
                    where 
                        r.file_id=f.id and 
                        r.tag_id=t.id and
                        f.id in
                            (select f.id from file as f,rel as r where f.id=r.file_id and r.tag_id in (1,2,3,4,5,6,7,8,9,10,11,12,13,14,15,16,17,18,19))
                    group by f.id
                    order by f.sort
                     [ RunTime:0.144724s ]
INFO: [ view_parse ] --START--
INFO: ParseTemplate Behavior ::run [ RunTime:0.187417s ]
INFO: [ view_parse ] --END-- [ RunTime:0.188471s ]
INFO: [ view_filter ] --START--
INFO: ContentReplace Behavior ::run [ RunTime:0.005935s ]
INFO: TokenBuild Behavior ::run [ RunTime:0.002716s ]
INFO: WriteHtmlCache Behavior ::run [ RunTime:0.001387s ]
INFO: ShowRuntime Behavior ::run [ RunTime:0.004049s ]
INFO: [ view_filter ] --END-- [ RunTime:0.017585s ]

[2014-11-06 23:28:59] 127.0.0.1 /index.php/File/getFileList
INFO: [ route_check ] --START--
INFO: CheckRoute Behavior ::run [ RunTime:0.002340s ]
INFO: [ route_check ] --END-- [ RunTime:0.003595s ]
INFO: [ app_begin ] --START--
INFO: ReadHtmlCache Behavior ::run [ RunTime:0.002404s ]
INFO: [ app_begin ] --END-- [ RunTime:0.003281s ]
NOTIC: 建议使用I方法替代_param
SQL: SHOW COLUMNS FROM `file` [ RunTime:0.003349s ]
SQL: SELECT 
                        f.id as file_id, 
                        f.show_name as show_name,
                        f.md5 as md5,
                        f.ext as ext,
                        f.insert_date as insert_date,
                        group_concat(t.id) as tag_all_id,
                        group_concat(t.name) as tag_all_name
                    from 
                        rel as r, tag as t, file as f
                    where 
                        r.file_id=f.id and 
                        r.tag_id=t.id and
                        f.id in
                            (select f.id from file as f,rel as r where f.id=r.file_id and r.tag_id in (1,2,3,4,5,6,7,8,9,10,11,12,13,14,15,16,17,18,19))
                    group by f.id
                    order by f.sort
                     [ RunTime:0.138860s ]
INFO: [ view_parse ] --START--
INFO: ParseTemplate Behavior ::run [ RunTime:0.097678s ]
INFO: [ view_parse ] --END-- [ RunTime:0.098712s ]
INFO: [ view_filter ] --START--
INFO: ContentReplace Behavior ::run [ RunTime:0.006247s ]
INFO: TokenBuild Behavior ::run [ RunTime:0.002631s ]
INFO: WriteHtmlCache Behavior ::run [ RunTime:0.001111s ]
INFO: ShowRuntime Behavior ::run [ RunTime:0.010166s ]
INFO: [ view_filter ] --END-- [ RunTime:0.023598s ]

[2014-11-06 23:29:01] 127.0.0.1 /index.php/File/getFileList
INFO: [ route_check ] --START--
INFO: CheckRoute Behavior ::run [ RunTime:0.002472s ]
INFO: [ route_check ] --END-- [ RunTime:0.003681s ]
INFO: [ app_begin ] --START--
INFO: ReadHtmlCache Behavior ::run [ RunTime:0.002292s ]
INFO: [ app_begin ] --END-- [ RunTime:0.003209s ]
NOTIC: 建议使用I方法替代_param
SQL: SHOW COLUMNS FROM `file` [ RunTime:0.041224s ]
SQL: SELECT 
                        f.id as file_id, 
                        f.show_name as show_name,
                        f.md5 as md5,
                        f.ext as ext,
                        f.insert_date as insert_date,
                        group_concat(t.id) as tag_all_id,
                        group_concat(t.name) as tag_all_name
                    from 
                        rel as r, tag as t, file as f
                    where 
                        r.file_id=f.id and 
                        r.tag_id=t.id and
                        f.id in
                            (select f.id from file as f,rel as r where f.id=r.file_id and r.tag_id in (1,2,3,4,5,6,7,8,9,10,11,12,13,14,15,16,17,18,19))
                    group by f.id
                    order by f.sort
                     [ RunTime:0.135978s ]
INFO: [ view_parse ] --START--
INFO: ParseTemplate Behavior ::run [ RunTime:0.059041s ]
INFO: [ view_parse ] --END-- [ RunTime:0.060020s ]
INFO: [ view_filter ] --START--
INFO: ContentReplace Behavior ::run [ RunTime:0.005513s ]
INFO: TokenBuild Behavior ::run [ RunTime:0.002782s ]
INFO: WriteHtmlCache Behavior ::run [ RunTime:0.001108s ]
INFO: ShowRuntime Behavior ::run [ RunTime:0.004200s ]
INFO: [ view_filter ] --END-- [ RunTime:0.016944s ]

[2014-11-06 23:29:02] 127.0.0.1 /index.php/File/getFileList
INFO: [ route_check ] --START--
INFO: CheckRoute Behavior ::run [ RunTime:0.002497s ]
INFO: [ route_check ] --END-- [ RunTime:0.004184s ]
INFO: [ app_begin ] --START--
INFO: ReadHtmlCache Behavior ::run [ RunTime:0.002631s ]
INFO: [ app_begin ] --END-- [ RunTime:0.003696s ]
NOTIC: 建议使用I方法替代_param
SQL: SHOW COLUMNS FROM `file` [ RunTime:0.004871s ]
SQL: SELECT 
                        f.id as file_id, 
                        f.show_name as show_name,
                        f.md5 as md5,
                        f.ext as ext,
                        f.insert_date as insert_date,
                        group_concat(t.id) as tag_all_id,
                        group_concat(t.name) as tag_all_name
                    from 
                        rel as r, tag as t, file as f
                    where 
                        r.file_id=f.id and 
                        r.tag_id=t.id and
                        f.id in
                            (select f.id from file as f,rel as r where f.id=r.file_id and r.tag_id in (1))
                    group by f.id
                    order by f.sort
                     [ RunTime:0.175049s ]
INFO: [ view_parse ] --START--
INFO: ParseTemplate Behavior ::run [ RunTime:0.061102s ]
INFO: [ view_parse ] --END-- [ RunTime:0.062288s ]
INFO: [ view_filter ] --START--
INFO: ContentReplace Behavior ::run [ RunTime:0.002678s ]
INFO: TokenBuild Behavior ::run [ RunTime:0.002685s ]
INFO: WriteHtmlCache Behavior ::run [ RunTime:0.001588s ]
INFO: ShowRuntime Behavior ::run [ RunTime:0.004032s ]
INFO: [ view_filter ] --END-- [ RunTime:0.014394s ]

[2014-11-06 23:29:04] 127.0.0.1 /index.php/File/getFileList
INFO: [ route_check ] --START--
INFO: CheckRoute Behavior ::run [ RunTime:0.002278s ]
INFO: [ route_check ] --END-- [ RunTime:0.003475s ]
INFO: [ app_begin ] --START--
INFO: ReadHtmlCache Behavior ::run [ RunTime:0.002982s ]
INFO: [ app_begin ] --END-- [ RunTime:0.003963s ]
NOTIC: 建议使用I方法替代_param
SQL: SHOW COLUMNS FROM `file` [ RunTime:0.009961s ]
SQL: SELECT 
                        f.id as file_id, 
                        f.show_name as show_name,
                        f.md5 as md5,
                        f.ext as ext,
                        f.insert_date as insert_date,
                        group_concat(t.id) as tag_all_id,
                        group_concat(t.name) as tag_all_name
                    from 
                        rel as r, tag as t, file as f
                    where 
                        r.file_id=f.id and 
                        r.tag_id=t.id and
                        f.id in
                            (select f.id from file as f,rel as r where f.id=r.file_id and r.tag_id in (2,3,4,5,6,7,8,9,10,11,12,13,14,15,16,17,18,19))
                    group by f.id
                    order by f.sort
                     [ RunTime:0.166806s ]
INFO: [ view_parse ] --START--
INFO: ParseTemplate Behavior ::run [ RunTime:0.074545s ]
INFO: [ view_parse ] --END-- [ RunTime:0.075540s ]
INFO: [ view_filter ] --START--
INFO: ContentReplace Behavior ::run [ RunTime:0.004788s ]
INFO: TokenBuild Behavior ::run [ RunTime:0.002620s ]
INFO: WriteHtmlCache Behavior ::run [ RunTime:0.001182s ]
INFO: ShowRuntime Behavior ::run [ RunTime:0.003767s ]
INFO: [ view_filter ] --END-- [ RunTime:0.015040s ]

[2014-11-06 23:29:06] 127.0.0.1 /index.php/File/getFileList
INFO: [ route_check ] --START--
INFO: CheckRoute Behavior ::run [ RunTime:0.002624s ]
INFO: [ route_check ] --END-- [ RunTime:0.003799s ]
INFO: [ app_begin ] --START--
INFO: ReadHtmlCache Behavior ::run [ RunTime:0.002345s ]
INFO: [ app_begin ] --END-- [ RunTime:0.003209s ]
NOTIC: 建议使用I方法替代_param
SQL: SHOW COLUMNS FROM `file` [ RunTime:0.003555s ]
SQL: SELECT 
                        f.id as file_id, 
                        f.show_name as show_name,
                        f.md5 as md5,
                        f.ext as ext,
                        f.insert_date as insert_date,
                        group_concat(t.id) as tag_all_id,
                        group_concat(t.name) as tag_all_name
                    from 
                        rel as r, tag as t, file as f
                    where 
                        r.file_id=f.id and 
                        r.tag_id=t.id and
                        f.id in
                            (select f.id from file as f,rel as r where f.id=r.file_id and r.tag_id in (1,2,3,4,5,6,7,8,9,10,11,12,13,14,15,16,17,18,19))
                    group by f.id
                    order by f.sort
                     [ RunTime:0.159103s ]
INFO: [ view_parse ] --START--
INFO: ParseTemplate Behavior ::run [ RunTime:0.063523s ]
INFO: [ view_parse ] --END-- [ RunTime:0.064578s ]
INFO: [ view_filter ] --START--
INFO: ContentReplace Behavior ::run [ RunTime:0.005738s ]
INFO: TokenBuild Behavior ::run [ RunTime:0.002766s ]
INFO: WriteHtmlCache Behavior ::run [ RunTime:0.001112s ]
INFO: ShowRuntime Behavior ::run [ RunTime:0.003983s ]
INFO: [ view_filter ] --END-- [ RunTime:0.016491s ]

[2014-11-06 23:29:17] 127.0.0.1 /index.php/File/getFileList
INFO: [ route_check ] --START--
INFO: CheckRoute Behavior ::run [ RunTime:0.002270s ]
INFO: [ route_check ] --END-- [ RunTime:0.003724s ]
INFO: [ app_begin ] --START--
INFO: ReadHtmlCache Behavior ::run [ RunTime:0.002440s ]
INFO: [ app_begin ] --END-- [ RunTime:0.003338s ]
NOTIC: 建议使用I方法替代_param
SQL: SHOW COLUMNS FROM `file` [ RunTime:0.009842s ]
SQL: SELECT 
                        f.id as file_id, 
                        f.show_name as show_name,
                        f.md5 as md5,
                        f.ext as ext,
                        f.insert_date as insert_date,
                        group_concat(t.id) as tag_all_id,
                        group_concat(t.name) as tag_all_name
                    from 
                        rel as r, tag as t, file as f
                    where 
                        r.file_id=f.id and 
                        r.tag_id=t.id and
                        f.id in
                            (select f.id from file as f,rel as r where f.id=r.file_id and r.tag_id in (1,2,3,4,5,6,7,8,9,10,11,12,13,14,15,16,17,18,19))
                    group by f.id
                    order by f.sort
                     [ RunTime:0.137898s ]
INFO: [ view_parse ] --START--
INFO: ParseTemplate Behavior ::run [ RunTime:0.061852s ]
INFO: [ view_parse ] --END-- [ RunTime:0.063183s ]
INFO: [ view_filter ] --START--
INFO: ContentReplace Behavior ::run [ RunTime:0.005393s ]
INFO: TokenBuild Behavior ::run [ RunTime:0.002758s ]
INFO: WriteHtmlCache Behavior ::run [ RunTime:0.001173s ]
INFO: ShowRuntime Behavior ::run [ RunTime:0.017623s ]
INFO: [ view_filter ] --END-- [ RunTime:0.030904s ]

[2014-11-06 23:29:29] 127.0.0.1 /index.php/File/getFileList
INFO: [ route_check ] --START--
INFO: CheckRoute Behavior ::run [ RunTime:0.002862s ]
INFO: [ route_check ] --END-- [ RunTime:0.004299s ]
INFO: [ app_begin ] --START--
INFO: ReadHtmlCache Behavior ::run [ RunTime:0.002630s ]
INFO: [ app_begin ] --END-- [ RunTime:0.003532s ]
NOTIC: 建议使用I方法替代_param
SQL: SHOW COLUMNS FROM `file` [ RunTime:0.015607s ]
SQL: SELECT 
                        f.id as file_id, 
                        f.show_name as show_name,
                        f.md5 as md5,
                        f.ext as ext,
                        f.insert_date as insert_date,
                        group_concat(t.id) as tag_all_id,
                        group_concat(t.name) as tag_all_name
                    from 
                        rel as r, tag as t, file as f
                    where 
                        r.file_id=f.id and 
                        r.tag_id=t.id and
                        f.id in
                            (select f.id from file as f,rel as r where f.id=r.file_id and r.tag_id in (1,2,3,4,5,6,7,8,9,10,11,12,13,14,15,16,17,18,19))
                    group by f.id
                    order by f.sort
                     [ RunTime:0.138983s ]
INFO: [ view_parse ] --START--
INFO: ParseTemplate Behavior ::run [ RunTime:0.062106s ]
INFO: [ view_parse ] --END-- [ RunTime:0.063200s ]
INFO: [ view_filter ] --START--
INFO: ContentReplace Behavior ::run [ RunTime:0.005505s ]
INFO: TokenBuild Behavior ::run [ RunTime:0.002966s ]
INFO: WriteHtmlCache Behavior ::run [ RunTime:0.001241s ]
INFO: ShowRuntime Behavior ::run [ RunTime:0.004145s ]
INFO: [ view_filter ] --END-- [ RunTime:0.016957s ]

[2014-11-06 23:29:30] 127.0.0.1 /index.php/File/getFileList
INFO: [ route_check ] --START--
INFO: CheckRoute Behavior ::run [ RunTime:0.002181s ]
INFO: [ route_check ] --END-- [ RunTime:0.003307s ]
INFO: [ app_begin ] --START--
INFO: ReadHtmlCache Behavior ::run [ RunTime:0.002451s ]
INFO: [ app_begin ] --END-- [ RunTime:0.003304s ]
NOTIC: 建议使用I方法替代_param
SQL: SHOW COLUMNS FROM `file` [ RunTime:0.011200s ]
SQL: SELECT 
                        f.id as file_id, 
                        f.show_name as show_name,
                        f.md5 as md5,
                        f.ext as ext,
                        f.insert_date as insert_date,
                        group_concat(t.id) as tag_all_id,
                        group_concat(t.name) as tag_all_name
                    from 
                        rel as r, tag as t, file as f
                    where 
                        r.file_id=f.id and 
                        r.tag_id=t.id and
                        f.id in
                            (select f.id from file as f,rel as r where f.id=r.file_id and r.tag_id in (1,2,3,4,5,6,7,8,9,10,11,12,13,14,15,16,17,18,19))
                    group by f.id
                    order by f.sort
                     [ RunTime:0.132664s ]
INFO: [ view_parse ] --START--
INFO: ParseTemplate Behavior ::run [ RunTime:0.117327s ]
INFO: [ view_parse ] --END-- [ RunTime:0.118475s ]
INFO: [ view_filter ] --START--
INFO: ContentReplace Behavior ::run [ RunTime:0.005545s ]
INFO: TokenBuild Behavior ::run [ RunTime:0.002740s ]
INFO: WriteHtmlCache Behavior ::run [ RunTime:0.001121s ]
INFO: ShowRuntime Behavior ::run [ RunTime:0.003837s ]
INFO: [ view_filter ] --END-- [ RunTime:0.015935s ]

[2014-11-06 23:29:31] 127.0.0.1 /index.php/File/getFileList
INFO: [ route_check ] --START--
INFO: CheckRoute Behavior ::run [ RunTime:0.003473s ]
INFO: [ route_check ] --END-- [ RunTime:0.004835s ]
INFO: [ app_begin ] --START--
INFO: ReadHtmlCache Behavior ::run [ RunTime:0.003561s ]
INFO: [ app_begin ] --END-- [ RunTime:0.004552s ]
NOTIC: 建议使用I方法替代_param
SQL: SHOW COLUMNS FROM `file` [ RunTime:0.003660s ]
SQL: SELECT 
                        f.id as file_id, 
                        f.show_name as show_name,
                        f.md5 as md5,
                        f.ext as ext,
                        f.insert_date as insert_date,
                        group_concat(t.id) as tag_all_id,
                        group_concat(t.name) as tag_all_name
                    from 
                        rel as r, tag as t, file as f
                    where 
                        r.file_id=f.id and 
                        r.tag_id=t.id and
                        f.id in
                            (select f.id from file as f,rel as r where f.id=r.file_id and r.tag_id in (1,2,3,4,5,6,7,8,9,10,11,12,13,14,15,16,17,18,19))
                    group by f.id
                    order by f.sort
                     [ RunTime:0.156616s ]
INFO: [ view_parse ] --START--
INFO: ParseTemplate Behavior ::run [ RunTime:0.066419s ]
INFO: [ view_parse ] --END-- [ RunTime:0.067357s ]
INFO: [ view_filter ] --START--
INFO: ContentReplace Behavior ::run [ RunTime:0.007336s ]
INFO: TokenBuild Behavior ::run [ RunTime:0.002927s ]
INFO: WriteHtmlCache Behavior ::run [ RunTime:0.001474s ]
INFO: ShowRuntime Behavior ::run [ RunTime:0.004753s ]
INFO: [ view_filter ] --END-- [ RunTime:0.019323s ]

[2014-11-06 23:29:31] 127.0.0.1 /index.php/File/getFileList
INFO: [ route_check ] --START--
INFO: CheckRoute Behavior ::run [ RunTime:0.002879s ]
INFO: [ route_check ] --END-- [ RunTime:0.005359s ]
INFO: [ app_begin ] --START--
INFO: ReadHtmlCache Behavior ::run [ RunTime:0.002783s ]
INFO: [ app_begin ] --END-- [ RunTime:0.004409s ]
NOTIC: 建议使用I方法替代_param
SQL: SHOW COLUMNS FROM `file` [ RunTime:0.018001s ]
SQL: SELECT 
                        f.id as file_id, 
                        f.show_name as show_name,
                        f.md5 as md5,
                        f.ext as ext,
                        f.insert_date as insert_date,
                        group_concat(t.id) as tag_all_id,
                        group_concat(t.name) as tag_all_name
                    from 
                        rel as r, tag as t, file as f
                    where 
                        r.file_id=f.id and 
                        r.tag_id=t.id and
                        f.id in
                            (select f.id from file as f,rel as r where f.id=r.file_id and r.tag_id in (1,2,3,4,5,6,7,8,9,10,11,12,13,14,15,16,17,18,19))
                    group by f.id
                    order by f.sort
                     [ RunTime:0.168090s ]
INFO: [ view_parse ] --START--
INFO: ParseTemplate Behavior ::run [ RunTime:0.064479s ]
INFO: [ view_parse ] --END-- [ RunTime:0.065437s ]
INFO: [ view_filter ] --START--
INFO: ContentReplace Behavior ::run [ RunTime:0.005248s ]
INFO: TokenBuild Behavior ::run [ RunTime:0.013057s ]
INFO: WriteHtmlCache Behavior ::run [ RunTime:0.003036s ]
INFO: ShowRuntime Behavior ::run [ RunTime:0.004542s ]
INFO: [ view_filter ] --END-- [ RunTime:0.029283s ]

[2014-11-06 23:29:32] 127.0.0.1 /index.php/File/getFileList
INFO: [ route_check ] --START--
INFO: CheckRoute Behavior ::run [ RunTime:0.002317s ]
INFO: [ route_check ] --END-- [ RunTime:0.004090s ]
INFO: [ app_begin ] --START--
INFO: ReadHtmlCache Behavior ::run [ RunTime:0.002702s ]
INFO: [ app_begin ] --END-- [ RunTime:0.003667s ]
NOTIC: 建议使用I方法替代_param
SQL: SHOW COLUMNS FROM `file` [ RunTime:0.014242s ]
SQL: SELECT 
                        f.id as file_id, 
                        f.show_name as show_name,
                        f.md5 as md5,
                        f.ext as ext,
                        f.insert_date as insert_date,
                        group_concat(t.id) as tag_all_id,
                        group_concat(t.name) as tag_all_name
                    from 
                        rel as r, tag as t, file as f
                    where 
                        r.file_id=f.id and 
                        r.tag_id=t.id and
                        f.id in
                            (select f.id from file as f,rel as r where f.id=r.file_id and r.tag_id in (1,2,3,4,5,6,7,8,9,10,11,12,13,14,15,16,17,18,19))
                    group by f.id
                    order by f.sort
                     [ RunTime:0.172660s ]
INFO: [ view_parse ] --START--
INFO: ParseTemplate Behavior ::run [ RunTime:0.079131s ]
INFO: [ view_parse ] --END-- [ RunTime:0.080111s ]
INFO: [ view_filter ] --START--
INFO: ContentReplace Behavior ::run [ RunTime:0.005384s ]
INFO: TokenBuild Behavior ::run [ RunTime:0.003000s ]
INFO: WriteHtmlCache Behavior ::run [ RunTime:0.001739s ]
INFO: ShowRuntime Behavior ::run [ RunTime:0.005739s ]
INFO: [ view_filter ] --END-- [ RunTime:0.020233s ]

[2014-11-06 23:30:10] 127.0.0.1 /index.php/File/getFileList
INFO: [ route_check ] --START--
INFO: CheckRoute Behavior ::run [ RunTime:0.003044s ]
INFO: [ route_check ] --END-- [ RunTime:0.004278s ]
INFO: [ app_begin ] --START--
INFO: ReadHtmlCache Behavior ::run [ RunTime:0.002970s ]
INFO: [ app_begin ] --END-- [ RunTime:0.004036s ]
NOTIC: 建议使用I方法替代_param
SQL: SHOW COLUMNS FROM `file` [ RunTime:0.005109s ]
SQL: SELECT 
                        f.id as file_id, 
                        f.show_name as show_name,
                        f.md5 as md5,
                        f.ext as ext,
                        f.insert_date as insert_date,
                        group_concat(t.id) as tag_all_id,
                        group_concat(t.name) as tag_all_name
                    from 
                        rel as r, tag as t, file as f
                    where 
                        r.file_id=f.id and 
                        r.tag_id=t.id and
                        f.id in
                            (select f.id from file as f,rel as r where f.id=r.file_id and r.tag_id in (1,2,3,4,5,6,7,8,9,10,11,12,13,14,15,16,17,18,19))
                    group by f.id
                    order by f.sort
                     [ RunTime:0.138180s ]
INFO: [ view_parse ] --START--
INFO: ParseTemplate Behavior ::run [ RunTime:0.091477s ]
INFO: [ view_parse ] --END-- [ RunTime:0.092862s ]
INFO: [ view_filter ] --START--
INFO: ContentReplace Behavior ::run [ RunTime:0.005431s ]
INFO: TokenBuild Behavior ::run [ RunTime:0.002885s ]
INFO: WriteHtmlCache Behavior ::run [ RunTime:0.001135s ]
INFO: ShowRuntime Behavior ::run [ RunTime:0.019114s ]
INFO: [ view_filter ] --END-- [ RunTime:0.031713s ]

[2014-11-06 23:30:42] 127.0.0.1 /index.php/File/getFileList
INFO: [ route_check ] --START--
INFO: CheckRoute Behavior ::run [ RunTime:0.002337s ]
INFO: [ route_check ] --END-- [ RunTime:0.003614s ]
INFO: [ app_begin ] --START--
INFO: ReadHtmlCache Behavior ::run [ RunTime:0.002986s ]
INFO: [ app_begin ] --END-- [ RunTime:0.004002s ]
NOTIC: 建议使用I方法替代_param
SQL: SHOW COLUMNS FROM `file` [ RunTime:0.003582s ]
SQL: SELECT 
                        f.id as file_id, 
                        f.show_name as show_name,
                        f.md5 as md5,
                        f.ext as ext,
                        f.insert_date as insert_date,
                        group_concat(t.id) as tag_all_id,
                        group_concat(t.name) as tag_all_name
                    from 
                        rel as r, tag as t, file as f
                    where 
                        r.file_id=f.id and 
                        r.tag_id=t.id and
                        f.id in
                            (select f.id from file as f,rel as r where f.id=r.file_id and r.tag_id in (1,2,3,4,5,6,7,8,9,10,11,12,13,14,15,16,17,18,19))
                    group by f.id
                    order by f.sort
                     [ RunTime:0.138940s ]
INFO: [ view_parse ] --START--
INFO: ParseTemplate Behavior ::run [ RunTime:0.063232s ]
INFO: [ view_parse ] --END-- [ RunTime:0.064566s ]
INFO: [ view_filter ] --START--
INFO: ContentReplace Behavior ::run [ RunTime:0.005810s ]
INFO: TokenBuild Behavior ::run [ RunTime:0.032353s ]
INFO: WriteHtmlCache Behavior ::run [ RunTime:0.001846s ]
INFO: ShowRuntime Behavior ::run [ RunTime:0.004837s ]
INFO: [ view_filter ] --END-- [ RunTime:0.048417s ]

[2014-11-06 23:31:04] 127.0.0.1 /index.php/File/getFileList
INFO: [ route_check ] --START--
INFO: CheckRoute Behavior ::run [ RunTime:0.002538s ]
INFO: [ route_check ] --END-- [ RunTime:0.003793s ]
INFO: [ app_begin ] --START--
INFO: ReadHtmlCache Behavior ::run [ RunTime:0.002525s ]
INFO: [ app_begin ] --END-- [ RunTime:0.003465s ]
NOTIC: 建议使用I方法替代_param
SQL: SHOW COLUMNS FROM `file` [ RunTime:0.003990s ]
SQL: SELECT 
                        f.id as file_id, 
                        f.show_name as show_name,
                        f.md5 as md5,
                        f.ext as ext,
                        f.insert_date as insert_date,
                        group_concat(t.id) as tag_all_id,
                        group_concat(t.name) as tag_all_name
                    from 
                        rel as r, tag as t, file as f
                    where 
                        r.file_id=f.id and 
                        r.tag_id=t.id and
                        f.id in
                            (select f.id from file as f,rel as r where f.id=r.file_id and r.tag_id in (1,2,3,4,5,6,7,8,9,10,11,12,13,14,15,16,17,18,19))
                    group by f.id
                    order by f.sort
                     [ RunTime:0.137418s ]
INFO: [ view_parse ] --START--
INFO: ParseTemplate Behavior ::run [ RunTime:0.063739s ]
INFO: [ view_parse ] --END-- [ RunTime:0.064939s ]
INFO: [ view_filter ] --START--
INFO: ContentReplace Behavior ::run [ RunTime:0.005197s ]
INFO: TokenBuild Behavior ::run [ RunTime:0.002784s ]
INFO: WriteHtmlCache Behavior ::run [ RunTime:0.001152s ]
INFO: ShowRuntime Behavior ::run [ RunTime:0.010264s ]
INFO: [ view_filter ] --END-- [ RunTime:0.022552s ]

[2014-11-06 23:31:49] 127.0.0.1 /index.php/File/getFileList
INFO: [ route_check ] --START--
INFO: CheckRoute Behavior ::run [ RunTime:0.002123s ]
INFO: [ route_check ] --END-- [ RunTime:0.003288s ]
INFO: [ app_begin ] --START--
INFO: ReadHtmlCache Behavior ::run [ RunTime:0.002371s ]
INFO: [ app_begin ] --END-- [ RunTime:0.003360s ]
NOTIC: 建议使用I方法替代_param
SQL: SHOW COLUMNS FROM `file` [ RunTime:0.005126s ]
SQL: SELECT 
                        f.id as file_id, 
                        f.show_name as show_name,
                        f.md5 as md5,
                        f.ext as ext,
                        f.insert_date as insert_date,
                        group_concat(t.id) as tag_all_id,
                        group_concat(t.name) as tag_all_name
                    from 
                        rel as r, tag as t, file as f
                    where 
                        r.file_id=f.id and 
                        r.tag_id=t.id and
                        f.id in
                            (select f.id from file as f,rel as r where f.id=r.file_id and r.tag_id in (1,2,3,4,5,6,7,8,9,10,11,12,13,14,15,16,17,18,19))
                    group by f.id
                    order by f.sort
                     [ RunTime:0.144581s ]
INFO: [ view_parse ] --START--
INFO: ParseTemplate Behavior ::run [ RunTime:0.074899s ]
INFO: [ view_parse ] --END-- [ RunTime:0.076965s ]
INFO: [ view_filter ] --START--
INFO: ContentReplace Behavior ::run [ RunTime:0.006094s ]
INFO: TokenBuild Behavior ::run [ RunTime:0.004022s ]
INFO: WriteHtmlCache Behavior ::run [ RunTime:0.001223s ]
INFO: ShowRuntime Behavior ::run [ RunTime:0.004197s ]
INFO: [ view_filter ] --END-- [ RunTime:0.018923s ]

[2014-11-06 23:32:17] 127.0.0.1 /index.php/File/getFileList
INFO: [ route_check ] --START--
INFO: CheckRoute Behavior ::run [ RunTime:0.002266s ]
INFO: [ route_check ] --END-- [ RunTime:0.003541s ]
INFO: [ app_begin ] --START--
INFO: ReadHtmlCache Behavior ::run [ RunTime:0.002579s ]
INFO: [ app_begin ] --END-- [ RunTime:0.003804s ]
NOTIC: 建议使用I方法替代_param
SQL: SHOW COLUMNS FROM `file` [ RunTime:0.003314s ]
SQL: SELECT 
                        f.id as file_id, 
                        f.show_name as show_name,
                        f.md5 as md5,
                        f.ext as ext,
                        f.insert_date as insert_date,
                        group_concat(t.id) as tag_all_id,
                        group_concat(t.name) as tag_all_name
                    from 
                        rel as r, tag as t, file as f
                    where 
                        r.file_id=f.id and 
                        r.tag_id=t.id and
                        f.id in
                            (select f.id from file as f,rel as r where f.id=r.file_id and r.tag_id in (1,2,3,4,5,6,7,8,9,10,11,12,13,14,15,16,17,18,19))
                    group by f.id
                    order by f.sort
                     [ RunTime:0.139645s ]
INFO: [ view_parse ] --START--
INFO: ParseTemplate Behavior ::run [ RunTime:0.069034s ]
INFO: [ view_parse ] --END-- [ RunTime:0.070155s ]
INFO: [ view_filter ] --START--
INFO: ContentReplace Behavior ::run [ RunTime:0.007514s ]
INFO: TokenBuild Behavior ::run [ RunTime:0.003265s ]
INFO: WriteHtmlCache Behavior ::run [ RunTime:0.001235s ]
INFO: ShowRuntime Behavior ::run [ RunTime:0.014291s ]
INFO: [ view_filter ] --END-- [ RunTime:0.029647s ]

[2014-11-06 23:32:30] 127.0.0.1 /index.php/File/getFileList
INFO: [ route_check ] --START--
INFO: CheckRoute Behavior ::run [ RunTime:0.002523s ]
INFO: [ route_check ] --END-- [ RunTime:0.003806s ]
INFO: [ app_begin ] --START--
INFO: ReadHtmlCache Behavior ::run [ RunTime:0.002767s ]
INFO: [ app_begin ] --END-- [ RunTime:0.003723s ]
NOTIC: 建议使用I方法替代_param
SQL: SHOW COLUMNS FROM `file` [ RunTime:0.026455s ]
SQL: SELECT 
                        f.id as file_id, 
                        f.show_name as show_name,
                        f.md5 as md5,
                        f.ext as ext,
                        f.insert_date as insert_date,
                        group_concat(t.id) as tag_all_id,
                        group_concat(t.name) as tag_all_name
                    from 
                        rel as r, tag as t, file as f
                    where 
                        r.file_id=f.id and 
                        r.tag_id=t.id and
                        f.id in
                            (select f.id from file as f,rel as r where f.id=r.file_id and r.tag_id in (1,2,3,4,5,6,7,8,9,10,11,12,13,14,15,16,17,18,19))
                    group by f.id
                    order by f.sort
                     [ RunTime:0.139413s ]
INFO: [ view_parse ] --START--
INFO: ParseTemplate Behavior ::run [ RunTime:0.065406s ]
INFO: [ view_parse ] --END-- [ RunTime:0.067016s ]
INFO: [ view_filter ] --START--
INFO: ContentReplace Behavior ::run [ RunTime:0.005118s ]
INFO: TokenBuild Behavior ::run [ RunTime:0.002733s ]
INFO: WriteHtmlCache Behavior ::run [ RunTime:0.001142s ]
INFO: ShowRuntime Behavior ::run [ RunTime:0.006988s ]
INFO: [ view_filter ] --END-- [ RunTime:0.019359s ]

[2014-11-06 23:32:49] 127.0.0.1 /index.php/File/getFileList
INFO: [ route_check ] --START--
INFO: CheckRoute Behavior ::run [ RunTime:0.003239s ]
INFO: [ route_check ] --END-- [ RunTime:0.005143s ]
INFO: [ app_begin ] --START--
INFO: ReadHtmlCache Behavior ::run [ RunTime:0.002956s ]
INFO: [ app_begin ] --END-- [ RunTime:0.003916s ]
NOTIC: 建议使用I方法替代_param
SQL: SHOW COLUMNS FROM `file` [ RunTime:0.018569s ]
SQL: SELECT 
                        f.id as file_id, 
                        f.show_name as show_name,
                        f.md5 as md5,
                        f.ext as ext,
                        f.insert_date as insert_date,
                        group_concat(t.id) as tag_all_id,
                        group_concat(t.name) as tag_all_name
                    from 
                        rel as r, tag as t, file as f
                    where 
                        r.file_id=f.id and 
                        r.tag_id=t.id and
                        f.id in
                            (select f.id from file as f,rel as r where f.id=r.file_id and r.tag_id in (1,2,3,4,5,6,7,8,9,10,11,12,13,14,15,16,17,18,19))
                    group by f.id
                    order by f.sort
                     [ RunTime:0.138339s ]
INFO: [ view_parse ] --START--
INFO: ParseTemplate Behavior ::run [ RunTime:0.065808s ]
INFO: [ view_parse ] --END-- [ RunTime:0.066869s ]
INFO: [ view_filter ] --START--
INFO: ContentReplace Behavior ::run [ RunTime:0.005355s ]
INFO: TokenBuild Behavior ::run [ RunTime:0.003254s ]
INFO: WriteHtmlCache Behavior ::run [ RunTime:0.001522s ]
INFO: ShowRuntime Behavior ::run [ RunTime:0.004434s ]
INFO: [ view_filter ] --END-- [ RunTime:0.051849s ]

[2014-11-06 23:32:55] 127.0.0.1 /index.php/File/getFileList
INFO: [ route_check ] --START--
INFO: CheckRoute Behavior ::run [ RunTime:0.002520s ]
INFO: [ route_check ] --END-- [ RunTime:0.003882s ]
INFO: [ app_begin ] --START--
INFO: ReadHtmlCache Behavior ::run [ RunTime:0.002799s ]
INFO: [ app_begin ] --END-- [ RunTime:0.003928s ]
NOTIC: 建议使用I方法替代_param
SQL: SHOW COLUMNS FROM `file` [ RunTime:0.003852s ]
SQL: SELECT 
                        f.id as file_id, 
                        f.show_name as show_name,
                        f.md5 as md5,
                        f.ext as ext,
                        f.insert_date as insert_date,
                        group_concat(t.id) as tag_all_id,
                        group_concat(t.name) as tag_all_name
                    from 
                        rel as r, tag as t, file as f
                    where 
                        r.file_id=f.id and 
                        r.tag_id=t.id and
                        f.id in
                            (select f.id from file as f,rel as r where f.id=r.file_id and r.tag_id in (1,2,3,4,5,6,7,8,9,10,11,12,13,14,15,16,17,18,19))
                    group by f.id
                    order by f.sort
                     [ RunTime:0.159226s ]
INFO: [ view_parse ] --START--
INFO: ParseTemplate Behavior ::run [ RunTime:0.072074s ]
INFO: [ view_parse ] --END-- [ RunTime:0.073205s ]
INFO: [ view_filter ] --START--
INFO: ContentReplace Behavior ::run [ RunTime:0.005308s ]
INFO: TokenBuild Behavior ::run [ RunTime:0.002831s ]
INFO: WriteHtmlCache Behavior ::run [ RunTime:0.001116s ]
INFO: ShowRuntime Behavior ::run [ RunTime:0.004183s ]
INFO: [ view_filter ] --END-- [ RunTime:0.016322s ]

[2014-11-06 23:33:02] 127.0.0.1 /index.php/File/getFileList
INFO: [ route_check ] --START--
INFO: CheckRoute Behavior ::run [ RunTime:0.002100s ]
INFO: [ route_check ] --END-- [ RunTime:0.003234s ]
INFO: [ app_begin ] --START--
INFO: ReadHtmlCache Behavior ::run [ RunTime:0.002507s ]
INFO: [ app_begin ] --END-- [ RunTime:0.003377s ]
NOTIC: 建议使用I方法替代_param
SQL: SHOW COLUMNS FROM `file` [ RunTime:0.003258s ]
SQL: SELECT 
                        f.id as file_id, 
                        f.show_name as show_name,
                        f.md5 as md5,
                        f.ext as ext,
                        f.insert_date as insert_date,
                        group_concat(t.id) as tag_all_id,
                        group_concat(t.name) as tag_all_name
                    from 
                        rel as r, tag as t, file as f
                    where 
                        r.file_id=f.id and 
                        r.tag_id=t.id and
                        f.id in
                            (select f.id from file as f,rel as r where f.id=r.file_id and r.tag_id in (1,2,3,4,5,6,7,8,9,10,11,12,13,14,15,16,17,18,19))
                    group by f.id
                    order by f.sort
                     [ RunTime:0.159917s ]
INFO: [ view_parse ] --START--
INFO: ParseTemplate Behavior ::run [ RunTime:0.081568s ]
INFO: [ view_parse ] --END-- [ RunTime:0.082601s ]
INFO: [ view_filter ] --START--
INFO: ContentReplace Behavior ::run [ RunTime:0.005829s ]
INFO: TokenBuild Behavior ::run [ RunTime:0.002758s ]
INFO: WriteHtmlCache Behavior ::run [ RunTime:0.001324s ]
INFO: ShowRuntime Behavior ::run [ RunTime:0.006189s ]
INFO: [ view_filter ] --END-- [ RunTime:0.028345s ]

