[2014-11-20 19:54:03] 127.0.0.1 /
INFO: [ app_begin ] --START--
INFO: ReadHtmlCache Behavior ::run [ RunTime:0.003063s ]
INFO: [ app_begin ] --END-- [ RunTime:0.005061s ]
NOTIC: 建议使用I方法替代_param
NOTIC: [8] Undefined index: login E:\workspace\www\zndl\protected\app\Lib\Action\ParentAction.class.php 第 32 行.
NOTIC: 建议使用I方法替代_server
NOTIC: 建议使用I方法替代_server

[2014-11-20 19:54:05] 127.0.0.1 /
INFO: [ app_begin ] --START--
INFO: ReadHtmlCache Behavior ::run [ RunTime:0.002519s ]
INFO: [ app_begin ] --END-- [ RunTime:0.003706s ]
NOTIC: 建议使用I方法替代_param
NOTIC: [8] Undefined index: login E:\workspace\www\zndl\protected\app\Lib\Action\ParentAction.class.php 第 32 行.
NOTIC: 建议使用I方法替代_server
NOTIC: 建议使用I方法替代_server
SQL: SHOW COLUMNS FROM `user` [ RunTime:0.021352s ]
SQL: SELECT * FROM `user` WHERE ( uname='root' and pwd='test' ) LIMIT 1   [ RunTime:0.000632s ]
SQL: SHOW COLUMNS FROM `tag` [ RunTime:0.003424s ]
SQL: SELECT * FROM `tag` WHERE ( `type` = 'inner' )  [ RunTime:0.000700s ]
SQL: SELECT * FROM `tag` WHERE ( `type` = 'normal' )  [ RunTime:0.000717s ]
INFO: [ view_begin ] --START--
INFO: AutoLoadRes Behavior ::run [ RunTime:0.037293s ]
INFO: [ view_begin ] --END-- [ RunTime:0.038500s ]
INFO: [ view_parse ] --START--
NOTIC: [2] file_get_contents(./protected/app/Tpl/layout/var.html): failed to open stream: No such file or directory E:\workspace\www\zndl\protected\ThinkPHP\Lib\Template\ThinkTemplate.class.php 第 702 行.
INFO: ParseTemplate Behavior ::run [ RunTime:0.169983s ]
INFO: [ view_parse ] --END-- [ RunTime:0.171197s ]
INFO: [ view_filter ] --START--
INFO: ContentReplace Behavior ::run [ RunTime:0.003012s ]
INFO: TokenBuild Behavior ::run [ RunTime:0.037658s ]
INFO: WriteHtmlCache Behavior ::run [ RunTime:0.008584s ]
INFO: ShowRuntime Behavior ::run [ RunTime:0.003655s ]
INFO: [ view_filter ] --END-- [ RunTime:0.056404s ]
INFO: [ view_end ] --START--
INFO: ShowPageTrace Behavior ::run [ RunTime:0.002766s ]
INFO: [ view_end ] --END-- [ RunTime:0.004180s ]

[2014-11-20 19:54:07] 127.0.0.1 /
INFO: [ app_begin ] --START--
INFO: ReadHtmlCache Behavior ::run [ RunTime:0.003357s ]
INFO: [ app_begin ] --END-- [ RunTime:0.004559s ]
NOTIC: 建议使用I方法替代_param
SQL: SHOW COLUMNS FROM `tag` [ RunTime:0.006061s ]
SQL: SELECT * FROM `tag` WHERE ( `type` = 'inner' )  [ RunTime:0.001502s ]
SQL: SELECT * FROM `tag` WHERE ( `type` = 'normal' )  [ RunTime:0.004442s ]
INFO: [ view_begin ] --START--
INFO: AutoLoadRes Behavior ::run [ RunTime:0.003309s ]
INFO: [ view_begin ] --END-- [ RunTime:0.005345s ]
INFO: [ view_parse ] --START--
NOTIC: [2] file_get_contents(./protected/app/Tpl/layout/var.html): failed to open stream: No such file or directory E:\workspace\www\zndl\protected\ThinkPHP\Lib\Template\ThinkTemplate.class.php 第 702 行.
INFO: ParseTemplate Behavior ::run [ RunTime:0.099740s ]
INFO: [ view_parse ] --END-- [ RunTime:0.100976s ]
INFO: [ view_filter ] --START--
INFO: ContentReplace Behavior ::run [ RunTime:0.002068s ]
INFO: TokenBuild Behavior ::run [ RunTime:0.002831s ]
INFO: WriteHtmlCache Behavior ::run [ RunTime:0.001576s ]
INFO: ShowRuntime Behavior ::run [ RunTime:0.003362s ]
INFO: [ view_filter ] --END-- [ RunTime:0.013506s ]
INFO: [ view_end ] --START--
INFO: ShowPageTrace Behavior ::run [ RunTime:0.002558s ]
INFO: [ view_end ] --END-- [ RunTime:0.003864s ]

[2014-11-20 19:54:09] 127.0.0.1 /index.php/File/index/fetch/1
INFO: [ route_check ] --START--
INFO: CheckRoute Behavior ::run [ RunTime:0.062913s ]
INFO: [ route_check ] --END-- [ RunTime:0.064224s ]
INFO: [ app_begin ] --START--
INFO: ReadHtmlCache Behavior ::run [ RunTime:0.003314s ]
INFO: [ app_begin ] --END-- [ RunTime:0.006827s ]
NOTIC: 建议使用I方法替代_param
SQL: SHOW COLUMNS FROM `file` [ RunTime:0.004062s ]
SQL: SHOW COLUMNS FROM `tag` [ RunTime:0.004039s ]
SQL: SELECT * FROM `tag` WHERE ( `type` = 'inner' )  [ RunTime:0.000847s ]
SQL: SELECT * FROM `tag` WHERE ( `type` = 'normal' )  [ RunTime:0.002516s ]
INFO: [ view_begin ] --START--
INFO: AutoLoadRes Behavior ::run [ RunTime:0.002931s ]
INFO: [ view_begin ] --END-- [ RunTime:0.004255s ]
INFO: [ view_parse ] --START--
NOTIC: [2] file_get_contents(./protected/app/Tpl/layout/var.html): failed to open stream: No such file or directory E:\workspace\www\zndl\protected\ThinkPHP\Lib\Template\ThinkTemplate.class.php 第 702 行.
NOTIC: [8] Undefined variable: fileList E:\workspace\www\zndl\protected\Runtime\Cache\96d0aac83086edf263e1babce306752a.php 第 78 行.
INFO: ParseTemplate Behavior ::run [ RunTime:0.242471s ]
INFO: [ view_parse ] --END-- [ RunTime:0.243831s ]
INFO: [ view_filter ] --START--
INFO: ContentReplace Behavior ::run [ RunTime:0.002217s ]
INFO: TokenBuild Behavior ::run [ RunTime:0.002237s ]
INFO: WriteHtmlCache Behavior ::run [ RunTime:0.001278s ]
INFO: ShowRuntime Behavior ::run [ RunTime:0.003739s ]
INFO: [ view_filter ] --END-- [ RunTime:0.012570s ]
INFO: [ view_end ] --START--
INFO: ShowPageTrace Behavior ::run [ RunTime:0.003014s ]
INFO: [ view_end ] --END-- [ RunTime:0.005010s ]

[2014-11-20 19:54:18] 127.0.0.1 /index.php/PadApi/setThemeList
INFO: [ route_check ] --START--
INFO: CheckRoute Behavior ::run [ RunTime:0.002249s ]
INFO: [ route_check ] --END-- [ RunTime:0.003388s ]
INFO: [ app_begin ] --START--
INFO: ReadHtmlCache Behavior ::run [ RunTime:0.002458s ]
INFO: [ app_begin ] --END-- [ RunTime:0.003460s ]
NOTIC: 建议使用I方法替代_param
SQL: SHOW COLUMNS FROM `file` [ RunTime:0.003509s ]
SQL: SHOW COLUMNS FROM `tag` [ RunTime:0.003226s ]
SQL: SELECT * FROM `tag` WHERE ( class='tv' )  [ RunTime:0.001002s ]
SQL: SHOW COLUMNS FROM `auth` [ RunTime:0.003863s ]
SQL: SELECT * FROM `auth` WHERE ( uid=1 )  [ RunTime:0.041194s ]

[2014-11-20 19:54:24] 127.0.0.1 /index.php/User/adminIndex
INFO: [ route_check ] --START--
INFO: CheckRoute Behavior ::run [ RunTime:0.002387s ]
INFO: [ route_check ] --END-- [ RunTime:0.003580s ]
INFO: [ app_begin ] --START--
INFO: ReadHtmlCache Behavior ::run [ RunTime:0.003200s ]
INFO: [ app_begin ] --END-- [ RunTime:0.004674s ]
NOTIC: 建议使用I方法替代_param
SQL: SHOW COLUMNS FROM `user` [ RunTime:0.003299s ]
SQL: SELECT * FROM `user`  [ RunTime:0.000681s ]
SQL: SHOW COLUMNS FROM `tag` [ RunTime:0.003938s ]
SQL: SELECT * FROM `tag` WHERE ( type='inner' )  [ RunTime:0.000721s ]
SQL: SHOW COLUMNS FROM `auth` [ RunTime:0.003111s ]
SQL: SELECT * FROM `auth` WHERE ( uid=1 and tid=1 ) LIMIT 1   [ RunTime:0.000688s ]
SQL: SELECT * FROM `auth` WHERE ( uid=1 and tid=2 ) LIMIT 1   [ RunTime:0.000567s ]
SQL: SELECT * FROM `auth` WHERE ( uid=1 and tid=3 ) LIMIT 1   [ RunTime:0.000574s ]
SQL: SELECT * FROM `auth` WHERE ( uid=1 and tid=4 ) LIMIT 1   [ RunTime:0.000624s ]
SQL: SELECT * FROM `auth` WHERE ( uid=1 and tid=5 ) LIMIT 1   [ RunTime:0.000761s ]
SQL: SELECT * FROM `auth` WHERE ( uid=1 and tid=6 ) LIMIT 1   [ RunTime:0.000590s ]
SQL: SELECT * FROM `auth` WHERE ( uid=1 and tid=7 ) LIMIT 1   [ RunTime:0.000547s ]
SQL: SELECT * FROM `auth` WHERE ( uid=1 and tid=8 ) LIMIT 1   [ RunTime:0.001180s ]
SQL: SELECT * FROM `auth` WHERE ( uid=1 and tid=9 ) LIMIT 1   [ RunTime:0.000655s ]
SQL: SELECT * FROM `auth` WHERE ( uid=1 and tid=10 ) LIMIT 1   [ RunTime:0.000587s ]
SQL: SELECT * FROM `auth` WHERE ( uid=1 and tid=11 ) LIMIT 1   [ RunTime:0.000612s ]
SQL: SELECT * FROM `auth` WHERE ( uid=1 and tid=12 ) LIMIT 1   [ RunTime:0.000821s ]
SQL: SELECT * FROM `auth` WHERE ( uid=1 and tid=13 ) LIMIT 1   [ RunTime:0.000605s ]
SQL: SELECT * FROM `auth` WHERE ( uid=1 and tid=14 ) LIMIT 1   [ RunTime:0.000743s ]
SQL: SELECT * FROM `auth` WHERE ( uid=1 and tid=15 ) LIMIT 1   [ RunTime:0.000671s ]
SQL: SELECT * FROM `auth` WHERE ( uid=1 and tid=16 ) LIMIT 1   [ RunTime:0.001016s ]
SQL: SELECT * FROM `auth` WHERE ( uid=1 and tid=17 ) LIMIT 1   [ RunTime:0.000735s ]
SQL: SELECT * FROM `auth` WHERE ( uid=1 and tid=18 ) LIMIT 1   [ RunTime:0.000551s ]
SQL: SELECT * FROM `auth` WHERE ( uid=1 and tid=19 ) LIMIT 1   [ RunTime:0.000650s ]
INFO: [ view_begin ] --START--
INFO: AutoLoadRes Behavior ::run [ RunTime:0.002573s ]
INFO: [ view_begin ] --END-- [ RunTime:0.003953s ]
INFO: [ view_parse ] --START--
NOTIC: [2] file_get_contents(./protected/app/Tpl/layout/var.html): failed to open stream: No such file or directory E:\workspace\www\zndl\protected\ThinkPHP\Lib\Template\ThinkTemplate.class.php 第 702 行.
INFO: ParseTemplate Behavior ::run [ RunTime:0.103629s ]
INFO: [ view_parse ] --END-- [ RunTime:0.104809s ]
INFO: [ view_filter ] --START--
INFO: ContentReplace Behavior ::run [ RunTime:0.001800s ]
INFO: TokenBuild Behavior ::run [ RunTime:0.002752s ]
INFO: WriteHtmlCache Behavior ::run [ RunTime:0.001427s ]
INFO: ShowRuntime Behavior ::run [ RunTime:0.003149s ]
INFO: [ view_filter ] --END-- [ RunTime:0.013025s ]
INFO: [ view_end ] --START--
INFO: ShowPageTrace Behavior ::run [ RunTime:0.002300s ]
INFO: [ view_end ] --END-- [ RunTime:0.003454s ]

[2014-11-20 19:54:26] 127.0.0.1 /index.php/User/addUserDeviceAuth
INFO: [ route_check ] --START--
INFO: CheckRoute Behavior ::run [ RunTime:0.002236s ]
INFO: [ route_check ] --END-- [ RunTime:0.003389s ]
INFO: [ app_begin ] --START--
INFO: ReadHtmlCache Behavior ::run [ RunTime:0.002623s ]
INFO: [ app_begin ] --END-- [ RunTime:0.003679s ]
NOTIC: 建议使用I方法替代_param
SQL: SHOW COLUMNS FROM `auth` [ RunTime:0.003061s ]
SQL: INSERT INTO `auth` (`uid`,`tid`) VALUES (1,1) [ RunTime:0.125733s ]

[2014-11-20 19:54:27] 127.0.0.1 /index.php/User/addUserDeviceAuth
INFO: [ route_check ] --START--
INFO: CheckRoute Behavior ::run [ RunTime:0.002258s ]
INFO: [ route_check ] --END-- [ RunTime:0.003393s ]
INFO: [ app_begin ] --START--
INFO: ReadHtmlCache Behavior ::run [ RunTime:0.002320s ]
INFO: [ app_begin ] --END-- [ RunTime:0.003278s ]
NOTIC: 建议使用I方法替代_param
SQL: SHOW COLUMNS FROM `auth` [ RunTime:0.002949s ]
SQL: INSERT INTO `auth` (`uid`,`tid`) VALUES (1,19) [ RunTime:0.079695s ]

[2014-11-20 19:54:33] 127.0.0.1 /index.php/PadApi/setThemeList
INFO: [ route_check ] --START--
INFO: CheckRoute Behavior ::run [ RunTime:0.002364s ]
INFO: [ route_check ] --END-- [ RunTime:0.003557s ]
INFO: [ app_begin ] --START--
INFO: ReadHtmlCache Behavior ::run [ RunTime:0.002431s ]
INFO: [ app_begin ] --END-- [ RunTime:0.003459s ]
NOTIC: 建议使用I方法替代_param
SQL: SHOW COLUMNS FROM `file` [ RunTime:0.003303s ]
SQL: SHOW COLUMNS FROM `tag` [ RunTime:0.003197s ]
SQL: SELECT * FROM `tag` WHERE ( class='tv' )  [ RunTime:0.000802s ]
SQL: SHOW COLUMNS FROM `auth` [ RunTime:0.003005s ]
SQL: SELECT * FROM `auth` WHERE ( uid=1 )  [ RunTime:0.000599s ]
SQL: SELECT * FROM `tag` WHERE ( class='tv' )  [ RunTime:0.000631s ]
SQL: SELECT
                            f.md5
                        from 
                            rel as r, file as f
                        where 
                            r.file_id=f.id and
                            file_id in (select file_id from rel where tag_id=1) and
                            r.tag_id=40
                         [ RunTime:0.055313s ]
SQL: SELECT
                            f.md5
                        from 
                            rel as r, file as f
                        where 
                            r.file_id=f.id and
                            file_id in (select file_id from rel where tag_id=2) and
                            r.tag_id=40
                         [ RunTime:0.004664s ]
SQL: SELECT
                            f.md5
                        from 
                            rel as r, file as f
                        where 
                            r.file_id=f.id and
                            file_id in (select file_id from rel where tag_id=3) and
                            r.tag_id=40
                         [ RunTime:0.004376s ]
SQL: SELECT
                            f.md5
                        from 
                            rel as r, file as f
                        where 
                            r.file_id=f.id and
                            file_id in (select file_id from rel where tag_id=4) and
                            r.tag_id=40
                         [ RunTime:0.004240s ]
SQL: SELECT
                            f.md5
                        from 
                            rel as r, file as f
                        where 
                            r.file_id=f.id and
                            file_id in (select file_id from rel where tag_id=5) and
                            r.tag_id=40
                         [ RunTime:0.004183s ]
SQL: SELECT
                            f.md5
                        from 
                            rel as r, file as f
                        where 
                            r.file_id=f.id and
                            file_id in (select file_id from rel where tag_id=6) and
                            r.tag_id=40
                         [ RunTime:0.004384s ]
SQL: SELECT
                            f.md5
                        from 
                            rel as r, file as f
                        where 
                            r.file_id=f.id and
                            file_id in (select file_id from rel where tag_id=7) and
                            r.tag_id=40
                         [ RunTime:0.004207s ]
SQL: SELECT
                            f.md5
                        from 
                            rel as r, file as f
                        where 
                            r.file_id=f.id and
                            file_id in (select file_id from rel where tag_id=8) and
                            r.tag_id=40
                         [ RunTime:0.004219s ]
SQL: SELECT
                            f.md5
                        from 
                            rel as r, file as f
                        where 
                            r.file_id=f.id and
                            file_id in (select file_id from rel where tag_id=9) and
                            r.tag_id=40
                         [ RunTime:0.004653s ]
SQL: SELECT
                            f.md5
                        from 
                            rel as r, file as f
                        where 
                            r.file_id=f.id and
                            file_id in (select file_id from rel where tag_id=10) and
                            r.tag_id=40
                         [ RunTime:0.004825s ]
SQL: SELECT
                            f.md5
                        from 
                            rel as r, file as f
                        where 
                            r.file_id=f.id and
                            file_id in (select file_id from rel where tag_id=11) and
                            r.tag_id=40
                         [ RunTime:0.004451s ]
SQL: SELECT
                            f.md5
                        from 
                            rel as r, file as f
                        where 
                            r.file_id=f.id and
                            file_id in (select file_id from rel where tag_id=12) and
                            r.tag_id=40
                         [ RunTime:0.004217s ]
SQL: SELECT
                            f.md5
                        from 
                            rel as r, file as f
                        where 
                            r.file_id=f.id and
                            file_id in (select file_id from rel where tag_id=13) and
                            r.tag_id=40
                         [ RunTime:0.004599s ]
SQL: SELECT
                            f.md5
                        from 
                            rel as r, file as f
                        where 
                            r.file_id=f.id and
                            file_id in (select file_id from rel where tag_id=14) and
                            r.tag_id=40
                         [ RunTime:0.004605s ]
SQL: SELECT
                            f.md5
                        from 
                            rel as r, file as f
                        where 
                            r.file_id=f.id and
                            file_id in (select file_id from rel where tag_id=15) and
                            r.tag_id=40
                         [ RunTime:0.004501s ]
SQL: SELECT
                            f.md5
                        from 
                            rel as r, file as f
                        where 
                            r.file_id=f.id and
                            file_id in (select file_id from rel where tag_id=16) and
                            r.tag_id=40
                         [ RunTime:0.004652s ]
SQL: SELECT
                            f.md5
                        from 
                            rel as r, file as f
                        where 
                            r.file_id=f.id and
                            file_id in (select file_id from rel where tag_id=17) and
                            r.tag_id=40
                         [ RunTime:0.004910s ]

[2014-11-20 19:54:40] 127.0.0.1 /index.php/PadApi/setThemeList
INFO: [ route_check ] --START--
INFO: CheckRoute Behavior ::run [ RunTime:0.002367s ]
INFO: [ route_check ] --END-- [ RunTime:0.003551s ]
INFO: [ app_begin ] --START--
INFO: ReadHtmlCache Behavior ::run [ RunTime:0.002408s ]
INFO: [ app_begin ] --END-- [ RunTime:0.003406s ]
NOTIC: 建议使用I方法替代_param
SQL: SHOW COLUMNS FROM `file` [ RunTime:0.003461s ]
SQL: SHOW COLUMNS FROM `tag` [ RunTime:0.002976s ]
SQL: SELECT * FROM `tag` WHERE ( class='tv' )  [ RunTime:0.000659s ]
SQL: SHOW COLUMNS FROM `auth` [ RunTime:0.002815s ]
SQL: SELECT * FROM `auth` WHERE ( uid=1 )  [ RunTime:0.000580s ]
SQL: SELECT * FROM `tag` WHERE ( class='tv' )  [ RunTime:0.000628s ]
SQL: SELECT
                            f.md5
                        from 
                            rel as r, file as f
                        where 
                            r.file_id=f.id and
                            file_id in (select file_id from rel where tag_id=1) and
                            r.tag_id=40
                         [ RunTime:0.004173s ]
SQL: SELECT
                            f.md5
                        from 
                            rel as r, file as f
                        where 
                            r.file_id=f.id and
                            file_id in (select file_id from rel where tag_id=2) and
                            r.tag_id=40
                         [ RunTime:0.005508s ]
SQL: SELECT
                            f.md5
                        from 
                            rel as r, file as f
                        where 
                            r.file_id=f.id and
                            file_id in (select file_id from rel where tag_id=3) and
                            r.tag_id=40
                         [ RunTime:0.004697s ]
SQL: SELECT
                            f.md5
                        from 
                            rel as r, file as f
                        where 
                            r.file_id=f.id and
                            file_id in (select file_id from rel where tag_id=4) and
                            r.tag_id=40
                         [ RunTime:0.004517s ]
SQL: SELECT
                            f.md5
                        from 
                            rel as r, file as f
                        where 
                            r.file_id=f.id and
                            file_id in (select file_id from rel where tag_id=5) and
                            r.tag_id=40
                         [ RunTime:0.004415s ]
SQL: SELECT
                            f.md5
                        from 
                            rel as r, file as f
                        where 
                            r.file_id=f.id and
                            file_id in (select file_id from rel where tag_id=6) and
                            r.tag_id=40
                         [ RunTime:0.004156s ]
SQL: SELECT
                            f.md5
                        from 
                            rel as r, file as f
                        where 
                            r.file_id=f.id and
                            file_id in (select file_id from rel where tag_id=7) and
                            r.tag_id=40
                         [ RunTime:0.004300s ]
SQL: SELECT
                            f.md5
                        from 
                            rel as r, file as f
                        where 
                            r.file_id=f.id and
                            file_id in (select file_id from rel where tag_id=8) and
                            r.tag_id=40
                         [ RunTime:0.004444s ]
SQL: SELECT
                            f.md5
                        from 
                            rel as r, file as f
                        where 
                            r.file_id=f.id and
                            file_id in (select file_id from rel where tag_id=9) and
                            r.tag_id=40
                         [ RunTime:0.004250s ]
SQL: SELECT
                            f.md5
                        from 
                            rel as r, file as f
                        where 
                            r.file_id=f.id and
                            file_id in (select file_id from rel where tag_id=10) and
                            r.tag_id=40
                         [ RunTime:0.004174s ]
SQL: SELECT
                            f.md5
                        from 
                            rel as r, file as f
                        where 
                            r.file_id=f.id and
                            file_id in (select file_id from rel where tag_id=11) and
                            r.tag_id=40
                         [ RunTime:0.004445s ]
SQL: SELECT
                            f.md5
                        from 
                            rel as r, file as f
                        where 
                            r.file_id=f.id and
                            file_id in (select file_id from rel where tag_id=12) and
                            r.tag_id=40
                         [ RunTime:0.004205s ]
SQL: SELECT
                            f.md5
                        from 
                            rel as r, file as f
                        where 
                            r.file_id=f.id and
                            file_id in (select file_id from rel where tag_id=13) and
                            r.tag_id=40
                         [ RunTime:0.004578s ]
SQL: SELECT
                            f.md5
                        from 
                            rel as r, file as f
                        where 
                            r.file_id=f.id and
                            file_id in (select file_id from rel where tag_id=14) and
                            r.tag_id=40
                         [ RunTime:0.004630s ]
SQL: SELECT
                            f.md5
                        from 
                            rel as r, file as f
                        where 
                            r.file_id=f.id and
                            file_id in (select file_id from rel where tag_id=15) and
                            r.tag_id=40
                         [ RunTime:0.005845s ]
SQL: SELECT
                            f.md5
                        from 
                            rel as r, file as f
                        where 
                            r.file_id=f.id and
                            file_id in (select file_id from rel where tag_id=16) and
                            r.tag_id=40
                         [ RunTime:0.005058s ]
SQL: SELECT
                            f.md5
                        from 
                            rel as r, file as f
                        where 
                            r.file_id=f.id and
                            file_id in (select file_id from rel where tag_id=17) and
                            r.tag_id=40
                         [ RunTime:0.004585s ]

[2014-11-20 19:54:45] 127.0.0.1 /index.php/PadApi/setThemeList
INFO: [ route_check ] --START--
INFO: CheckRoute Behavior ::run [ RunTime:0.002088s ]
INFO: [ route_check ] --END-- [ RunTime:0.003246s ]
INFO: [ app_begin ] --START--
INFO: ReadHtmlCache Behavior ::run [ RunTime:0.002408s ]
INFO: [ app_begin ] --END-- [ RunTime:0.003364s ]
NOTIC: 建议使用I方法替代_param
SQL: SHOW COLUMNS FROM `file` [ RunTime:0.003302s ]
SQL: SHOW COLUMNS FROM `tag` [ RunTime:0.003127s ]
SQL: SELECT * FROM `tag` WHERE ( class='tv' )  [ RunTime:0.001003s ]
SQL: SHOW COLUMNS FROM `auth` [ RunTime:0.002932s ]
SQL: SELECT * FROM `auth` WHERE ( uid=1 )  [ RunTime:0.000592s ]
SQL: SELECT * FROM `tag` WHERE ( class='tv' )  [ RunTime:0.000600s ]
SQL: SELECT
                            f.md5
                        from 
                            rel as r, file as f
                        where 
                            r.file_id=f.id and
                            file_id in (select file_id from rel where tag_id=1) and
                            r.tag_id=40
                         [ RunTime:0.004418s ]
SQL: SELECT
                            f.md5
                        from 
                            rel as r, file as f
                        where 
                            r.file_id=f.id and
                            file_id in (select file_id from rel where tag_id=2) and
                            r.tag_id=40
                         [ RunTime:0.004156s ]
SQL: SELECT
                            f.md5
                        from 
                            rel as r, file as f
                        where 
                            r.file_id=f.id and
                            file_id in (select file_id from rel where tag_id=3) and
                            r.tag_id=40
                         [ RunTime:0.004347s ]
SQL: SELECT
                            f.md5
                        from 
                            rel as r, file as f
                        where 
                            r.file_id=f.id and
                            file_id in (select file_id from rel where tag_id=4) and
                            r.tag_id=40
                         [ RunTime:0.004465s ]
SQL: SELECT
                            f.md5
                        from 
                            rel as r, file as f
                        where 
                            r.file_id=f.id and
                            file_id in (select file_id from rel where tag_id=5) and
                            r.tag_id=40
                         [ RunTime:0.004466s ]
SQL: SELECT
                            f.md5
                        from 
                            rel as r, file as f
                        where 
                            r.file_id=f.id and
                            file_id in (select file_id from rel where tag_id=6) and
                            r.tag_id=40
                         [ RunTime:0.004283s ]
SQL: SELECT
                            f.md5
                        from 
                            rel as r, file as f
                        where 
                            r.file_id=f.id and
                            file_id in (select file_id from rel where tag_id=7) and
                            r.tag_id=40
                         [ RunTime:0.004219s ]
SQL: SELECT
                            f.md5
                        from 
                            rel as r, file as f
                        where 
                            r.file_id=f.id and
                            file_id in (select file_id from rel where tag_id=8) and
                            r.tag_id=40
                         [ RunTime:0.004206s ]
SQL: SELECT
                            f.md5
                        from 
                            rel as r, file as f
                        where 
                            r.file_id=f.id and
                            file_id in (select file_id from rel where tag_id=9) and
                            r.tag_id=40
                         [ RunTime:0.004199s ]
SQL: SELECT
                            f.md5
                        from 
                            rel as r, file as f
                        where 
                            r.file_id=f.id and
                            file_id in (select file_id from rel where tag_id=10) and
                            r.tag_id=40
                         [ RunTime:0.005595s ]
SQL: SELECT
                            f.md5
                        from 
                            rel as r, file as f
                        where 
                            r.file_id=f.id and
                            file_id in (select file_id from rel where tag_id=11) and
                            r.tag_id=40
                         [ RunTime:0.004467s ]
SQL: SELECT
                            f.md5
                        from 
                            rel as r, file as f
                        where 
                            r.file_id=f.id and
                            file_id in (select file_id from rel where tag_id=12) and
                            r.tag_id=40
                         [ RunTime:0.005009s ]
SQL: SELECT
                            f.md5
                        from 
                            rel as r, file as f
                        where 
                            r.file_id=f.id and
                            file_id in (select file_id from rel where tag_id=13) and
                            r.tag_id=40
                         [ RunTime:0.004659s ]
SQL: SELECT
                            f.md5
                        from 
                            rel as r, file as f
                        where 
                            r.file_id=f.id and
                            file_id in (select file_id from rel where tag_id=14) and
                            r.tag_id=40
                         [ RunTime:0.004475s ]
SQL: SELECT
                            f.md5
                        from 
                            rel as r, file as f
                        where 
                            r.file_id=f.id and
                            file_id in (select file_id from rel where tag_id=15) and
                            r.tag_id=40
                         [ RunTime:0.004453s ]
SQL: SELECT
                            f.md5
                        from 
                            rel as r, file as f
                        where 
                            r.file_id=f.id and
                            file_id in (select file_id from rel where tag_id=16) and
                            r.tag_id=40
                         [ RunTime:0.004452s ]
SQL: SELECT
                            f.md5
                        from 
                            rel as r, file as f
                        where 
                            r.file_id=f.id and
                            file_id in (select file_id from rel where tag_id=17) and
                            r.tag_id=40
                         [ RunTime:0.004516s ]

[2014-11-20 19:54:50] 127.0.0.1 /index.php/PadApi/setThemeList
INFO: [ route_check ] --START--
INFO: CheckRoute Behavior ::run [ RunTime:0.002079s ]
INFO: [ route_check ] --END-- [ RunTime:0.003228s ]
INFO: [ app_begin ] --START--
INFO: ReadHtmlCache Behavior ::run [ RunTime:0.002404s ]
INFO: [ app_begin ] --END-- [ RunTime:0.003362s ]
NOTIC: 建议使用I方法替代_param
SQL: SHOW COLUMNS FROM `file` [ RunTime:0.003168s ]
SQL: SHOW COLUMNS FROM `tag` [ RunTime:0.003010s ]
SQL: SELECT * FROM `tag` WHERE ( class='tv' )  [ RunTime:0.000759s ]
SQL: SHOW COLUMNS FROM `auth` [ RunTime:0.002967s ]
SQL: SELECT * FROM `auth` WHERE ( uid=1 )  [ RunTime:0.000614s ]
SQL: SELECT * FROM `tag` WHERE ( class='tv' )  [ RunTime:0.000721s ]
SQL: SELECT
                            f.md5
                        from 
                            rel as r, file as f
                        where 
                            r.file_id=f.id and
                            file_id in (select file_id from rel where tag_id=1) and
                            r.tag_id=40
                         [ RunTime:0.004278s ]
SQL: SELECT
                            f.md5
                        from 
                            rel as r, file as f
                        where 
                            r.file_id=f.id and
                            file_id in (select file_id from rel where tag_id=2) and
                            r.tag_id=40
                         [ RunTime:0.004473s ]
SQL: SELECT
                            f.md5
                        from 
                            rel as r, file as f
                        where 
                            r.file_id=f.id and
                            file_id in (select file_id from rel where tag_id=3) and
                            r.tag_id=40
                         [ RunTime:0.004335s ]
SQL: SELECT
                            f.md5
                        from 
                            rel as r, file as f
                        where 
                            r.file_id=f.id and
                            file_id in (select file_id from rel where tag_id=4) and
                            r.tag_id=40
                         [ RunTime:0.004158s ]
SQL: SELECT
                            f.md5
                        from 
                            rel as r, file as f
                        where 
                            r.file_id=f.id and
                            file_id in (select file_id from rel where tag_id=5) and
                            r.tag_id=40
                         [ RunTime:0.004153s ]
SQL: SELECT
                            f.md5
                        from 
                            rel as r, file as f
                        where 
                            r.file_id=f.id and
                            file_id in (select file_id from rel where tag_id=6) and
                            r.tag_id=40
                         [ RunTime:0.004228s ]
SQL: SELECT
                            f.md5
                        from 
                            rel as r, file as f
                        where 
                            r.file_id=f.id and
                            file_id in (select file_id from rel where tag_id=7) and
                            r.tag_id=40
                         [ RunTime:0.004357s ]
SQL: SELECT
                            f.md5
                        from 
                            rel as r, file as f
                        where 
                            r.file_id=f.id and
                            file_id in (select file_id from rel where tag_id=8) and
                            r.tag_id=40
                         [ RunTime:0.004391s ]
SQL: SELECT
                            f.md5
                        from 
                            rel as r, file as f
                        where 
                            r.file_id=f.id and
                            file_id in (select file_id from rel where tag_id=9) and
                            r.tag_id=40
                         [ RunTime:0.004189s ]
SQL: SELECT
                            f.md5
                        from 
                            rel as r, file as f
                        where 
                            r.file_id=f.id and
                            file_id in (select file_id from rel where tag_id=10) and
                            r.tag_id=40
                         [ RunTime:0.004189s ]
SQL: SELECT
                            f.md5
                        from 
                            rel as r, file as f
                        where 
                            r.file_id=f.id and
                            file_id in (select file_id from rel where tag_id=11) and
                            r.tag_id=40
                         [ RunTime:0.004191s ]
SQL: SELECT
                            f.md5
                        from 
                            rel as r, file as f
                        where 
                            r.file_id=f.id and
                            file_id in (select file_id from rel where tag_id=12) and
                            r.tag_id=40
                         [ RunTime:0.004156s ]
SQL: SELECT
                            f.md5
                        from 
                            rel as r, file as f
                        where 
                            r.file_id=f.id and
                            file_id in (select file_id from rel where tag_id=13) and
                            r.tag_id=40
                         [ RunTime:0.004498s ]
SQL: SELECT
                            f.md5
                        from 
                            rel as r, file as f
                        where 
                            r.file_id=f.id and
                            file_id in (select file_id from rel where tag_id=14) and
                            r.tag_id=40
                         [ RunTime:0.004635s ]
SQL: SELECT
                            f.md5
                        from 
                            rel as r, file as f
                        where 
                            r.file_id=f.id and
                            file_id in (select file_id from rel where tag_id=15) and
                            r.tag_id=40
                         [ RunTime:0.004796s ]
SQL: SELECT
                            f.md5
                        from 
                            rel as r, file as f
                        where 
                            r.file_id=f.id and
                            file_id in (select file_id from rel where tag_id=16) and
                            r.tag_id=40
                         [ RunTime:0.004678s ]
SQL: SELECT
                            f.md5
                        from 
                            rel as r, file as f
                        where 
                            r.file_id=f.id and
                            file_id in (select file_id from rel where tag_id=17) and
                            r.tag_id=40
                         [ RunTime:0.004497s ]

