[2014-11-21 00:40:29] 127.0.0.1 /index.php
INFO: [ app_begin ] --START--
INFO: ReadHtmlCache Behavior ::run [ RunTime:0.001634s ]
INFO: [ app_begin ] --END-- [ RunTime:0.001874s ]
NOTIC: 建议使用I方法替代_param
NOTIC: [8] Undefined index: login /home/liufuxin/workspace/www/zndl/protected/app/Lib/Action/ParentAction.class.php 第 32 行.
NOTIC: 建议使用I方法替代_server
NOTIC: 建议使用I方法替代_server

[2014-11-21 00:40:34] 127.0.0.1 /index.php
INFO: [ app_begin ] --START--
INFO: ReadHtmlCache Behavior ::run [ RunTime:0.000347s ]
INFO: [ app_begin ] --END-- [ RunTime:0.000616s ]
NOTIC: 建议使用I方法替代_param
NOTIC: [8] Undefined index: login /home/liufuxin/workspace/www/zndl/protected/app/Lib/Action/ParentAction.class.php 第 32 行.
NOTIC: 建议使用I方法替代_server
NOTIC: 建议使用I方法替代_server
NOTIC: [2] mysql_connect(): Access denied for user 'root'@'localhost' (using password: NO) /home/liufuxin/workspace/www/zndl/protected/ThinkPHP/Lib/Driver/Db/DbMysql.class.php 第 55 行.
ERR: Access denied for user 'root'@'localhost' (using password: NO)

[2014-11-21 00:41:09] 127.0.0.1 /index.php
INFO: [ app_begin ] --START--
INFO: ReadHtmlCache Behavior ::run [ RunTime:0.000621s ]
INFO: [ app_begin ] --END-- [ RunTime:0.002618s ]
NOTIC: 建议使用I方法替代_param
NOTIC: [8] Undefined index: login /home/liufuxin/workspace/www/zndl/protected/app/Lib/Action/ParentAction.class.php 第 32 行.
NOTIC: 建议使用I方法替代_server
NOTIC: 建议使用I方法替代_server
NOTIC: [2] mysql_connect(): Access denied for user 'root'@'localhost' (using password: NO) /home/liufuxin/workspace/www/zndl/protected/ThinkPHP/Lib/Driver/Db/DbMysql.class.php 第 55 行.
ERR: Access denied for user 'root'@'localhost' (using password: NO)

[2014-11-21 00:42:00] 127.0.0.1 /
INFO: [ app_begin ] --START--
INFO: ReadHtmlCache Behavior ::run [ RunTime:0.000366s ]
INFO: [ app_begin ] --END-- [ RunTime:0.000626s ]
NOTIC: 建议使用I方法替代_param
NOTIC: [8] Undefined index: login /home/liufuxin/workspace/www/zndl/protected/app/Lib/Action/ParentAction.class.php 第 32 行.
NOTIC: 建议使用I方法替代_server
NOTIC: 建议使用I方法替代_server

[2014-11-21 00:42:02] 127.0.0.1 /
INFO: [ app_begin ] --START--
INFO: ReadHtmlCache Behavior ::run [ RunTime:0.000355s ]
INFO: [ app_begin ] --END-- [ RunTime:0.000620s ]
NOTIC: 建议使用I方法替代_param
NOTIC: [8] Undefined index: login /home/liufuxin/workspace/www/zndl/protected/app/Lib/Action/ParentAction.class.php 第 32 行.
NOTIC: 建议使用I方法替代_server
NOTIC: 建议使用I方法替代_server
NOTIC: [2] mysql_connect(): Access denied for user 'root'@'localhost' (using password: NO) /home/liufuxin/workspace/www/zndl/protected/ThinkPHP/Lib/Driver/Db/DbMysql.class.php 第 55 行.
ERR: Access denied for user 'root'@'localhost' (using password: NO)

[2014-11-21 00:45:30] 127.0.0.1 /
INFO: [ app_begin ] --START--
INFO: ReadHtmlCache Behavior ::run [ RunTime:0.000355s ]
INFO: [ app_begin ] --END-- [ RunTime:0.000678s ]
NOTIC: 建议使用I方法替代_param
NOTIC: [8] Undefined index: login /home/liufuxin/workspace/www/zndl/protected/app/Lib/Action/ParentAction.class.php 第 32 行.
NOTIC: 建议使用I方法替代_server
NOTIC: 建议使用I方法替代_server
NOTIC: [2] mysql_connect(): Access denied for user 'root'@'localhost' (using password: NO) /home/liufuxin/workspace/www/zndl/protected/ThinkPHP/Lib/Driver/Db/DbMysql.class.php 第 55 行.
ERR: Access denied for user 'root'@'localhost' (using password: NO)

[2014-11-21 00:46:29] 127.0.0.1 /
INFO: [ app_begin ] --START--
INFO: ReadHtmlCache Behavior ::run [ RunTime:0.000301s ]
INFO: [ app_begin ] --END-- [ RunTime:0.000534s ]
NOTIC: 建议使用I方法替代_param
NOTIC: [8] Undefined index: login /home/liufuxin/workspace/www/zndl/protected/app/Lib/Action/ParentAction.class.php 第 32 行.
NOTIC: 建议使用I方法替代_server
NOTIC: 建议使用I方法替代_server
NOTIC: [2] mysql_connect(): Access denied for user 'root'@'localhost' (using password: NO) /home/liufuxin/workspace/www/zndl/protected/ThinkPHP/Lib/Driver/Db/DbMysql.class.php 第 55 行.
ERR: Access denied for user 'root'@'localhost' (using password: NO)

