[2014-10-24 14:35:18] 127.0.0.1 /
INFO: [ app_begin ] --START--
INFO: ReadHtmlCache Behavior ::run [ RunTime:0.003753s ]
INFO: [ app_begin ] --END-- [ RunTime:0.033878s ]
NOTIC: [8] Undefined index: login E:\workspace\www\zndl\protected\app\Lib\Action\ParentAction.class.php 第 26 行.
NOTIC: 建议使用I方法替代_server
NOTIC: 建议使用I方法替代_server

[2014-10-24 14:35:21] 127.0.0.1 /
INFO: [ app_begin ] --START--
INFO: ReadHtmlCache Behavior ::run [ RunTime:0.002667s ]
INFO: [ app_begin ] --END-- [ RunTime:0.004123s ]
NOTIC: [8] Undefined index: login E:\workspace\www\zndl\protected\app\Lib\Action\ParentAction.class.php 第 26 行.
NOTIC: 建议使用I方法替代_server
NOTIC: 建议使用I方法替代_server
SQL: SHOW COLUMNS FROM `user` [ RunTime:0.035747s ]
SQL: SELECT COUNT(*) AS tp_count FROM `user` WHERE ( uname='root' and pwd='test' ) LIMIT 1   [ RunTime:0.001015s ]
SQL: SHOW COLUMNS FROM `tag` [ RunTime:0.018194s ]
SQL: SELECT * FROM `tag` WHERE ( `type` = 'inner' )  [ RunTime:0.000756s ]
SQL: SELECT * FROM `tag` WHERE ( `type` = 'normal' )  [ RunTime:0.000891s ]
INFO: [ view_begin ] --START--
INFO: AutoLoadRes Behavior ::run [ RunTime:0.022975s ]
INFO: [ view_begin ] --END-- [ RunTime:0.024096s ]
INFO: [ view_parse ] --START--
NOTIC: [2] file_get_contents(./protected/app/Tpl/layout/var.html): failed to open stream: No such file or directory E:\workspace\www\zndl\protected\ThinkPHP\Lib\Template\ThinkTemplate.class.php 第 702 行.
INFO: ParseTemplate Behavior ::run [ RunTime:0.164078s ]
INFO: [ view_parse ] --END-- [ RunTime:0.165320s ]
INFO: [ view_filter ] --START--
INFO: ContentReplace Behavior ::run [ RunTime:0.002395s ]
INFO: TokenBuild Behavior ::run [ RunTime:0.021495s ]
INFO: WriteHtmlCache Behavior ::run [ RunTime:0.008758s ]
INFO: ShowRuntime Behavior ::run [ RunTime:0.004669s ]
INFO: [ view_filter ] --END-- [ RunTime:0.040389s ]
INFO: [ view_end ] --START--
INFO: ShowPageTrace Behavior ::run [ RunTime:0.003201s ]
INFO: [ view_end ] --END-- [ RunTime:0.004415s ]

[2014-10-24 14:35:23] 127.0.0.1 /
INFO: [ app_begin ] --START--
INFO: ReadHtmlCache Behavior ::run [ RunTime:0.002366s ]
INFO: [ app_begin ] --END-- [ RunTime:0.003543s ]
SQL: SHOW COLUMNS FROM `tag` [ RunTime:0.017833s ]
SQL: SELECT * FROM `tag` WHERE ( `type` = 'inner' )  [ RunTime:0.000761s ]
SQL: SELECT * FROM `tag` WHERE ( `type` = 'normal' )  [ RunTime:0.000726s ]
INFO: [ view_begin ] --START--
INFO: AutoLoadRes Behavior ::run [ RunTime:0.002455s ]
INFO: [ view_begin ] --END-- [ RunTime:0.003691s ]
INFO: [ view_parse ] --START--
NOTIC: [2] file_get_contents(./protected/app/Tpl/layout/var.html): failed to open stream: No such file or directory E:\workspace\www\zndl\protected\ThinkPHP\Lib\Template\ThinkTemplate.class.php 第 702 行.
INFO: ParseTemplate Behavior ::run [ RunTime:0.071861s ]
INFO: [ view_parse ] --END-- [ RunTime:0.073121s ]
INFO: [ view_filter ] --START--
INFO: ContentReplace Behavior ::run [ RunTime:0.001907s ]
INFO: TokenBuild Behavior ::run [ RunTime:0.002498s ]
INFO: WriteHtmlCache Behavior ::run [ RunTime:0.001135s ]
INFO: ShowRuntime Behavior ::run [ RunTime:0.003205s ]
INFO: [ view_filter ] --END-- [ RunTime:0.011906s ]
INFO: [ view_end ] --START--
INFO: ShowPageTrace Behavior ::run [ RunTime:0.002331s ]
INFO: [ view_end ] --END-- [ RunTime:0.003534s ]

[2014-10-24 14:35:25] 127.0.0.1 /index.php/File/index/fetch/1
INFO: [ route_check ] --START--
INFO: CheckRoute Behavior ::run [ RunTime:0.018393s ]
INFO: [ route_check ] --END-- [ RunTime:0.019546s ]
INFO: [ app_begin ] --START--
INFO: ReadHtmlCache Behavior ::run [ RunTime:0.002371s ]
INFO: [ app_begin ] --END-- [ RunTime:0.003473s ]
SQL: SHOW COLUMNS FROM `file` [ RunTime:0.042901s ]
SQL: SHOW COLUMNS FROM `tag` [ RunTime:0.003717s ]
SQL: SELECT * FROM `tag` WHERE ( `type` = 'inner' )  [ RunTime:0.001223s ]
SQL: SELECT * FROM `tag` WHERE ( `type` = 'normal' )  [ RunTime:0.000922s ]
INFO: [ view_begin ] --START--
INFO: AutoLoadRes Behavior ::run [ RunTime:0.002537s ]
INFO: [ view_begin ] --END-- [ RunTime:0.003855s ]
INFO: [ view_parse ] --START--
NOTIC: [2] file_get_contents(./protected/app/Tpl/layout/var.html): failed to open stream: No such file or directory E:\workspace\www\zndl\protected\ThinkPHP\Lib\Template\ThinkTemplate.class.php 第 702 行.
NOTIC: [8] Undefined variable: fileList E:\workspace\www\zndl\protected\Runtime\Cache\96d0aac83086edf263e1babce306752a.php 第 76 行.
INFO: ParseTemplate Behavior ::run [ RunTime:0.157382s ]
INFO: [ view_parse ] --END-- [ RunTime:0.158550s ]
INFO: [ view_filter ] --START--
INFO: ContentReplace Behavior ::run [ RunTime:0.001884s ]
INFO: TokenBuild Behavior ::run [ RunTime:0.002320s ]
INFO: WriteHtmlCache Behavior ::run [ RunTime:0.001640s ]
INFO: ShowRuntime Behavior ::run [ RunTime:0.003281s ]
INFO: [ view_filter ] --END-- [ RunTime:0.013125s ]
INFO: [ view_end ] --START--
INFO: ShowPageTrace Behavior ::run [ RunTime:0.002325s ]
INFO: [ view_end ] --END-- [ RunTime:0.003615s ]

[2014-10-24 14:35:37] 127.0.0.1 /index.php/PadApi/setThemeList
INFO: [ route_check ] --START--
INFO: CheckRoute Behavior ::run [ RunTime:0.002208s ]
INFO: [ route_check ] --END-- [ RunTime:0.003445s ]
INFO: [ app_begin ] --START--
INFO: ReadHtmlCache Behavior ::run [ RunTime:0.002290s ]
INFO: [ app_begin ] --END-- [ RunTime:0.003281s ]
SQL: SHOW COLUMNS FROM `file` [ RunTime:0.003132s ]
SQL: SHOW COLUMNS FROM `tag` [ RunTime:0.003037s ]
SQL: SELECT * FROM `tag` WHERE ( class='tv' )  [ RunTime:0.000659s ]
SQL: SELECT
                            f.md5
                        from 
                            rel as r, file as f
                        where 
                            r.file_id=f.id and
                            file_id in (select file_id from rel where tag_id=1) and
                            r.tag_id=40
                         [ RunTime:0.012051s ]
SQL: SELECT
                            f.md5
                        from 
                            rel as r, file as f
                        where 
                            r.file_id=f.id and
                            file_id in (select file_id from rel where tag_id=2) and
                            r.tag_id=40
                         [ RunTime:0.001999s ]
SQL: SELECT
                            f.md5
                        from 
                            rel as r, file as f
                        where 
                            r.file_id=f.id and
                            file_id in (select file_id from rel where tag_id=3) and
                            r.tag_id=40
                         [ RunTime:0.001852s ]
SQL: SELECT
                            f.md5
                        from 
                            rel as r, file as f
                        where 
                            r.file_id=f.id and
                            file_id in (select file_id from rel where tag_id=4) and
                            r.tag_id=40
                         [ RunTime:0.001842s ]
SQL: SELECT
                            f.md5
                        from 
                            rel as r, file as f
                        where 
                            r.file_id=f.id and
                            file_id in (select file_id from rel where tag_id=5) and
                            r.tag_id=40
                         [ RunTime:0.001859s ]
SQL: SELECT
                            f.md5
                        from 
                            rel as r, file as f
                        where 
                            r.file_id=f.id and
                            file_id in (select file_id from rel where tag_id=6) and
                            r.tag_id=40
                         [ RunTime:0.001923s ]
SQL: SELECT
                            f.md5
                        from 
                            rel as r, file as f
                        where 
                            r.file_id=f.id and
                            file_id in (select file_id from rel where tag_id=7) and
                            r.tag_id=40
                         [ RunTime:0.001834s ]
SQL: SELECT
                            f.md5
                        from 
                            rel as r, file as f
                        where 
                            r.file_id=f.id and
                            file_id in (select file_id from rel where tag_id=8) and
                            r.tag_id=40
                         [ RunTime:0.001947s ]
SQL: SELECT
                            f.md5
                        from 
                            rel as r, file as f
                        where 
                            r.file_id=f.id and
                            file_id in (select file_id from rel where tag_id=9) and
                            r.tag_id=40
                         [ RunTime:0.001897s ]
SQL: SELECT
                            f.md5
                        from 
                            rel as r, file as f
                        where 
                            r.file_id=f.id and
                            file_id in (select file_id from rel where tag_id=10) and
                            r.tag_id=40
                         [ RunTime:0.001862s ]
SQL: SELECT
                            f.md5
                        from 
                            rel as r, file as f
                        where 
                            r.file_id=f.id and
                            file_id in (select file_id from rel where tag_id=11) and
                            r.tag_id=40
                         [ RunTime:0.002009s ]
SQL: SELECT
                            f.md5
                        from 
                            rel as r, file as f
                        where 
                            r.file_id=f.id and
                            file_id in (select file_id from rel where tag_id=12) and
                            r.tag_id=40
                         [ RunTime:0.001911s ]
SQL: SELECT
                            f.md5
                        from 
                            rel as r, file as f
                        where 
                            r.file_id=f.id and
                            file_id in (select file_id from rel where tag_id=13) and
                            r.tag_id=40
                         [ RunTime:0.002001s ]
SQL: SELECT
                            f.md5
                        from 
                            rel as r, file as f
                        where 
                            r.file_id=f.id and
                            file_id in (select file_id from rel where tag_id=14) and
                            r.tag_id=40
                         [ RunTime:0.001840s ]
SQL: SELECT
                            f.md5
                        from 
                            rel as r, file as f
                        where 
                            r.file_id=f.id and
                            file_id in (select file_id from rel where tag_id=15) and
                            r.tag_id=40
                         [ RunTime:0.001842s ]
SQL: SELECT
                            f.md5
                        from 
                            rel as r, file as f
                        where 
                            r.file_id=f.id and
                            file_id in (select file_id from rel where tag_id=16) and
                            r.tag_id=40
                         [ RunTime:0.001953s ]
SQL: SELECT
                            f.md5
                        from 
                            rel as r, file as f
                        where 
                            r.file_id=f.id and
                            file_id in (select file_id from rel where tag_id=17) and
                            r.tag_id=40
                         [ RunTime:0.001862s ]

[2014-10-24 14:36:30] 127.0.0.1 /index.php/PadApi/setThemeList
INFO: [ route_check ] --START--
INFO: CheckRoute Behavior ::run [ RunTime:0.002219s ]
INFO: [ route_check ] --END-- [ RunTime:0.003333s ]
INFO: [ app_begin ] --START--
INFO: ReadHtmlCache Behavior ::run [ RunTime:0.002304s ]
INFO: [ app_begin ] --END-- [ RunTime:0.003248s ]
SQL: SHOW COLUMNS FROM `file` [ RunTime:0.003378s ]
SQL: SHOW COLUMNS FROM `tag` [ RunTime:0.002829s ]
SQL: SELECT * FROM `tag` WHERE ( class='tv' )  [ RunTime:0.000849s ]
SQL: SELECT
                            f.md5
                        from 
                            rel as r, file as f
                        where 
                            r.file_id=f.id and
                            file_id in (select file_id from rel where tag_id=1) and
                            r.tag_id=40
                         [ RunTime:0.001891s ]
SQL: SELECT
                            f.md5
                        from 
                            rel as r, file as f
                        where 
                            r.file_id=f.id and
                            file_id in (select file_id from rel where tag_id=2) and
                            r.tag_id=40
                         [ RunTime:0.001844s ]
SQL: SELECT
                            f.md5
                        from 
                            rel as r, file as f
                        where 
                            r.file_id=f.id and
                            file_id in (select file_id from rel where tag_id=3) and
                            r.tag_id=40
                         [ RunTime:0.002041s ]
SQL: SELECT
                            f.md5
                        from 
                            rel as r, file as f
                        where 
                            r.file_id=f.id and
                            file_id in (select file_id from rel where tag_id=4) and
                            r.tag_id=40
                         [ RunTime:0.001831s ]
SQL: SELECT
                            f.md5
                        from 
                            rel as r, file as f
                        where 
                            r.file_id=f.id and
                            file_id in (select file_id from rel where tag_id=5) and
                            r.tag_id=40
                         [ RunTime:0.001889s ]
SQL: SELECT
                            f.md5
                        from 
                            rel as r, file as f
                        where 
                            r.file_id=f.id and
                            file_id in (select file_id from rel where tag_id=6) and
                            r.tag_id=40
                         [ RunTime:0.001887s ]
SQL: SELECT
                            f.md5
                        from 
                            rel as r, file as f
                        where 
                            r.file_id=f.id and
                            file_id in (select file_id from rel where tag_id=7) and
                            r.tag_id=40
                         [ RunTime:0.001850s ]
SQL: SELECT
                            f.md5
                        from 
                            rel as r, file as f
                        where 
                            r.file_id=f.id and
                            file_id in (select file_id from rel where tag_id=8) and
                            r.tag_id=40
                         [ RunTime:0.002002s ]
SQL: SELECT
                            f.md5
                        from 
                            rel as r, file as f
                        where 
                            r.file_id=f.id and
                            file_id in (select file_id from rel where tag_id=9) and
                            r.tag_id=40
                         [ RunTime:0.002001s ]
SQL: SELECT
                            f.md5
                        from 
                            rel as r, file as f
                        where 
                            r.file_id=f.id and
                            file_id in (select file_id from rel where tag_id=10) and
                            r.tag_id=40
                         [ RunTime:0.001937s ]
SQL: SELECT
                            f.md5
                        from 
                            rel as r, file as f
                        where 
                            r.file_id=f.id and
                            file_id in (select file_id from rel where tag_id=11) and
                            r.tag_id=40
                         [ RunTime:0.001845s ]
SQL: SELECT
                            f.md5
                        from 
                            rel as r, file as f
                        where 
                            r.file_id=f.id and
                            file_id in (select file_id from rel where tag_id=12) and
                            r.tag_id=40
                         [ RunTime:0.001901s ]
SQL: SELECT
                            f.md5
                        from 
                            rel as r, file as f
                        where 
                            r.file_id=f.id and
                            file_id in (select file_id from rel where tag_id=13) and
                            r.tag_id=40
                         [ RunTime:0.001872s ]
SQL: SELECT
                            f.md5
                        from 
                            rel as r, file as f
                        where 
                            r.file_id=f.id and
                            file_id in (select file_id from rel where tag_id=14) and
                            r.tag_id=40
                         [ RunTime:0.001841s ]
SQL: SELECT
                            f.md5
                        from 
                            rel as r, file as f
                        where 
                            r.file_id=f.id and
                            file_id in (select file_id from rel where tag_id=15) and
                            r.tag_id=40
                         [ RunTime:0.002147s ]
SQL: SELECT
                            f.md5
                        from 
                            rel as r, file as f
                        where 
                            r.file_id=f.id and
                            file_id in (select file_id from rel where tag_id=16) and
                            r.tag_id=40
                         [ RunTime:0.001937s ]
SQL: SELECT
                            f.md5
                        from 
                            rel as r, file as f
                        where 
                            r.file_id=f.id and
                            file_id in (select file_id from rel where tag_id=17) and
                            r.tag_id=40
                         [ RunTime:0.001974s ]

[2014-10-24 14:36:58] 127.0.0.1 /index.php/File/getFileList
INFO: [ route_check ] --START--
INFO: CheckRoute Behavior ::run [ RunTime:0.002302s ]
INFO: [ route_check ] --END-- [ RunTime:0.003465s ]
INFO: [ app_begin ] --START--
INFO: ReadHtmlCache Behavior ::run [ RunTime:0.002360s ]
INFO: [ app_begin ] --END-- [ RunTime:0.003364s ]
SQL: SHOW COLUMNS FROM `file` [ RunTime:0.044636s ]
SQL: SELECT 
                        f.id as file_id, 
                        f.show_name as show_name,
                        f.md5 as md5,
                        f.ext as ext,
                        f.insert_date as insert_date,
                        group_concat(t.id) as tag_all_id,
                        group_concat(t.name) as tag_all_name
                    from 
                        rel as r, tag as t, file as f
                    where 
                        r.file_id=f.id and 
                        r.tag_id=t.id and
                        f.id in
                            (select f.id from file as f,rel as r where f.id=r.file_id and r.tag_id in (1))
                    group by f.id
                    order by f.sort
                     [ RunTime:0.025960s ]
INFO: [ view_parse ] --START--
INFO: ParseTemplate Behavior ::run [ RunTime:0.047021s ]
INFO: [ view_parse ] --END-- [ RunTime:0.048007s ]
INFO: [ view_filter ] --START--
INFO: ContentReplace Behavior ::run [ RunTime:0.001894s ]
INFO: TokenBuild Behavior ::run [ RunTime:0.002094s ]
INFO: WriteHtmlCache Behavior ::run [ RunTime:0.001001s ]
INFO: ShowRuntime Behavior ::run [ RunTime:0.002972s ]
INFO: [ view_filter ] --END-- [ RunTime:0.010592s ]

[2014-10-24 14:37:07] 127.0.0.1 /index.php/File/setPlayList
INFO: [ route_check ] --START--
INFO: CheckRoute Behavior ::run [ RunTime:0.003244s ]
INFO: [ route_check ] --END-- [ RunTime:0.004420s ]
INFO: [ app_begin ] --START--
INFO: ReadHtmlCache Behavior ::run [ RunTime:0.002503s ]
INFO: [ app_begin ] --END-- [ RunTime:0.003496s ]
SQL: SHOW COLUMNS FROM `file` [ RunTime:0.003122s ]
SQL: SELECT
                            *
                        from 
                            file as f, tag as t, rel as r
                        where
                            r.file_id=f.id and
                            r.tag_id=t.id and
                            f.id in (4,5,6,7,8,9,85,107,108,109,110,111,112) and
                            t.type='inner'
                        order by 
                            find_in_set(f.id, '4,5,6,7,8,9,85,107,108,109,110,111,112') 
                         [ RunTime:0.001458s ]
SQL: SHOW COLUMNS FROM `tag` [ RunTime:0.002884s ]
SQL: SELECT * FROM `tag` WHERE ( `id` = 1 ) LIMIT 1   [ RunTime:0.000537s ]
SQL: SELECT * FROM `tag` WHERE ( `id` = 2 ) LIMIT 1   [ RunTime:0.000521s ]
SQL: SELECT * FROM `tag` WHERE ( `id` = 3 ) LIMIT 1   [ RunTime:0.000425s ]
NOTIC: [2] FileModel::genConfigXml(): Node no longer exists E:\workspace\www\zndl\protected\app\Lib\Model\FileModel.class.php 第 168 行.
NOTIC: [2] FileModel::genConfigXml(): Node no longer exists E:\workspace\www\zndl\protected\app\Lib\Model\FileModel.class.php 第 168 行.
NOTIC: [2] FileModel::genConfigXml(): Node no longer exists E:\workspace\www\zndl\protected\app\Lib\Model\FileModel.class.php 第 168 行.

[2014-10-24 14:37:41] 127.0.0.1 /index.php/File/setPlayList
INFO: [ route_check ] --START--
INFO: CheckRoute Behavior ::run [ RunTime:0.002159s ]
INFO: [ route_check ] --END-- [ RunTime:0.003307s ]
INFO: [ app_begin ] --START--
INFO: ReadHtmlCache Behavior ::run [ RunTime:0.002303s ]
INFO: [ app_begin ] --END-- [ RunTime:0.003242s ]
SQL: SHOW COLUMNS FROM `file` [ RunTime:0.003277s ]
SQL: SELECT
                            *
                        from 
                            file as f, tag as t, rel as r
                        where
                            r.file_id=f.id and
                            r.tag_id=t.id and
                            f.id in (4,5,6,7,8,9,85,107,108,109,110,111,112) and
                            t.type='inner'
                        order by 
                            find_in_set(f.id, '4,5,6,7,8,9,85,107,108,109,110,111,112') 
                         [ RunTime:0.001306s ]
SQL: SHOW COLUMNS FROM `tag` [ RunTime:0.002859s ]
SQL: SELECT * FROM `tag` WHERE ( `id` = 1 ) LIMIT 1   [ RunTime:0.000528s ]
SQL: SELECT * FROM `tag` WHERE ( `id` = 2 ) LIMIT 1   [ RunTime:0.000432s ]
SQL: SELECT * FROM `tag` WHERE ( `id` = 3 ) LIMIT 1   [ RunTime:0.000451s ]

[2014-10-24 20:55:01] 127.0.0.1 /
INFO: [ app_begin ] --START--
INFO: ReadHtmlCache Behavior ::run [ RunTime:0.055544s ]
INFO: [ app_begin ] --END-- [ RunTime:0.056694s ]
NOTIC: [8] Undefined index: login E:\workspace\www\zndl\protected\app\Lib\Action\ParentAction.class.php 第 26 行.
NOTIC: 建议使用I方法替代_server
NOTIC: 建议使用I方法替代_server

[2014-10-24 20:55:03] 127.0.0.1 /
INFO: [ app_begin ] --START--
INFO: ReadHtmlCache Behavior ::run [ RunTime:0.003033s ]
INFO: [ app_begin ] --END-- [ RunTime:0.004248s ]
NOTIC: [8] Undefined index: login E:\workspace\www\zndl\protected\app\Lib\Action\ParentAction.class.php 第 26 行.
NOTIC: 建议使用I方法替代_server
NOTIC: 建议使用I方法替代_server
SQL: SHOW COLUMNS FROM `user` [ RunTime:0.075835s ]
SQL: SELECT COUNT(*) AS tp_count FROM `user` WHERE ( uname='root' and pwd='test' ) LIMIT 1   [ RunTime:0.001201s ]
SQL: SHOW COLUMNS FROM `tag` [ RunTime:0.032419s ]
SQL: SELECT * FROM `tag` WHERE ( `type` = 'inner' )  [ RunTime:0.000746s ]
SQL: SELECT * FROM `tag` WHERE ( `type` = 'normal' )  [ RunTime:0.000900s ]
INFO: [ view_begin ] --START--
INFO: AutoLoadRes Behavior ::run [ RunTime:0.016837s ]
INFO: [ view_begin ] --END-- [ RunTime:0.018001s ]
INFO: [ view_parse ] --START--
NOTIC: [2] file_get_contents(./protected/app/Tpl/layout/var.html): failed to open stream: No such file or directory E:\workspace\www\zndl\protected\ThinkPHP\Lib\Template\ThinkTemplate.class.php 第 702 行.
INFO: ParseTemplate Behavior ::run [ RunTime:0.155238s ]
INFO: [ view_parse ] --END-- [ RunTime:0.177599s ]
INFO: [ view_filter ] --START--
INFO: ContentReplace Behavior ::run [ RunTime:0.002500s ]
INFO: TokenBuild Behavior ::run [ RunTime:0.009662s ]
INFO: WriteHtmlCache Behavior ::run [ RunTime:0.001540s ]
INFO: ShowRuntime Behavior ::run [ RunTime:0.004076s ]
INFO: [ view_filter ] --END-- [ RunTime:0.021014s ]
INFO: [ view_end ] --START--
INFO: ShowPageTrace Behavior ::run [ RunTime:0.002943s ]
INFO: [ view_end ] --END-- [ RunTime:0.004655s ]

[2014-10-24 20:55:06] 127.0.0.1 /
INFO: [ app_begin ] --START--
INFO: ReadHtmlCache Behavior ::run [ RunTime:0.002365s ]
INFO: [ app_begin ] --END-- [ RunTime:0.003531s ]
SQL: SHOW COLUMNS FROM `tag` [ RunTime:0.005712s ]
SQL: SELECT * FROM `tag` WHERE ( `type` = 'inner' )  [ RunTime:0.000800s ]
SQL: SELECT * FROM `tag` WHERE ( `type` = 'normal' )  [ RunTime:0.001381s ]
INFO: [ view_begin ] --START--
INFO: AutoLoadRes Behavior ::run [ RunTime:0.002350s ]
INFO: [ view_begin ] --END-- [ RunTime:0.003514s ]
INFO: [ view_parse ] --START--
NOTIC: [2] file_get_contents(./protected/app/Tpl/layout/var.html): failed to open stream: No such file or directory E:\workspace\www\zndl\protected\ThinkPHP\Lib\Template\ThinkTemplate.class.php 第 702 行.
INFO: ParseTemplate Behavior ::run [ RunTime:0.103279s ]
INFO: [ view_parse ] --END-- [ RunTime:0.116766s ]
INFO: [ view_filter ] --START--
INFO: ContentReplace Behavior ::run [ RunTime:0.001799s ]
INFO: TokenBuild Behavior ::run [ RunTime:0.002125s ]
INFO: WriteHtmlCache Behavior ::run [ RunTime:0.001068s ]
INFO: ShowRuntime Behavior ::run [ RunTime:0.003262s ]
INFO: [ view_filter ] --END-- [ RunTime:0.011363s ]
INFO: [ view_end ] --START--
INFO: ShowPageTrace Behavior ::run [ RunTime:0.002289s ]
INFO: [ view_end ] --END-- [ RunTime:0.018059s ]

[2014-10-24 20:56:27] 127.0.0.1 /
INFO: [ app_begin ] --START--
INFO: ReadHtmlCache Behavior ::run [ RunTime:0.002475s ]
INFO: [ app_begin ] --END-- [ RunTime:0.003595s ]
SQL: SHOW COLUMNS FROM `tag` [ RunTime:0.003280s ]
SQL: SELECT * FROM `tag` WHERE ( `type` = 'inner' )  [ RunTime:0.000800s ]
SQL: SELECT * FROM `tag` WHERE ( `type` = 'normal' )  [ RunTime:0.000720s ]
INFO: [ view_begin ] --START--
INFO: AutoLoadRes Behavior ::run [ RunTime:0.002701s ]
INFO: [ view_begin ] --END-- [ RunTime:0.004054s ]
INFO: [ view_parse ] --START--
NOTIC: [2] file_get_contents(./protected/app/Tpl/layout/var.html): failed to open stream: No such file or directory E:\workspace\www\zndl\protected\ThinkPHP\Lib\Template\ThinkTemplate.class.php 第 702 行.
INFO: ParseTemplate Behavior ::run [ RunTime:0.094924s ]
INFO: [ view_parse ] --END-- [ RunTime:0.096399s ]
INFO: [ view_filter ] --START--
INFO: ContentReplace Behavior ::run [ RunTime:0.002034s ]
INFO: TokenBuild Behavior ::run [ RunTime:0.002272s ]
INFO: WriteHtmlCache Behavior ::run [ RunTime:0.001069s ]
INFO: ShowRuntime Behavior ::run [ RunTime:0.016698s ]
INFO: [ view_filter ] --END-- [ RunTime:0.025568s ]
INFO: [ view_end ] --START--
INFO: ShowPageTrace Behavior ::run [ RunTime:0.002714s ]
INFO: [ view_end ] --END-- [ RunTime:0.004166s ]

[2014-10-24 20:56:28] 127.0.0.1 /
INFO: [ app_begin ] --START--
INFO: ReadHtmlCache Behavior ::run [ RunTime:0.002810s ]
INFO: [ app_begin ] --END-- [ RunTime:0.004049s ]
SQL: SHOW COLUMNS FROM `tag` [ RunTime:0.042083s ]
SQL: SELECT * FROM `tag` WHERE ( `type` = 'inner' )  [ RunTime:0.001172s ]
SQL: SELECT * FROM `tag` WHERE ( `type` = 'normal' )  [ RunTime:0.001374s ]
INFO: [ view_begin ] --START--
INFO: AutoLoadRes Behavior ::run [ RunTime:0.003578s ]
INFO: [ view_begin ] --END-- [ RunTime:0.004778s ]
INFO: [ view_parse ] --START--
NOTIC: [2] file_get_contents(./protected/app/Tpl/layout/var.html): failed to open stream: No such file or directory E:\workspace\www\zndl\protected\ThinkPHP\Lib\Template\ThinkTemplate.class.php 第 702 行.
INFO: ParseTemplate Behavior ::run [ RunTime:0.134428s ]
INFO: [ view_parse ] --END-- [ RunTime:0.156338s ]
INFO: [ view_filter ] --START--
INFO: ContentReplace Behavior ::run [ RunTime:0.002048s ]
INFO: TokenBuild Behavior ::run [ RunTime:0.002242s ]
INFO: WriteHtmlCache Behavior ::run [ RunTime:0.001154s ]
INFO: ShowRuntime Behavior ::run [ RunTime:0.007116s ]
INFO: [ view_filter ] --END-- [ RunTime:0.015822s ]
INFO: [ view_end ] --START--
INFO: ShowPageTrace Behavior ::run [ RunTime:0.004210s ]
INFO: [ view_end ] --END-- [ RunTime:0.005457s ]

[2014-10-24 20:56:53] 127.0.0.1 /index.php/File/index/fetch/1
INFO: [ route_check ] --START--
INFO: CheckRoute Behavior ::run [ RunTime:0.036046s ]
INFO: [ route_check ] --END-- [ RunTime:0.037231s ]
INFO: [ app_begin ] --START--
INFO: ReadHtmlCache Behavior ::run [ RunTime:0.023892s ]
INFO: [ app_begin ] --END-- [ RunTime:0.025276s ]
SQL: SHOW COLUMNS FROM `file` [ RunTime:0.054992s ]
SQL: SHOW COLUMNS FROM `tag` [ RunTime:0.003429s ]
SQL: SELECT * FROM `tag` WHERE ( `type` = 'inner' )  [ RunTime:0.000738s ]
SQL: SELECT * FROM `tag` WHERE ( `type` = 'normal' )  [ RunTime:0.000850s ]
INFO: [ view_begin ] --START--
INFO: AutoLoadRes Behavior ::run [ RunTime:0.002500s ]
INFO: [ view_begin ] --END-- [ RunTime:0.003785s ]
INFO: [ view_parse ] --START--
NOTIC: [2] file_get_contents(./protected/app/Tpl/layout/var.html): failed to open stream: No such file or directory E:\workspace\www\zndl\protected\ThinkPHP\Lib\Template\ThinkTemplate.class.php 第 702 行.
NOTIC: [8] Undefined variable: fileList E:\workspace\www\zndl\protected\Runtime\Cache\96d0aac83086edf263e1babce306752a.php 第 76 行.
INFO: ParseTemplate Behavior ::run [ RunTime:0.184917s ]
INFO: [ view_parse ] --END-- [ RunTime:0.186049s ]
INFO: [ view_filter ] --START--
INFO: ContentReplace Behavior ::run [ RunTime:0.002057s ]
INFO: TokenBuild Behavior ::run [ RunTime:0.002667s ]
INFO: WriteHtmlCache Behavior ::run [ RunTime:0.001650s ]
INFO: ShowRuntime Behavior ::run [ RunTime:0.003480s ]
INFO: [ view_filter ] --END-- [ RunTime:0.032772s ]
INFO: [ view_end ] --START--
INFO: ShowPageTrace Behavior ::run [ RunTime:0.002388s ]
INFO: [ view_end ] --END-- [ RunTime:0.003571s ]

[2014-10-24 20:56:55] 127.0.0.1 /index.php/File/getFileList
INFO: [ route_check ] --START--
INFO: CheckRoute Behavior ::run [ RunTime:0.002308s ]
INFO: [ route_check ] --END-- [ RunTime:0.003432s ]
INFO: [ app_begin ] --START--
INFO: ReadHtmlCache Behavior ::run [ RunTime:0.002423s ]
INFO: [ app_begin ] --END-- [ RunTime:0.004386s ]
SQL: SHOW COLUMNS FROM `file` [ RunTime:0.003276s ]
SQL: SELECT 
                        f.id as file_id, 
                        f.show_name as show_name,
                        f.md5 as md5,
                        f.ext as ext,
                        f.insert_date as insert_date,
                        group_concat(t.id) as tag_all_id,
                        group_concat(t.name) as tag_all_name
                    from 
                        rel as r, tag as t, file as f
                    where 
                        r.file_id=f.id and 
                        r.tag_id=t.id and
                        f.id in
                            (select f.id from file as f,rel as r where f.id=r.file_id and r.tag_id in (1))
                    group by f.id
                    order by f.sort
                     [ RunTime:0.045869s ]
INFO: [ view_parse ] --START--
INFO: ParseTemplate Behavior ::run [ RunTime:0.056255s ]
INFO: [ view_parse ] --END-- [ RunTime:0.057260s ]
INFO: [ view_filter ] --START--
INFO: ContentReplace Behavior ::run [ RunTime:0.002146s ]
INFO: TokenBuild Behavior ::run [ RunTime:0.002241s ]
INFO: WriteHtmlCache Behavior ::run [ RunTime:0.001032s ]
INFO: ShowRuntime Behavior ::run [ RunTime:0.004401s ]
INFO: [ view_filter ] --END-- [ RunTime:0.012725s ]

[2014-10-24 20:58:12] 127.0.0.1 /index.php/File/setPlayList
INFO: [ route_check ] --START--
INFO: CheckRoute Behavior ::run [ RunTime:0.002554s ]
INFO: [ route_check ] --END-- [ RunTime:0.003767s ]
INFO: [ app_begin ] --START--
INFO: ReadHtmlCache Behavior ::run [ RunTime:0.002343s ]
INFO: [ app_begin ] --END-- [ RunTime:0.010799s ]
SQL: SHOW COLUMNS FROM `file` [ RunTime:0.003248s ]
SQL: SELECT
                            *
                        from 
                            file as f, tag as t, rel as r
                        where
                            r.file_id=f.id and
                            r.tag_id=t.id and
                            f.id in (4,5,6,7,8,9,85,107,108,109,110,111,112) and
                            t.type='inner'
                        order by 
                            find_in_set(f.id, '4,5,6,7,8,9,85,107,108,109,110,111,112') 
                         [ RunTime:0.018421s ]
SQL: SHOW COLUMNS FROM `tag` [ RunTime:0.018060s ]
SQL: SELECT * FROM `tag` WHERE ( `id` = 1 ) LIMIT 1   [ RunTime:0.000816s ]

[2014-10-24 20:58:47] 127.0.0.1 /index.php/File/setPlayList
INFO: [ route_check ] --START--
INFO: CheckRoute Behavior ::run [ RunTime:0.002491s ]
INFO: [ route_check ] --END-- [ RunTime:0.003676s ]
INFO: [ app_begin ] --START--
INFO: ReadHtmlCache Behavior ::run [ RunTime:0.002578s ]
INFO: [ app_begin ] --END-- [ RunTime:0.003590s ]
SQL: SHOW COLUMNS FROM `file` [ RunTime:0.086406s ]
SQL: SELECT
                            *
                        from 
                            file as f, tag as t, rel as r
                        where
                            r.file_id=f.id and
                            r.tag_id=t.id and
                            f.id in (4,5,6,7,8,9,85,107,108,109,110,111,112) and
                            t.type='inner'
                        order by 
                            find_in_set(f.id, '4,5,6,7,8,9,85,107,108,109,110,111,112') 
                         [ RunTime:0.001289s ]
SQL: SHOW COLUMNS FROM `tag` [ RunTime:0.047731s ]
SQL: SELECT * FROM `tag` WHERE ( `id` = 2 ) LIMIT 1   [ RunTime:0.000750s ]

[2014-10-24 21:06:06] 127.0.0.1 /index.php/File/index/fetch/1
INFO: [ route_check ] --START--
INFO: CheckRoute Behavior ::run [ RunTime:0.002620s ]
INFO: [ route_check ] --END-- [ RunTime:0.003833s ]
INFO: [ app_begin ] --START--
INFO: ReadHtmlCache Behavior ::run [ RunTime:0.002658s ]
INFO: [ app_begin ] --END-- [ RunTime:0.003778s ]
SQL: SHOW COLUMNS FROM `file` [ RunTime:0.032792s ]
SQL: SHOW COLUMNS FROM `tag` [ RunTime:0.003874s ]
SQL: SELECT * FROM `tag` WHERE ( `type` = 'inner' )  [ RunTime:0.001347s ]
SQL: SELECT * FROM `tag` WHERE ( `type` = 'normal' )  [ RunTime:0.000768s ]
INFO: [ view_begin ] --START--
INFO: AutoLoadRes Behavior ::run [ RunTime:0.003565s ]
INFO: [ view_begin ] --END-- [ RunTime:0.004983s ]
INFO: [ view_parse ] --START--
NOTIC: [2] file_get_contents(./protected/app/Tpl/layout/var.html): failed to open stream: No such file or directory E:\workspace\www\zndl\protected\ThinkPHP\Lib\Template\ThinkTemplate.class.php 第 702 行.
NOTIC: [8] Undefined variable: fileList E:\workspace\www\zndl\protected\Runtime\Cache\96d0aac83086edf263e1babce306752a.php 第 76 行.
INFO: ParseTemplate Behavior ::run [ RunTime:0.148381s ]
INFO: [ view_parse ] --END-- [ RunTime:0.149511s ]
INFO: [ view_filter ] --START--
INFO: ContentReplace Behavior ::run [ RunTime:0.002067s ]
INFO: TokenBuild Behavior ::run [ RunTime:0.003959s ]
INFO: WriteHtmlCache Behavior ::run [ RunTime:0.001314s ]
INFO: ShowRuntime Behavior ::run [ RunTime:0.003464s ]
INFO: [ view_filter ] --END-- [ RunTime:0.014686s ]
INFO: [ view_end ] --START--
INFO: ShowPageTrace Behavior ::run [ RunTime:0.002646s ]
INFO: [ view_end ] --END-- [ RunTime:0.003814s ]

[2014-10-24 21:06:09] 127.0.0.1 /index.php/File/getFileList
INFO: [ route_check ] --START--
INFO: CheckRoute Behavior ::run [ RunTime:0.002629s ]
INFO: [ route_check ] --END-- [ RunTime:0.003803s ]
INFO: [ app_begin ] --START--
INFO: ReadHtmlCache Behavior ::run [ RunTime:0.002677s ]
INFO: [ app_begin ] --END-- [ RunTime:0.003788s ]
SQL: SHOW COLUMNS FROM `file` [ RunTime:0.003275s ]
SQL: SELECT 
                        f.id as file_id, 
                        f.show_name as show_name,
                        f.md5 as md5,
                        f.ext as ext,
                        f.insert_date as insert_date,
                        group_concat(t.id) as tag_all_id,
                        group_concat(t.name) as tag_all_name
                    from 
                        rel as r, tag as t, file as f
                    where 
                        r.file_id=f.id and 
                        r.tag_id=t.id and
                        f.id in
                            (select f.id from file as f,rel as r where f.id=r.file_id and r.tag_id in (1))
                    group by f.id
                    order by f.sort
                     [ RunTime:0.168742s ]
INFO: [ view_parse ] --START--
INFO: ParseTemplate Behavior ::run [ RunTime:0.051540s ]
INFO: [ view_parse ] --END-- [ RunTime:0.052652s ]
INFO: [ view_filter ] --START--
INFO: ContentReplace Behavior ::run [ RunTime:0.002632s ]
INFO: TokenBuild Behavior ::run [ RunTime:0.002519s ]
INFO: WriteHtmlCache Behavior ::run [ RunTime:0.001193s ]
INFO: ShowRuntime Behavior ::run [ RunTime:0.003468s ]
INFO: [ view_filter ] --END-- [ RunTime:0.012279s ]

[2014-10-24 21:07:03] 127.0.0.1 /index.php/File/setPlayList
INFO: [ route_check ] --START--
INFO: CheckRoute Behavior ::run [ RunTime:0.003182s ]
INFO: [ route_check ] --END-- [ RunTime:0.004587s ]
INFO: [ app_begin ] --START--
INFO: ReadHtmlCache Behavior ::run [ RunTime:0.002514s ]
INFO: [ app_begin ] --END-- [ RunTime:0.003412s ]
SQL: SHOW COLUMNS FROM `file` [ RunTime:0.004014s ]
SQL: SELECT
                            *
                        from 
                            file as f, tag as t, rel as r
                        where
                            r.file_id=f.id and
                            r.tag_id=t.id and
                            f.id in (215,216,217,218,219,220,221,222,223,224,225,226,227,228,229,230,231,232,233,234,235,236) and
                            t.type='inner'
                        order by 
                            find_in_set(f.id, '215,216,217,218,219,220,221,222,223,224,225,226,227,228,229,230,231,232,233,234,235,236') 
                         [ RunTime:0.007967s ]
SQL: SHOW COLUMNS FROM `tag` [ RunTime:0.003381s ]
SQL: SELECT * FROM `tag` WHERE ( `id` = 1 ) LIMIT 1   [ RunTime:0.000540s ]

[2014-10-24 21:07:44] 127.0.0.1 /index.php/File/getFileList
INFO: [ route_check ] --START--
INFO: CheckRoute Behavior ::run [ RunTime:0.002265s ]
INFO: [ route_check ] --END-- [ RunTime:0.003500s ]
INFO: [ app_begin ] --START--
INFO: ReadHtmlCache Behavior ::run [ RunTime:0.002342s ]
INFO: [ app_begin ] --END-- [ RunTime:0.003305s ]
SQL: SHOW COLUMNS FROM `file` [ RunTime:0.003891s ]
SQL: SELECT 
                        f.id as file_id, 
                        f.show_name as show_name,
                        f.md5 as md5,
                        f.ext as ext,
                        f.insert_date as insert_date,
                        group_concat(t.id) as tag_all_id,
                        group_concat(t.name) as tag_all_name
                    from 
                        rel as r, tag as t, file as f
                    where 
                        r.file_id=f.id and 
                        r.tag_id=t.id and
                        f.id in
                            (select f.id from file as f,rel as r where f.id=r.file_id and r.tag_id in (1))
                    group by f.id
                    order by f.sort
                     [ RunTime:0.159196s ]
INFO: [ view_parse ] --START--
INFO: ParseTemplate Behavior ::run [ RunTime:0.092270s ]
INFO: [ view_parse ] --END-- [ RunTime:0.093204s ]
INFO: [ view_filter ] --START--
INFO: ContentReplace Behavior ::run [ RunTime:0.002889s ]
INFO: TokenBuild Behavior ::run [ RunTime:0.002660s ]
INFO: WriteHtmlCache Behavior ::run [ RunTime:0.001191s ]
INFO: ShowRuntime Behavior ::run [ RunTime:0.003373s ]
INFO: [ view_filter ] --END-- [ RunTime:0.012979s ]

[2014-10-24 21:07:54] 127.0.0.1 /index.php/File/setPlayList
INFO: [ route_check ] --START--
INFO: CheckRoute Behavior ::run [ RunTime:0.002276s ]
INFO: [ route_check ] --END-- [ RunTime:0.003475s ]
INFO: [ app_begin ] --START--
INFO: ReadHtmlCache Behavior ::run [ RunTime:0.003006s ]
INFO: [ app_begin ] --END-- [ RunTime:0.003942s ]
SQL: SHOW COLUMNS FROM `file` [ RunTime:0.089911s ]
SQL: SELECT
                            *
                        from 
                            file as f, tag as t, rel as r
                        where
                            r.file_id=f.id and
                            r.tag_id=t.id and
                            f.id in (108,120,121) and
                            t.type='inner'
                        order by 
                            find_in_set(f.id, '108,120,121') 
                         [ RunTime:0.001263s ]
SQL: SHOW COLUMNS FROM `tag` [ RunTime:0.003096s ]
SQL: SELECT * FROM `tag` WHERE ( `id` = 1 ) LIMIT 1   [ RunTime:0.000536s ]

[2014-10-24 21:10:29] 127.0.0.1 /index.php/File/getFileList
INFO: [ route_check ] --START--
INFO: CheckRoute Behavior ::run [ RunTime:0.002979s ]
INFO: [ route_check ] --END-- [ RunTime:0.004171s ]
INFO: [ app_begin ] --START--
INFO: ReadHtmlCache Behavior ::run [ RunTime:0.003419s ]
INFO: [ app_begin ] --END-- [ RunTime:0.004447s ]
SQL: SHOW COLUMNS FROM `file` [ RunTime:0.003892s ]
SQL: SELECT 
                        f.id as file_id, 
                        f.show_name as show_name,
                        f.md5 as md5,
                        f.ext as ext,
                        f.insert_date as insert_date,
                        group_concat(t.id) as tag_all_id,
                        group_concat(t.name) as tag_all_name
                    from 
                        rel as r, tag as t, file as f
                    where 
                        r.file_id=f.id and 
                        r.tag_id=t.id and
                        f.id in
                            (select f.id from file as f,rel as r where f.id=r.file_id and r.tag_id in (1))
                    group by f.id
                    order by f.sort
                     [ RunTime:0.169998s ]
INFO: [ view_parse ] --START--
INFO: ParseTemplate Behavior ::run [ RunTime:0.052287s ]
INFO: [ view_parse ] --END-- [ RunTime:0.053266s ]
INFO: [ view_filter ] --START--
INFO: ContentReplace Behavior ::run [ RunTime:0.002610s ]
INFO: TokenBuild Behavior ::run [ RunTime:0.002721s ]
INFO: WriteHtmlCache Behavior ::run [ RunTime:0.001180s ]
INFO: ShowRuntime Behavior ::run [ RunTime:0.003127s ]
INFO: [ view_filter ] --END-- [ RunTime:0.012248s ]

[2014-10-24 21:11:14] 127.0.0.1 /index.php/File/getFileList
INFO: [ route_check ] --START--
INFO: CheckRoute Behavior ::run [ RunTime:0.002385s ]
INFO: [ route_check ] --END-- [ RunTime:0.003534s ]
INFO: [ app_begin ] --START--
INFO: ReadHtmlCache Behavior ::run [ RunTime:0.002639s ]
INFO: [ app_begin ] --END-- [ RunTime:0.003667s ]
SQL: SHOW COLUMNS FROM `file` [ RunTime:0.003159s ]
SQL: SELECT 
                        f.id as file_id, 
                        f.show_name as show_name,
                        f.md5 as md5,
                        f.ext as ext,
                        f.insert_date as insert_date,
                        group_concat(t.id) as tag_all_id,
                        group_concat(t.name) as tag_all_name
                    from 
                        rel as r, tag as t, file as f
                    where 
                        r.file_id=f.id and 
                        r.tag_id=t.id and
                        f.id in
                            (select f.id from file as f,rel as r where f.id=r.file_id and r.tag_id in (1))
                    group by f.id
                    order by f.sort
                     [ RunTime:0.163360s ]
INFO: [ view_parse ] --START--
INFO: ParseTemplate Behavior ::run [ RunTime:0.083057s ]
INFO: [ view_parse ] --END-- [ RunTime:0.084062s ]
INFO: [ view_filter ] --START--
INFO: ContentReplace Behavior ::run [ RunTime:0.002800s ]
INFO: TokenBuild Behavior ::run [ RunTime:0.002336s ]
INFO: WriteHtmlCache Behavior ::run [ RunTime:0.001138s ]
INFO: ShowRuntime Behavior ::run [ RunTime:0.003250s ]
INFO: [ view_filter ] --END-- [ RunTime:0.012253s ]

[2014-10-24 21:11:52] 127.0.0.1 /index.php/File/setPlayList
INFO: [ route_check ] --START--
INFO: CheckRoute Behavior ::run [ RunTime:0.002349s ]
INFO: [ route_check ] --END-- [ RunTime:0.003596s ]
INFO: [ app_begin ] --START--
INFO: ReadHtmlCache Behavior ::run [ RunTime:0.002331s ]
INFO: [ app_begin ] --END-- [ RunTime:0.003308s ]
SQL: SHOW COLUMNS FROM `file` [ RunTime:0.045298s ]
SQL: SELECT
                            *
                        from 
                            file as f, tag as t, rel as r
                        where
                            r.file_id=f.id and
                            r.tag_id=t.id and
                            f.id in (215,216,217,218,219,220,221,222,223,224) and
                            t.type='inner'
                        order by 
                            find_in_set(f.id, '215,216,217,218,219,220,221,222,223,224') 
                         [ RunTime:0.004374s ]
SQL: SHOW COLUMNS FROM `tag` [ RunTime:0.003150s ]
SQL: SELECT * FROM `tag` WHERE ( `id` = 1 ) LIMIT 1   [ RunTime:0.000575s ]

[2014-10-24 21:29:39] 127.0.0.1 /index.php/File/setPlayList
INFO: [ route_check ] --START--
INFO: CheckRoute Behavior ::run [ RunTime:0.002449s ]
INFO: [ route_check ] --END-- [ RunTime:0.003630s ]
INFO: [ app_begin ] --START--
INFO: ReadHtmlCache Behavior ::run [ RunTime:0.002542s ]
INFO: [ app_begin ] --END-- [ RunTime:0.003485s ]
SQL: SHOW COLUMNS FROM `file` [ RunTime:0.003235s ]
SQL: SELECT
                            *
                        from 
                            file as f, tag as t, rel as r
                        where
                            r.file_id=f.id and
                            r.tag_id=t.id and
                            f.id in (215,216,217,218,219,220,221,222,223,224) and
                            t.type='inner'
                        group by 
                            f.id
                        order by 
                            find_in_set(f.id, '215,216,217,218,219,220,221,222,223,224') 
                         [ RunTime:0.002170s ]
SQL: SHOW COLUMNS FROM `tag` [ RunTime:0.003097s ]
SQL: SELECT * FROM `tag` WHERE ( `id` = 1 ) LIMIT 1   [ RunTime:0.000595s ]

[2014-10-24 21:31:41] 127.0.0.1 /index.php/File/setPlayList
INFO: [ route_check ] --START--
INFO: CheckRoute Behavior ::run [ RunTime:0.002509s ]
INFO: [ route_check ] --END-- [ RunTime:0.003744s ]
INFO: [ app_begin ] --START--
INFO: ReadHtmlCache Behavior ::run [ RunTime:0.002543s ]
INFO: [ app_begin ] --END-- [ RunTime:0.003483s ]
SQL: SHOW COLUMNS FROM `file` [ RunTime:0.003327s ]
SQL: SELECT
                            distinct f.id,
                            f.md5
                        from 
                            file as f, tag as t, rel as r
                        where
                            r.file_id=f.id and
                            r.tag_id=t.id and
                            f.id in (215,216,217,218,219,220,221,222,223,224) and
                            t.type='inner'
                        group by 
                            f.id
                        order by 
                            find_in_set(f.id, '215,216,217,218,219,220,221,222,223,224') 
                         [ RunTime:0.001963s ]
SQL: SHOW COLUMNS FROM `tag` [ RunTime:0.003205s ]
SQL: SELECT * FROM `tag` WHERE ( `id` = 1 ) LIMIT 1   [ RunTime:0.000548s ]

[2014-10-24 21:32:03] 127.0.0.1 /index.php/File/setPlayList
INFO: [ route_check ] --START--
INFO: CheckRoute Behavior ::run [ RunTime:0.002302s ]
INFO: [ route_check ] --END-- [ RunTime:0.003509s ]
INFO: [ app_begin ] --START--
INFO: ReadHtmlCache Behavior ::run [ RunTime:0.002479s ]
INFO: [ app_begin ] --END-- [ RunTime:0.003430s ]
SQL: SHOW COLUMNS FROM `file` [ RunTime:0.003144s ]
SQL: SELECT
                            distinct f.id,
                            f.md5
                        from 
                            file as f, tag as t, rel as r
                        where
                            r.file_id=f.id and
                            r.tag_id=t.id and
                            f.id in (215,216,217,218,219,220,221,222,223,224) and
                            t.type='inner'
                        order by 
                            find_in_set(f.id, '215,216,217,218,219,220,221,222,223,224') 
                         [ RunTime:0.002736s ]
SQL: SHOW COLUMNS FROM `tag` [ RunTime:0.003036s ]
SQL: SELECT * FROM `tag` WHERE ( `id` = 1 ) LIMIT 1   [ RunTime:0.000546s ]

[2014-10-24 21:32:31] 127.0.0.1 /index.php/File/getFileList
INFO: [ route_check ] --START--
INFO: CheckRoute Behavior ::run [ RunTime:0.002144s ]
INFO: [ route_check ] --END-- [ RunTime:0.003293s ]
INFO: [ app_begin ] --START--
INFO: ReadHtmlCache Behavior ::run [ RunTime:0.002421s ]
INFO: [ app_begin ] --END-- [ RunTime:0.003455s ]
SQL: SHOW COLUMNS FROM `file` [ RunTime:0.037194s ]
SQL: SELECT 
                        f.id as file_id, 
                        f.show_name as show_name,
                        f.md5 as md5,
                        f.ext as ext,
                        f.insert_date as insert_date,
                        group_concat(t.id) as tag_all_id,
                        group_concat(t.name) as tag_all_name
                    from 
                        rel as r, tag as t, file as f
                    where 
                        r.file_id=f.id and 
                        r.tag_id=t.id and
                        f.id in
                            (select f.id from file as f,rel as r where f.id=r.file_id and r.tag_id in (1))
                    group by f.id
                    order by f.sort
                     [ RunTime:0.158554s ]
INFO: [ view_parse ] --START--
INFO: ParseTemplate Behavior ::run [ RunTime:0.053938s ]
INFO: [ view_parse ] --END-- [ RunTime:0.054908s ]
INFO: [ view_filter ] --START--
INFO: ContentReplace Behavior ::run [ RunTime:0.003377s ]
INFO: TokenBuild Behavior ::run [ RunTime:0.002555s ]
INFO: WriteHtmlCache Behavior ::run [ RunTime:0.001260s ]
INFO: ShowRuntime Behavior ::run [ RunTime:0.004891s ]
INFO: [ view_filter ] --END-- [ RunTime:0.014675s ]

[2014-10-24 21:33:41] 127.0.0.1 /index.php/File/index/fetch/1
INFO: [ route_check ] --START--
INFO: CheckRoute Behavior ::run [ RunTime:0.002346s ]
INFO: [ route_check ] --END-- [ RunTime:0.003502s ]
INFO: [ app_begin ] --START--
INFO: ReadHtmlCache Behavior ::run [ RunTime:0.002665s ]
INFO: [ app_begin ] --END-- [ RunTime:0.003895s ]
SQL: SHOW COLUMNS FROM `file` [ RunTime:0.004011s ]
SQL: SHOW COLUMNS FROM `tag` [ RunTime:0.003256s ]
SQL: SELECT * FROM `tag` WHERE ( `type` = 'inner' )  [ RunTime:0.000815s ]
SQL: SELECT * FROM `tag` WHERE ( `type` = 'normal' )  [ RunTime:0.001855s ]
INFO: [ view_begin ] --START--
INFO: AutoLoadRes Behavior ::run [ RunTime:0.002715s ]
INFO: [ view_begin ] --END-- [ RunTime:0.003967s ]
INFO: [ view_parse ] --START--
NOTIC: [2] file_get_contents(./protected/app/Tpl/layout/var.html): failed to open stream: No such file or directory E:\workspace\www\zndl\protected\ThinkPHP\Lib\Template\ThinkTemplate.class.php 第 702 行.
NOTIC: [8] Undefined variable: fileList E:\workspace\www\zndl\protected\Runtime\Cache\96d0aac83086edf263e1babce306752a.php 第 76 行.
INFO: ParseTemplate Behavior ::run [ RunTime:0.162426s ]
INFO: [ view_parse ] --END-- [ RunTime:0.163589s ]
INFO: [ view_filter ] --START--
INFO: ContentReplace Behavior ::run [ RunTime:0.025825s ]
INFO: TokenBuild Behavior ::run [ RunTime:0.004356s ]
INFO: WriteHtmlCache Behavior ::run [ RunTime:0.001371s ]
INFO: ShowRuntime Behavior ::run [ RunTime:0.003935s ]
INFO: [ view_filter ] --END-- [ RunTime:0.043699s ]
INFO: [ view_end ] --START--
INFO: ShowPageTrace Behavior ::run [ RunTime:0.002599s ]
INFO: [ view_end ] --END-- [ RunTime:0.004034s ]

[2014-10-24 21:33:43] 127.0.0.1 /index.php/File/getFileList
INFO: [ route_check ] --START--
INFO: CheckRoute Behavior ::run [ RunTime:0.002463s ]
INFO: [ route_check ] --END-- [ RunTime:0.003622s ]
INFO: [ app_begin ] --START--
INFO: ReadHtmlCache Behavior ::run [ RunTime:0.002535s ]
INFO: [ app_begin ] --END-- [ RunTime:0.003756s ]
SQL: SHOW COLUMNS FROM `file` [ RunTime:0.003631s ]
SQL: SELECT 
                        f.id as file_id, 
                        f.show_name as show_name,
                        f.md5 as md5,
                        f.ext as ext,
                        f.insert_date as insert_date,
                        group_concat(t.id) as tag_all_id,
                        group_concat(t.name) as tag_all_name
                    from 
                        rel as r, tag as t, file as f
                    where 
                        r.file_id=f.id and 
                        r.tag_id=t.id and
                        f.id in
                            (select f.id from file as f,rel as r where f.id=r.file_id and r.tag_id in (1))
                    group by f.id
                    order by f.sort
                     [ RunTime:0.174535s ]
INFO: [ view_parse ] --START--
INFO: ParseTemplate Behavior ::run [ RunTime:0.051396s ]
INFO: [ view_parse ] --END-- [ RunTime:0.052323s ]
INFO: [ view_filter ] --START--
INFO: ContentReplace Behavior ::run [ RunTime:0.002745s ]
INFO: TokenBuild Behavior ::run [ RunTime:0.002375s ]
INFO: WriteHtmlCache Behavior ::run [ RunTime:0.001170s ]
INFO: ShowRuntime Behavior ::run [ RunTime:0.003785s ]
INFO: [ view_filter ] --END-- [ RunTime:0.012625s ]

[2014-10-24 21:33:56] 127.0.0.1 /index.php/File/getFileList
INFO: [ route_check ] --START--
INFO: CheckRoute Behavior ::run [ RunTime:0.002202s ]
INFO: [ route_check ] --END-- [ RunTime:0.003402s ]
INFO: [ app_begin ] --START--
INFO: ReadHtmlCache Behavior ::run [ RunTime:0.002366s ]
INFO: [ app_begin ] --END-- [ RunTime:0.003263s ]
SQL: SHOW COLUMNS FROM `file` [ RunTime:0.003714s ]
SQL: SELECT 
                        f.id as file_id, 
                        f.show_name as show_name,
                        f.md5 as md5,
                        f.ext as ext,
                        f.insert_date as insert_date,
                        group_concat(t.id) as tag_all_id,
                        group_concat(t.name) as tag_all_name
                    from 
                        rel as r, tag as t, file as f
                    where 
                        r.file_id=f.id and 
                        r.tag_id=t.id and
                        f.id in
                            (select f.id from file as f,rel as r where f.id=r.file_id and r.tag_id in (1))
                    group by f.id
                    order by f.sort
                     [ RunTime:0.162270s ]
INFO: [ view_parse ] --START--
INFO: ParseTemplate Behavior ::run [ RunTime:0.046713s ]
INFO: [ view_parse ] --END-- [ RunTime:0.047658s ]
INFO: [ view_filter ] --START--
INFO: ContentReplace Behavior ::run [ RunTime:0.001868s ]
INFO: TokenBuild Behavior ::run [ RunTime:0.036510s ]
INFO: WriteHtmlCache Behavior ::run [ RunTime:0.001179s ]
INFO: ShowRuntime Behavior ::run [ RunTime:0.003052s ]
INFO: [ view_filter ] --END-- [ RunTime:0.045224s ]

[2014-10-24 21:33:59] 127.0.0.1 /index.php/File/getFileList
INFO: [ route_check ] --START--
INFO: CheckRoute Behavior ::run [ RunTime:0.002122s ]
INFO: [ route_check ] --END-- [ RunTime:0.003273s ]
INFO: [ app_begin ] --START--
INFO: ReadHtmlCache Behavior ::run [ RunTime:0.002383s ]
INFO: [ app_begin ] --END-- [ RunTime:0.003318s ]
SQL: SHOW COLUMNS FROM `file` [ RunTime:0.027685s ]
SQL: SELECT 
                        f.id as file_id, 
                        f.show_name as show_name,
                        f.md5 as md5,
                        f.ext as ext,
                        f.insert_date as insert_date,
                        group_concat(t.id) as tag_all_id,
                        group_concat(t.name) as tag_all_name
                    from 
                        rel as r, tag as t, file as f
                    where 
                        r.file_id=f.id and 
                        r.tag_id=t.id and
                        f.id in
                            (select f.id from file as f,rel as r where f.id=r.file_id and r.tag_id in (1))
                    group by f.id
                    order by f.sort
                     [ RunTime:0.174112s ]
INFO: [ view_parse ] --START--
INFO: ParseTemplate Behavior ::run [ RunTime:0.048114s ]
INFO: [ view_parse ] --END-- [ RunTime:0.049025s ]
INFO: [ view_filter ] --START--
INFO: ContentReplace Behavior ::run [ RunTime:0.009171s ]
INFO: TokenBuild Behavior ::run [ RunTime:0.002258s ]
INFO: WriteHtmlCache Behavior ::run [ RunTime:0.001120s ]
INFO: ShowRuntime Behavior ::run [ RunTime:0.003401s ]
INFO: [ view_filter ] --END-- [ RunTime:0.037307s ]

[2014-10-24 21:34:00] 127.0.0.1 /index.php/File/getFileList
INFO: [ route_check ] --START--
INFO: CheckRoute Behavior ::run [ RunTime:0.002180s ]
INFO: [ route_check ] --END-- [ RunTime:0.003327s ]
INFO: [ app_begin ] --START--
INFO: ReadHtmlCache Behavior ::run [ RunTime:0.002614s ]
INFO: [ app_begin ] --END-- [ RunTime:0.003503s ]
SQL: SHOW COLUMNS FROM `file` [ RunTime:0.003875s ]
SQL: SELECT 
                        f.id as file_id, 
                        f.show_name as show_name,
                        f.md5 as md5,
                        f.ext as ext,
                        f.insert_date as insert_date,
                        group_concat(t.id) as tag_all_id,
                        group_concat(t.name) as tag_all_name
                    from 
                        rel as r, tag as t, file as f
                    where 
                        r.file_id=f.id and 
                        r.tag_id=t.id and
                        f.id in
                            (select f.id from file as f,rel as r where f.id=r.file_id and r.tag_id in (1))
                    group by f.id
                    order by f.sort
                     [ RunTime:0.166031s ]
INFO: [ view_parse ] --START--
INFO: ParseTemplate Behavior ::run [ RunTime:0.086621s ]
INFO: [ view_parse ] --END-- [ RunTime:0.087689s ]
INFO: [ view_filter ] --START--
INFO: ContentReplace Behavior ::run [ RunTime:0.002179s ]
INFO: TokenBuild Behavior ::run [ RunTime:0.002190s ]
INFO: WriteHtmlCache Behavior ::run [ RunTime:0.001049s ]
INFO: ShowRuntime Behavior ::run [ RunTime:0.003103s ]
INFO: [ view_filter ] --END-- [ RunTime:0.011014s ]

[2014-10-24 21:34:03] 127.0.0.1 /index.php/File/getFileList
INFO: [ route_check ] --START--
INFO: CheckRoute Behavior ::run [ RunTime:0.002072s ]
INFO: [ route_check ] --END-- [ RunTime:0.003198s ]
INFO: [ app_begin ] --START--
INFO: ReadHtmlCache Behavior ::run [ RunTime:0.002394s ]
INFO: [ app_begin ] --END-- [ RunTime:0.003306s ]
SQL: SHOW COLUMNS FROM `file` [ RunTime:0.003311s ]
SQL: SELECT 
                        f.id as file_id, 
                        f.show_name as show_name,
                        f.md5 as md5,
                        f.ext as ext,
                        f.insert_date as insert_date,
                        group_concat(t.id) as tag_all_id,
                        group_concat(t.name) as tag_all_name
                    from 
                        rel as r, tag as t, file as f
                    where 
                        r.file_id=f.id and 
                        r.tag_id=t.id and
                        f.id in
                            (select f.id from file as f,rel as r where f.id=r.file_id and r.tag_id in (1))
                    group by f.id
                    order by f.sort
                     [ RunTime:0.164237s ]
INFO: [ view_parse ] --START--
INFO: ParseTemplate Behavior ::run [ RunTime:0.047525s ]
INFO: [ view_parse ] --END-- [ RunTime:0.058616s ]
INFO: [ view_filter ] --START--
INFO: ContentReplace Behavior ::run [ RunTime:0.002260s ]
INFO: TokenBuild Behavior ::run [ RunTime:0.002478s ]
INFO: WriteHtmlCache Behavior ::run [ RunTime:0.001315s ]
INFO: ShowRuntime Behavior ::run [ RunTime:0.003426s ]
INFO: [ view_filter ] --END-- [ RunTime:0.012136s ]

[2014-10-24 21:34:04] 127.0.0.1 /index.php/File/getFileList
INFO: [ route_check ] --START--
INFO: CheckRoute Behavior ::run [ RunTime:0.002658s ]
INFO: [ route_check ] --END-- [ RunTime:0.003819s ]
INFO: [ app_begin ] --START--
INFO: ReadHtmlCache Behavior ::run [ RunTime:0.002679s ]
INFO: [ app_begin ] --END-- [ RunTime:0.003601s ]
SQL: SHOW COLUMNS FROM `file` [ RunTime:0.003140s ]
SQL: SELECT 
                        f.id as file_id, 
                        f.show_name as show_name,
                        f.md5 as md5,
                        f.ext as ext,
                        f.insert_date as insert_date,
                        group_concat(t.id) as tag_all_id,
                        group_concat(t.name) as tag_all_name
                    from 
                        rel as r, tag as t, file as f
                    where 
                        r.file_id=f.id and 
                        r.tag_id=t.id and
                        f.id in
                            (select f.id from file as f,rel as r where f.id=r.file_id and r.tag_id in (1))
                    group by f.id
                    order by f.sort
                     [ RunTime:0.160594s ]
INFO: [ view_parse ] --START--
INFO: ParseTemplate Behavior ::run [ RunTime:0.047500s ]
INFO: [ view_parse ] --END-- [ RunTime:0.048485s ]
INFO: [ view_filter ] --START--
INFO: ContentReplace Behavior ::run [ RunTime:0.001790s ]
INFO: TokenBuild Behavior ::run [ RunTime:0.002263s ]
INFO: WriteHtmlCache Behavior ::run [ RunTime:0.001046s ]
INFO: ShowRuntime Behavior ::run [ RunTime:0.003291s ]
INFO: [ view_filter ] --END-- [ RunTime:0.010931s ]

[2014-10-24 21:34:06] 127.0.0.1 /index.php/File/getFileList
INFO: [ route_check ] --START--
INFO: CheckRoute Behavior ::run [ RunTime:0.002291s ]
INFO: [ route_check ] --END-- [ RunTime:0.003482s ]
INFO: [ app_begin ] --START--
INFO: ReadHtmlCache Behavior ::run [ RunTime:0.002625s ]
INFO: [ app_begin ] --END-- [ RunTime:0.003548s ]
SQL: SHOW COLUMNS FROM `file` [ RunTime:0.009011s ]
SQL: SELECT 
                        f.id as file_id, 
                        f.show_name as show_name,
                        f.md5 as md5,
                        f.ext as ext,
                        f.insert_date as insert_date,
                        group_concat(t.id) as tag_all_id,
                        group_concat(t.name) as tag_all_name
                    from 
                        rel as r, tag as t, file as f
                    where 
                        r.file_id=f.id and 
                        r.tag_id=t.id and
                        f.id in
                            (select f.id from file as f,rel as r where f.id=r.file_id and r.tag_id in (1))
                    group by f.id
                    order by f.sort
                     [ RunTime:0.163137s ]
INFO: [ view_parse ] --START--
INFO: ParseTemplate Behavior ::run [ RunTime:0.048676s ]
INFO: [ view_parse ] --END-- [ RunTime:0.049609s ]
INFO: [ view_filter ] --START--
INFO: ContentReplace Behavior ::run [ RunTime:0.002408s ]
INFO: TokenBuild Behavior ::run [ RunTime:0.002367s ]
INFO: WriteHtmlCache Behavior ::run [ RunTime:0.001174s ]
INFO: ShowRuntime Behavior ::run [ RunTime:0.005863s ]
INFO: [ view_filter ] --END-- [ RunTime:0.014515s ]

