[2014-10-30 10:22:23] 127.0.0.1 /
INFO: [ app_begin ] --START--
INFO: ReadHtmlCache Behavior ::run [ RunTime:0.003100s ]
INFO: [ app_begin ] --END-- [ RunTime:0.004317s ]
NOTIC: [8] Undefined index: login E:\workspace\www\zndl\protected\app\Lib\Action\ParentAction.class.php 第 26 行.
NOTIC: 建议使用I方法替代_server
NOTIC: 建议使用I方法替代_server

[2014-10-30 10:22:29] 127.0.0.1 /index.php/File/index
INFO: [ route_check ] --START--
INFO: CheckRoute Behavior ::run [ RunTime:0.032840s ]
INFO: [ route_check ] --END-- [ RunTime:0.034210s ]
INFO: [ app_begin ] --START--
INFO: ReadHtmlCache Behavior ::run [ RunTime:0.002368s ]
INFO: [ app_begin ] --END-- [ RunTime:0.003541s ]
NOTIC: [8] Undefined index: login E:\workspace\www\zndl\protected\app\Lib\Action\ParentAction.class.php 第 26 行.
NOTIC: 建议使用I方法替代_server
NOTIC: 建议使用I方法替代_server

[2014-10-30 10:22:31] 127.0.0.1 /index.php/File/index
INFO: [ route_check ] --START--
INFO: CheckRoute Behavior ::run [ RunTime:0.002335s ]
INFO: [ route_check ] --END-- [ RunTime:0.003670s ]
INFO: [ app_begin ] --START--
INFO: ReadHtmlCache Behavior ::run [ RunTime:0.002349s ]
INFO: [ app_begin ] --END-- [ RunTime:0.003532s ]
NOTIC: [8] Undefined index: login E:\workspace\www\zndl\protected\app\Lib\Action\ParentAction.class.php 第 26 行.
NOTIC: 建议使用I方法替代_server
NOTIC: 建议使用I方法替代_server
SQL: SHOW COLUMNS FROM `user` [ RunTime:0.049376s ]
SQL: SELECT COUNT(*) AS tp_count FROM `user` WHERE ( uname='root' and pwd='test' ) LIMIT 1   [ RunTime:0.019106s ]
SQL: SHOW COLUMNS FROM `file` [ RunTime:0.040319s ]
SQL: SHOW COLUMNS FROM `tag` [ RunTime:0.004241s ]
SQL: SELECT * FROM `tag` WHERE ( `type` = 'inner' )  [ RunTime:0.000677s ]
SQL: SELECT * FROM `tag` WHERE ( `type` = 'normal' )  [ RunTime:0.000631s ]

[2014-10-30 10:23:23] 127.0.0.1 /index.php/File/getFileList
INFO: [ route_check ] --START--
INFO: CheckRoute Behavior ::run [ RunTime:0.003805s ]
INFO: [ route_check ] --END-- [ RunTime:0.005025s ]
INFO: [ app_begin ] --START--
INFO: ReadHtmlCache Behavior ::run [ RunTime:0.003736s ]
INFO: [ app_begin ] --END-- [ RunTime:0.005021s ]
SQL: SHOW COLUMNS FROM `file` [ RunTime:0.037460s ]

[2014-10-30 15:54:00] 127.0.0.1 /index.php/PadApi/insertFile/type/qx/fid/1
INFO: [ route_check ] --START--
INFO: CheckRoute Behavior ::run [ RunTime:0.002927s ]
INFO: [ route_check ] --END-- [ RunTime:0.004262s ]
INFO: [ app_begin ] --START--
INFO: ReadHtmlCache Behavior ::run [ RunTime:0.017163s ]
INFO: [ app_begin ] --END-- [ RunTime:0.018703s ]
NOTIC: [8] Undefined index: login E:\workspace\www\zndl\protected\app\Lib\Action\ParentAction.class.php 第 26 行.
NOTIC: 建议使用I方法替代_server
NOTIC: 建议使用I方法替代_server

[2014-10-30 15:54:02] 127.0.0.1 /index.php/PadApi/insertFile/type/qx/fid/1
INFO: [ route_check ] --START--
INFO: CheckRoute Behavior ::run [ RunTime:0.002539s ]
INFO: [ route_check ] --END-- [ RunTime:0.003692s ]
INFO: [ app_begin ] --START--
INFO: ReadHtmlCache Behavior ::run [ RunTime:0.002437s ]
INFO: [ app_begin ] --END-- [ RunTime:0.003576s ]
NOTIC: [8] Undefined index: login E:\workspace\www\zndl\protected\app\Lib\Action\ParentAction.class.php 第 26 行.
NOTIC: 建议使用I方法替代_server
NOTIC: 建议使用I方法替代_server
SQL: SHOW COLUMNS FROM `user` [ RunTime:0.047710s ]
SQL: SELECT COUNT(*) AS tp_count FROM `user` WHERE ( uname='root' and pwd='test' ) LIMIT 1   [ RunTime:0.001818s ]
SQL: SHOW COLUMNS FROM `file` [ RunTime:0.057312s ]
SQL: SELECT * FROM `file` WHERE ( `id` = 1 ) LIMIT 1   [ RunTime:0.000731s ]

[2014-10-30 15:54:29] 127.0.0.1 /index.php/PadApi/insertFile/type/qx/fid/1
INFO: [ route_check ] --START--
INFO: CheckRoute Behavior ::run [ RunTime:0.002478s ]
INFO: [ route_check ] --END-- [ RunTime:0.003769s ]
INFO: [ app_begin ] --START--
INFO: ReadHtmlCache Behavior ::run [ RunTime:0.002410s ]
INFO: [ app_begin ] --END-- [ RunTime:0.003751s ]
SQL: SHOW COLUMNS FROM `file` [ RunTime:0.012654s ]
SQL: SELECT * FROM `file` WHERE ( `id` = 1 ) LIMIT 1   [ RunTime:0.000613s ]

[2014-10-30 15:54:44] 127.0.0.1 /index.php/PadApi/insertFile/type/qx/fid/1
INFO: [ route_check ] --START--
INFO: CheckRoute Behavior ::run [ RunTime:0.002169s ]
INFO: [ route_check ] --END-- [ RunTime:0.003384s ]
INFO: [ app_begin ] --START--
INFO: ReadHtmlCache Behavior ::run [ RunTime:0.002416s ]
INFO: [ app_begin ] --END-- [ RunTime:0.003591s ]
SQL: SHOW COLUMNS FROM `file` [ RunTime:0.003285s ]
SQL: SELECT * FROM `file` WHERE ( `id` = 1 ) LIMIT 1   [ RunTime:0.000633s ]

[2014-10-30 15:56:22] 127.0.0.1 /index.php/PadApi/insertFile/type/qx/fid/1
INFO: [ route_check ] --START--
INFO: CheckRoute Behavior ::run [ RunTime:0.003442s ]
INFO: [ route_check ] --END-- [ RunTime:0.005125s ]
INFO: [ app_begin ] --START--
INFO: ReadHtmlCache Behavior ::run [ RunTime:0.002924s ]
INFO: [ app_begin ] --END-- [ RunTime:0.004191s ]
SQL: SHOW COLUMNS FROM `file` [ RunTime:0.010493s ]
SQL: SELECT * FROM `file` WHERE ( `id` = 1 ) LIMIT 1   [ RunTime:0.000663s ]

[2014-10-30 15:57:28] 127.0.0.1 /index.php/PadApi/insertFile/type/qx/fid/1
INFO: [ route_check ] --START--
INFO: CheckRoute Behavior ::run [ RunTime:0.002548s ]
INFO: [ route_check ] --END-- [ RunTime:0.004162s ]
INFO: [ app_begin ] --START--
INFO: ReadHtmlCache Behavior ::run [ RunTime:0.002554s ]
INFO: [ app_begin ] --END-- [ RunTime:0.003748s ]
SQL: SHOW COLUMNS FROM `file` [ RunTime:0.003399s ]
SQL: SELECT * FROM `file` WHERE ( `id` = 1 ) LIMIT 1   [ RunTime:0.000653s ]

[2014-10-30 15:57:40] 127.0.0.1 /index.php/PadApi/insertFile/type/qx/fid/1
INFO: [ route_check ] --START--
INFO: CheckRoute Behavior ::run [ RunTime:0.003108s ]
INFO: [ route_check ] --END-- [ RunTime:0.004302s ]
INFO: [ app_begin ] --START--
INFO: ReadHtmlCache Behavior ::run [ RunTime:0.002962s ]
INFO: [ app_begin ] --END-- [ RunTime:0.004125s ]
SQL: SHOW COLUMNS FROM `file` [ RunTime:0.017071s ]
SQL: SELECT * FROM `file` WHERE ( `id` = 1 ) LIMIT 1   [ RunTime:0.000671s ]
NOTIC: [8] Undefined variable: locNum E:\workspace\www\zndl\protected\app\Lib\Action\PadApiAction.class.php 第 49 行.

[2014-10-30 15:57:45] 127.0.0.1 /index.php/PadApi/insertFile/type/qx/fid/1
INFO: [ route_check ] --START--
INFO: CheckRoute Behavior ::run [ RunTime:0.002391s ]
INFO: [ route_check ] --END-- [ RunTime:0.003580s ]
INFO: [ app_begin ] --START--
INFO: ReadHtmlCache Behavior ::run [ RunTime:0.002683s ]
INFO: [ app_begin ] --END-- [ RunTime:0.004211s ]
SQL: SHOW COLUMNS FROM `file` [ RunTime:0.003354s ]
SQL: SELECT * FROM `file` WHERE ( `id` = 1 ) LIMIT 1   [ RunTime:0.000682s ]

[2014-10-30 16:00:32] 127.0.0.1 /index.php/PadApi/insertFile/type/qx/fid/1
INFO: [ route_check ] --START--
INFO: CheckRoute Behavior ::run [ RunTime:0.002294s ]
INFO: [ route_check ] --END-- [ RunTime:0.003432s ]
INFO: [ app_begin ] --START--
INFO: ReadHtmlCache Behavior ::run [ RunTime:0.002357s ]
INFO: [ app_begin ] --END-- [ RunTime:0.003470s ]
SQL: SHOW COLUMNS FROM `file` [ RunTime:0.003200s ]
SQL: SELECT * FROM `file` WHERE ( `id` = 1 ) LIMIT 1   [ RunTime:0.000762s ]

[2014-10-30 16:00:45] 127.0.0.1 /index.php/PadApi/insertFile/type/qx/fid/1
INFO: [ route_check ] --START--
INFO: CheckRoute Behavior ::run [ RunTime:0.002747s ]
INFO: [ route_check ] --END-- [ RunTime:0.003916s ]
INFO: [ app_begin ] --START--
INFO: ReadHtmlCache Behavior ::run [ RunTime:0.002467s ]
INFO: [ app_begin ] --END-- [ RunTime:0.003610s ]
SQL: SHOW COLUMNS FROM `file` [ RunTime:0.003669s ]
SQL: SELECT * FROM `file` WHERE ( `id` = 1 ) LIMIT 1   [ RunTime:0.000653s ]
NOTIC: [8] Undefined variable: fid对应文件 E:\workspace\www\zndl\protected\app\Lib\Action\PadApiAction.class.php 第 53 行.

[2014-10-30 16:00:53] 127.0.0.1 /index.php/PadApi/insertFile/type/qx/fid/1
INFO: [ route_check ] --START--
INFO: CheckRoute Behavior ::run [ RunTime:0.002417s ]
INFO: [ route_check ] --END-- [ RunTime:0.003797s ]
INFO: [ app_begin ] --START--
INFO: ReadHtmlCache Behavior ::run [ RunTime:0.002484s ]
INFO: [ app_begin ] --END-- [ RunTime:0.003693s ]
SQL: SHOW COLUMNS FROM `file` [ RunTime:0.011325s ]
SQL: SELECT * FROM `file` WHERE ( `id` = 1 ) LIMIT 1   [ RunTime:0.000571s ]

[2014-10-30 16:01:04] 127.0.0.1 /index.php/PadApi/insertFile/type/qx/fid/1
INFO: [ route_check ] --START--
INFO: CheckRoute Behavior ::run [ RunTime:0.002328s ]
INFO: [ route_check ] --END-- [ RunTime:0.003870s ]
INFO: [ app_begin ] --START--
INFO: ReadHtmlCache Behavior ::run [ RunTime:0.002382s ]
INFO: [ app_begin ] --END-- [ RunTime:0.003535s ]
SQL: SHOW COLUMNS FROM `file` [ RunTime:0.003196s ]
SQL: SELECT * FROM `file` WHERE ( `id` = 1 ) LIMIT 1   [ RunTime:0.000715s ]

[2014-10-30 16:01:16] 127.0.0.1 /index.php/PadApi/insertFile/type/qx/fid/10
INFO: [ route_check ] --START--
INFO: CheckRoute Behavior ::run [ RunTime:0.002159s ]
INFO: [ route_check ] --END-- [ RunTime:0.003316s ]
INFO: [ app_begin ] --START--
INFO: ReadHtmlCache Behavior ::run [ RunTime:0.002501s ]
INFO: [ app_begin ] --END-- [ RunTime:0.003724s ]
SQL: SHOW COLUMNS FROM `file` [ RunTime:0.061244s ]
SQL: SELECT * FROM `file` WHERE ( `id` = 10 ) LIMIT 1   [ RunTime:0.000633s ]

[2014-10-30 16:01:21] 127.0.0.1 /index.php/PadApi/insertFile/type/qx/fid/1111
INFO: [ route_check ] --START--
INFO: CheckRoute Behavior ::run [ RunTime:0.002663s ]
INFO: [ route_check ] --END-- [ RunTime:0.003853s ]
INFO: [ app_begin ] --START--
INFO: ReadHtmlCache Behavior ::run [ RunTime:0.002510s ]
INFO: [ app_begin ] --END-- [ RunTime:0.003730s ]
SQL: SHOW COLUMNS FROM `file` [ RunTime:0.033704s ]
SQL: SELECT * FROM `file` WHERE ( `id` = 1111 ) LIMIT 1   [ RunTime:0.000900s ]

[2014-10-30 16:01:50] 127.0.0.1 /index.php/PadApi/insertFile/type/qx/fid/1111
INFO: [ route_check ] --START--
INFO: CheckRoute Behavior ::run [ RunTime:0.002564s ]
INFO: [ route_check ] --END-- [ RunTime:0.003779s ]
INFO: [ app_begin ] --START--
INFO: ReadHtmlCache Behavior ::run [ RunTime:0.002325s ]
INFO: [ app_begin ] --END-- [ RunTime:0.003472s ]
SQL: SHOW COLUMNS FROM `file` [ RunTime:0.046208s ]
SQL: SELECT * FROM `file` WHERE ( `id` = 1111 ) LIMIT 1   [ RunTime:0.000680s ]

[2014-10-30 16:04:53] 127.0.0.1 /index.php/PadApi/insertFile/type/qx/fid/1111
INFO: [ route_check ] --START--
INFO: CheckRoute Behavior ::run [ RunTime:0.002375s ]
INFO: [ route_check ] --END-- [ RunTime:0.003652s ]
INFO: [ app_begin ] --START--
INFO: ReadHtmlCache Behavior ::run [ RunTime:0.002309s ]
INFO: [ app_begin ] --END-- [ RunTime:0.003441s ]
SQL: SHOW COLUMNS FROM `file` [ RunTime:0.003816s ]
SQL: SELECT * FROM `file` WHERE ( `id` = 1111 ) LIMIT 1   [ RunTime:0.000602s ]

[2014-10-30 16:05:19] 127.0.0.1 /index.php/PadApi/insertFile/type/qx/fid/1111
INFO: [ route_check ] --START--
INFO: CheckRoute Behavior ::run [ RunTime:0.002938s ]
INFO: [ route_check ] --END-- [ RunTime:0.004132s ]
INFO: [ app_begin ] --START--
INFO: ReadHtmlCache Behavior ::run [ RunTime:0.002473s ]
INFO: [ app_begin ] --END-- [ RunTime:0.003592s ]
SQL: SHOW COLUMNS FROM `file` [ RunTime:0.003565s ]
SQL: SELECT * FROM `file` WHERE ( `id` = 1111 ) LIMIT 1   [ RunTime:0.000724s ]
NOTIC: [8] Undefined variable: locNum E:\workspace\www\zndl\protected\app\Lib\Action\PadApiAction.class.php 第 51 行.
NOTIC: [8] Undefined variable: locNum E:\workspace\www\zndl\protected\app\Lib\Action\PadApiAction.class.php 第 52 行.
NOTIC: [8] Undefined variable: fid对应文件 E:\workspace\www\zndl\protected\app\Lib\Action\PadApiAction.class.php 第 53 行.

[2014-10-30 16:05:32] 127.0.0.1 /index.php/PadApi/insertFile/type/qx/fid/1111
INFO: [ route_check ] --START--
INFO: CheckRoute Behavior ::run [ RunTime:0.002330s ]
INFO: [ route_check ] --END-- [ RunTime:0.004119s ]
INFO: [ app_begin ] --START--
INFO: ReadHtmlCache Behavior ::run [ RunTime:0.002292s ]
INFO: [ app_begin ] --END-- [ RunTime:0.003531s ]
SQL: SHOW COLUMNS FROM `file` [ RunTime:0.003186s ]
SQL: SELECT * FROM `file` WHERE ( `id` = 1111 ) LIMIT 1   [ RunTime:0.000631s ]
NOTIC: [8] Undefined variable: locNum E:\workspace\www\zndl\protected\app\Lib\Action\PadApiAction.class.php 第 49 行.
NOTIC: [8] Undefined variable: fid对应文件 E:\workspace\www\zndl\protected\app\Lib\Action\PadApiAction.class.php 第 50 行.

[2014-10-30 16:05:38] 127.0.0.1 /index.php/PadApi/insertFile/type/qx/fid/1
INFO: [ route_check ] --START--
INFO: CheckRoute Behavior ::run [ RunTime:0.002332s ]
INFO: [ route_check ] --END-- [ RunTime:0.004319s ]
INFO: [ app_begin ] --START--
INFO: ReadHtmlCache Behavior ::run [ RunTime:0.002666s ]
INFO: [ app_begin ] --END-- [ RunTime:0.003936s ]
SQL: SHOW COLUMNS FROM `file` [ RunTime:0.066048s ]
SQL: SELECT * FROM `file` WHERE ( `id` = 1 ) LIMIT 1   [ RunTime:0.001009s ]
NOTIC: [8] Undefined variable: locNum E:\workspace\www\zndl\protected\app\Lib\Action\PadApiAction.class.php 第 49 行.
NOTIC: [8] Undefined variable: fid对应文件 E:\workspace\www\zndl\protected\app\Lib\Action\PadApiAction.class.php 第 50 行.

[2014-10-30 16:07:46] 127.0.0.1 /index.php/PadApi/insertFile/type/qx/fid/127
INFO: [ route_check ] --START--
INFO: CheckRoute Behavior ::run [ RunTime:0.002846s ]
INFO: [ route_check ] --END-- [ RunTime:0.004144s ]
INFO: [ app_begin ] --START--
INFO: ReadHtmlCache Behavior ::run [ RunTime:0.002700s ]
INFO: [ app_begin ] --END-- [ RunTime:0.003863s ]
SQL: SHOW COLUMNS FROM `file` [ RunTime:0.003247s ]
SQL: SELECT * FROM `file` WHERE ( `id` = 127 ) LIMIT 1   [ RunTime:0.000699s ]

[2014-10-30 16:08:13] 127.0.0.1 /index.php/PadApi/insertFile/type/qx/fid/131
INFO: [ route_check ] --START--
INFO: CheckRoute Behavior ::run [ RunTime:0.002459s ]
INFO: [ route_check ] --END-- [ RunTime:0.003597s ]
INFO: [ app_begin ] --START--
INFO: ReadHtmlCache Behavior ::run [ RunTime:0.002737s ]
INFO: [ app_begin ] --END-- [ RunTime:0.004487s ]
SQL: SHOW COLUMNS FROM `file` [ RunTime:0.004317s ]
SQL: SELECT * FROM `file` WHERE ( `id` = 131 ) LIMIT 1   [ RunTime:0.000609s ]

[2014-10-30 19:57:07] 127.0.0.1 /index.php/PadApi/insertFile/type/qx/fid/131/token/dafa
INFO: [ route_check ] --START--
INFO: CheckRoute Behavior ::run [ RunTime:0.002763s ]
INFO: [ route_check ] --END-- [ RunTime:0.004243s ]
INFO: [ app_begin ] --START--
INFO: ReadHtmlCache Behavior ::run [ RunTime:0.003540s ]
INFO: [ app_begin ] --END-- [ RunTime:0.005360s ]

[2014-10-30 19:57:41] 127.0.0.1 /index.php/PadApi/insertFile/type/qx/fid/131/token/dafa
INFO: [ route_check ] --START--
INFO: CheckRoute Behavior ::run [ RunTime:0.002438s ]
INFO: [ route_check ] --END-- [ RunTime:0.003524s ]
INFO: [ app_begin ] --START--
INFO: ReadHtmlCache Behavior ::run [ RunTime:0.002418s ]
INFO: [ app_begin ] --END-- [ RunTime:0.003620s ]

[2014-10-30 19:58:24] 127.0.0.1 /index.php/PadApi/insertFile
INFO: [ route_check ] --START--
INFO: CheckRoute Behavior ::run [ RunTime:0.002343s ]
INFO: [ route_check ] --END-- [ RunTime:0.003825s ]
INFO: [ app_begin ] --START--
INFO: ReadHtmlCache Behavior ::run [ RunTime:0.002654s ]
INFO: [ app_begin ] --END-- [ RunTime:0.027052s ]

[2014-10-30 19:58:49] 127.0.0.1 /index.php/PadApi/insertFile
INFO: [ route_check ] --START--
INFO: CheckRoute Behavior ::run [ RunTime:0.002314s ]
INFO: [ route_check ] --END-- [ RunTime:0.003556s ]
INFO: [ app_begin ] --START--
INFO: ReadHtmlCache Behavior ::run [ RunTime:0.004383s ]
INFO: [ app_begin ] --END-- [ RunTime:0.005627s ]
NOTIC: 建议使用I方法替代_param

[2014-10-30 19:58:56] 127.0.0.1 /index.php/PadApi/insertFile/token/123
INFO: [ route_check ] --START--
INFO: CheckRoute Behavior ::run [ RunTime:0.002527s ]
INFO: [ route_check ] --END-- [ RunTime:0.003759s ]
INFO: [ app_begin ] --START--
INFO: ReadHtmlCache Behavior ::run [ RunTime:0.003379s ]
INFO: [ app_begin ] --END-- [ RunTime:0.008179s ]
NOTIC: 建议使用I方法替代_param

[2014-10-30 20:25:04] 127.0.0.1 /index.php/File/index
INFO: [ route_check ] --START--
INFO: CheckRoute Behavior ::run [ RunTime:0.002384s ]
INFO: [ route_check ] --END-- [ RunTime:0.003554s ]
INFO: [ app_begin ] --START--
INFO: ReadHtmlCache Behavior ::run [ RunTime:0.002709s ]
INFO: [ app_begin ] --END-- [ RunTime:0.003918s ]
NOTIC: 建议使用I方法替代_param
SQL: SHOW COLUMNS FROM `file` [ RunTime:0.018834s ]
SQL: SHOW COLUMNS FROM `tag` [ RunTime:0.003333s ]
SQL: SELECT * FROM `tag` WHERE ( `type` = 'inner' )  [ RunTime:0.000778s ]
SQL: SELECT * FROM `tag` WHERE ( `type` = 'normal' )  [ RunTime:0.000587s ]

[2014-10-30 20:25:25] 127.0.0.1 /index.php/File/index
INFO: [ route_check ] --START--
INFO: CheckRoute Behavior ::run [ RunTime:0.002250s ]
INFO: [ route_check ] --END-- [ RunTime:0.003441s ]
INFO: [ app_begin ] --START--
INFO: ReadHtmlCache Behavior ::run [ RunTime:0.002449s ]
INFO: [ app_begin ] --END-- [ RunTime:0.003648s ]
NOTIC: 建议使用I方法替代_param
SQL: SHOW COLUMNS FROM `file` [ RunTime:0.042925s ]
SQL: SHOW COLUMNS FROM `tag` [ RunTime:0.003562s ]
SQL: SELECT * FROM `tag` WHERE ( `type` = 'inner' )  [ RunTime:0.000868s ]
SQL: SELECT * FROM `tag` WHERE ( `type` = 'normal' )  [ RunTime:0.000603s ]

[2014-10-30 20:27:28] 127.0.0.1 /
INFO: [ app_begin ] --START--
INFO: ReadHtmlCache Behavior ::run [ RunTime:0.002551s ]
INFO: [ app_begin ] --END-- [ RunTime:0.003721s ]
NOTIC: 建议使用I方法替代_param
SQL: SHOW COLUMNS FROM `tag` [ RunTime:0.024713s ]
SQL: SELECT * FROM `tag` WHERE ( `type` = 'inner' )  [ RunTime:0.000826s ]
SQL: SELECT * FROM `tag` WHERE ( `type` = 'normal' )  [ RunTime:0.000684s ]
INFO: [ view_begin ] --START--
INFO: AutoLoadRes Behavior ::run [ RunTime:0.019357s ]
INFO: [ view_begin ] --END-- [ RunTime:0.020639s ]
INFO: [ view_parse ] --START--
NOTIC: [2] file_get_contents(./protected/app/Tpl/layout/var.html): failed to open stream: No such file or directory E:\workspace\www\zndl\protected\ThinkPHP\Lib\Template\ThinkTemplate.class.php 第 702 行.
INFO: ParseTemplate Behavior ::run [ RunTime:0.128098s ]
INFO: [ view_parse ] --END-- [ RunTime:0.129279s ]
INFO: [ view_filter ] --START--
INFO: ContentReplace Behavior ::run [ RunTime:0.003545s ]
INFO: TokenBuild Behavior ::run [ RunTime:0.012930s ]
INFO: WriteHtmlCache Behavior ::run [ RunTime:0.001415s ]
INFO: ShowRuntime Behavior ::run [ RunTime:0.004725s ]
INFO: [ view_filter ] --END-- [ RunTime:0.026040s ]
INFO: [ view_end ] --START--
INFO: ShowPageTrace Behavior ::run [ RunTime:0.004224s ]
INFO: [ view_end ] --END-- [ RunTime:0.005657s ]

[2014-10-30 20:27:30] 127.0.0.1 /
INFO: [ app_begin ] --START--
INFO: ReadHtmlCache Behavior ::run [ RunTime:0.002564s ]
INFO: [ app_begin ] --END-- [ RunTime:0.003776s ]
NOTIC: 建议使用I方法替代_param
SQL: SHOW COLUMNS FROM `tag` [ RunTime:0.003021s ]
SQL: SELECT * FROM `tag` WHERE ( `type` = 'inner' )  [ RunTime:0.000864s ]
SQL: SELECT * FROM `tag` WHERE ( `type` = 'normal' )  [ RunTime:0.000703s ]
INFO: [ view_begin ] --START--
INFO: AutoLoadRes Behavior ::run [ RunTime:0.002452s ]
INFO: [ view_begin ] --END-- [ RunTime:0.003793s ]
INFO: [ view_parse ] --START--
NOTIC: [2] file_get_contents(./protected/app/Tpl/layout/var.html): failed to open stream: No such file or directory E:\workspace\www\zndl\protected\ThinkPHP\Lib\Template\ThinkTemplate.class.php 第 702 行.
INFO: ParseTemplate Behavior ::run [ RunTime:0.075146s ]
INFO: [ view_parse ] --END-- [ RunTime:0.076344s ]
INFO: [ view_filter ] --START--
INFO: ContentReplace Behavior ::run [ RunTime:0.001952s ]
INFO: TokenBuild Behavior ::run [ RunTime:0.002491s ]
INFO: WriteHtmlCache Behavior ::run [ RunTime:0.001296s ]
INFO: ShowRuntime Behavior ::run [ RunTime:0.003503s ]
INFO: [ view_filter ] --END-- [ RunTime:0.012495s ]
INFO: [ view_end ] --START--
INFO: ShowPageTrace Behavior ::run [ RunTime:0.002474s ]
INFO: [ view_end ] --END-- [ RunTime:0.003689s ]

[2014-10-30 20:27:31] 127.0.0.1 /index.php/File/index/fetch/1
INFO: [ route_check ] --START--
INFO: CheckRoute Behavior ::run [ RunTime:0.002235s ]
INFO: [ route_check ] --END-- [ RunTime:0.003859s ]
INFO: [ app_begin ] --START--
INFO: ReadHtmlCache Behavior ::run [ RunTime:0.002388s ]
INFO: [ app_begin ] --END-- [ RunTime:0.003620s ]
NOTIC: 建议使用I方法替代_param
SQL: SHOW COLUMNS FROM `file` [ RunTime:0.003913s ]
SQL: SHOW COLUMNS FROM `tag` [ RunTime:0.003314s ]
SQL: SELECT * FROM `tag` WHERE ( `type` = 'inner' )  [ RunTime:0.000779s ]
SQL: SELECT * FROM `tag` WHERE ( `type` = 'normal' )  [ RunTime:0.000763s ]
INFO: [ view_begin ] --START--
INFO: AutoLoadRes Behavior ::run [ RunTime:0.002429s ]
INFO: [ view_begin ] --END-- [ RunTime:0.003604s ]
INFO: [ view_parse ] --START--
NOTIC: [2] file_get_contents(./protected/app/Tpl/layout/var.html): failed to open stream: No such file or directory E:\workspace\www\zndl\protected\ThinkPHP\Lib\Template\ThinkTemplate.class.php 第 702 行.
NOTIC: [8] Undefined variable: fileList E:\workspace\www\zndl\protected\Runtime\Cache\96d0aac83086edf263e1babce306752a.php 第 76 行.
INFO: ParseTemplate Behavior ::run [ RunTime:0.179098s ]
INFO: [ view_parse ] --END-- [ RunTime:0.180250s ]
INFO: [ view_filter ] --START--
INFO: ContentReplace Behavior ::run [ RunTime:0.002238s ]
INFO: TokenBuild Behavior ::run [ RunTime:0.002706s ]
INFO: WriteHtmlCache Behavior ::run [ RunTime:0.001609s ]
INFO: ShowRuntime Behavior ::run [ RunTime:0.005325s ]
INFO: [ view_filter ] --END-- [ RunTime:0.015404s ]
INFO: [ view_end ] --START--
INFO: ShowPageTrace Behavior ::run [ RunTime:0.002566s ]
INFO: [ view_end ] --END-- [ RunTime:0.003858s ]

[2014-10-30 20:27:32] 127.0.0.1 /index.php/File/getFileList
INFO: [ route_check ] --START--
INFO: CheckRoute Behavior ::run [ RunTime:0.002334s ]
INFO: [ route_check ] --END-- [ RunTime:0.003491s ]
INFO: [ app_begin ] --START--
INFO: ReadHtmlCache Behavior ::run [ RunTime:0.002321s ]
INFO: [ app_begin ] --END-- [ RunTime:0.003335s ]
NOTIC: 建议使用I方法替代_param
SQL: SHOW COLUMNS FROM `file` [ RunTime:0.003147s ]
SQL: SELECT 
                        f.id as file_id, 
                        f.show_name as show_name,
                        f.md5 as md5,
                        f.ext as ext,
                        f.insert_date as insert_date,
                        group_concat(t.id) as tag_all_id,
                        group_concat(t.name) as tag_all_name
                    from 
                        rel as r, tag as t, file as f
                    where 
                        r.file_id=f.id and 
                        r.tag_id=t.id and
                        f.id in
                            (select f.id from file as f,rel as r where f.id=r.file_id and r.tag_id in (1))
                    group by f.id
                    order by f.sort
                     [ RunTime:0.157293s ]
INFO: [ view_parse ] --START--
INFO: ParseTemplate Behavior ::run [ RunTime:0.053189s ]
INFO: [ view_parse ] --END-- [ RunTime:0.054265s ]
INFO: [ view_filter ] --START--
INFO: ContentReplace Behavior ::run [ RunTime:0.003176s ]
INFO: TokenBuild Behavior ::run [ RunTime:0.002542s ]
INFO: WriteHtmlCache Behavior ::run [ RunTime:0.001465s ]
INFO: ShowRuntime Behavior ::run [ RunTime:0.003196s ]
INFO: [ view_filter ] --END-- [ RunTime:0.013127s ]

[2014-10-30 20:27:36] 127.0.0.1 /index.php/File/getFileList
INFO: [ route_check ] --START--
INFO: CheckRoute Behavior ::run [ RunTime:0.003186s ]
INFO: [ route_check ] --END-- [ RunTime:0.004566s ]
INFO: [ app_begin ] --START--
INFO: ReadHtmlCache Behavior ::run [ RunTime:0.002650s ]
INFO: [ app_begin ] --END-- [ RunTime:0.003701s ]
NOTIC: 建议使用I方法替代_param
SQL: SHOW COLUMNS FROM `file` [ RunTime:0.015716s ]
SQL: SELECT 
                        f.id as file_id, 
                        f.show_name as show_name,
                        f.md5 as md5,
                        f.ext as ext,
                        f.insert_date as insert_date,
                        group_concat(t.id) as tag_all_id,
                        group_concat(t.name) as tag_all_name
                    from 
                        rel as r, tag as t, file as f
                    where 
                        r.file_id=f.id and 
                        r.tag_id=t.id and
                        f.id in
                            (select f.id from file as f,rel as r where f.id=r.file_id and r.tag_id in (2))
                    group by f.id
                    order by f.sort
                     [ RunTime:0.156421s ]
INFO: [ view_parse ] --START--
INFO: ParseTemplate Behavior ::run [ RunTime:0.053728s ]
INFO: [ view_parse ] --END-- [ RunTime:0.054724s ]
INFO: [ view_filter ] --START--
INFO: ContentReplace Behavior ::run [ RunTime:0.002669s ]
INFO: TokenBuild Behavior ::run [ RunTime:0.002615s ]
INFO: WriteHtmlCache Behavior ::run [ RunTime:0.002853s ]
INFO: ShowRuntime Behavior ::run [ RunTime:0.005421s ]
INFO: [ view_filter ] --END-- [ RunTime:0.016588s ]

[2014-10-30 20:27:38] 127.0.0.1 /index.php/File/getFileList
INFO: [ route_check ] --START--
INFO: CheckRoute Behavior ::run [ RunTime:0.002342s ]
INFO: [ route_check ] --END-- [ RunTime:0.003729s ]
INFO: [ app_begin ] --START--
INFO: ReadHtmlCache Behavior ::run [ RunTime:0.002356s ]
INFO: [ app_begin ] --END-- [ RunTime:0.003302s ]
NOTIC: 建议使用I方法替代_param
SQL: SHOW COLUMNS FROM `file` [ RunTime:0.003053s ]
SQL: SELECT 
                        f.id as file_id, 
                        f.show_name as show_name,
                        f.md5 as md5,
                        f.ext as ext,
                        f.insert_date as insert_date,
                        group_concat(t.id) as tag_all_id,
                        group_concat(t.name) as tag_all_name
                    from 
                        rel as r, tag as t, file as f
                    where 
                        r.file_id=f.id and 
                        r.tag_id=t.id and
                        f.id in
                            (select f.id from file as f,rel as r where f.id=r.file_id and r.tag_id in (3))
                    group by f.id
                    order by f.sort
                     [ RunTime:0.190000s ]
INFO: [ view_parse ] --START--
INFO: ParseTemplate Behavior ::run [ RunTime:0.052173s ]
INFO: [ view_parse ] --END-- [ RunTime:0.053262s ]
INFO: [ view_filter ] --START--
INFO: ContentReplace Behavior ::run [ RunTime:0.002898s ]
INFO: TokenBuild Behavior ::run [ RunTime:0.002307s ]
INFO: WriteHtmlCache Behavior ::run [ RunTime:0.010041s ]
INFO: ShowRuntime Behavior ::run [ RunTime:0.003482s ]
INFO: [ view_filter ] --END-- [ RunTime:0.021479s ]

[2014-10-30 20:27:49] 127.0.0.1 /index.php/File/getFileList
INFO: [ route_check ] --START--
INFO: CheckRoute Behavior ::run [ RunTime:0.003379s ]
INFO: [ route_check ] --END-- [ RunTime:0.004595s ]
INFO: [ app_begin ] --START--
INFO: ReadHtmlCache Behavior ::run [ RunTime:0.002534s ]
INFO: [ app_begin ] --END-- [ RunTime:0.003788s ]
NOTIC: 建议使用I方法替代_param
SQL: SHOW COLUMNS FROM `file` [ RunTime:0.018906s ]
SQL: SELECT 
                        f.id as file_id, 
                        f.show_name as show_name,
                        f.md5 as md5,
                        f.ext as ext,
                        f.insert_date as insert_date,
                        group_concat(t.id) as tag_all_id,
                        group_concat(t.name) as tag_all_name
                    from 
                        rel as r, tag as t, file as f
                    where 
                        r.file_id=f.id and 
                        r.tag_id=t.id and
                        f.id in
                            (select f.id from file as f,rel as r where f.id=r.file_id and r.tag_id in (3))
                    group by f.id
                    order by f.sort
                     [ RunTime:0.163227s ]

[2014-10-30 20:28:23] 127.0.0.1 /index.php/File/getFileList
INFO: [ route_check ] --START--
INFO: CheckRoute Behavior ::run [ RunTime:0.002499s ]
INFO: [ route_check ] --END-- [ RunTime:0.003649s ]
INFO: [ app_begin ] --START--
INFO: ReadHtmlCache Behavior ::run [ RunTime:0.002332s ]
INFO: [ app_begin ] --END-- [ RunTime:0.003310s ]
NOTIC: 建议使用I方法替代_param
SQL: SHOW COLUMNS FROM `file` [ RunTime:0.003214s ]
SQL: SELECT 
                        f.id as file_id, 
                        f.show_name as show_name,
                        f.md5 as md5,
                        f.ext as ext,
                        f.insert_date as insert_date,
                        group_concat(t.id) as tag_all_id,
                        group_concat(t.name) as tag_all_name
                    from 
                        rel as r, tag as t, file as f
                    where 
                        r.file_id=f.id and 
                        r.tag_id=t.id and
                        f.id in
                            (select f.id from file as f,rel as r where f.id=r.file_id and r.tag_id in (4))
                    group by f.id
                    order by f.sort
                     [ RunTime:0.159373s ]
INFO: [ view_parse ] --START--
INFO: ParseTemplate Behavior ::run [ RunTime:0.051481s ]
INFO: [ view_parse ] --END-- [ RunTime:0.052501s ]
INFO: [ view_filter ] --START--
INFO: ContentReplace Behavior ::run [ RunTime:0.002825s ]
INFO: TokenBuild Behavior ::run [ RunTime:0.002322s ]
INFO: WriteHtmlCache Behavior ::run [ RunTime:0.001355s ]
INFO: ShowRuntime Behavior ::run [ RunTime:0.003144s ]
INFO: [ view_filter ] --END-- [ RunTime:0.012310s ]

[2014-10-30 20:28:25] 127.0.0.1 /index.php/File/getFileList
INFO: [ route_check ] --START--
INFO: CheckRoute Behavior ::run [ RunTime:0.002260s ]
INFO: [ route_check ] --END-- [ RunTime:0.003562s ]
INFO: [ app_begin ] --START--
INFO: ReadHtmlCache Behavior ::run [ RunTime:0.002383s ]
INFO: [ app_begin ] --END-- [ RunTime:0.003495s ]
NOTIC: 建议使用I方法替代_param
SQL: SHOW COLUMNS FROM `file` [ RunTime:0.003552s ]
SQL: SELECT 
                        f.id as file_id, 
                        f.show_name as show_name,
                        f.md5 as md5,
                        f.ext as ext,
                        f.insert_date as insert_date,
                        group_concat(t.id) as tag_all_id,
                        group_concat(t.name) as tag_all_name
                    from 
                        rel as r, tag as t, file as f
                    where 
                        r.file_id=f.id and 
                        r.tag_id=t.id and
                        f.id in
                            (select f.id from file as f,rel as r where f.id=r.file_id and r.tag_id in (3))
                    group by f.id
                    order by f.sort
                     [ RunTime:0.162091s ]
INFO: [ view_parse ] --START--
INFO: ParseTemplate Behavior ::run [ RunTime:0.050688s ]
INFO: [ view_parse ] --END-- [ RunTime:0.051659s ]
INFO: [ view_filter ] --START--
INFO: ContentReplace Behavior ::run [ RunTime:0.002580s ]
INFO: TokenBuild Behavior ::run [ RunTime:0.002469s ]
INFO: WriteHtmlCache Behavior ::run [ RunTime:0.001143s ]
INFO: ShowRuntime Behavior ::run [ RunTime:0.003280s ]
INFO: [ view_filter ] --END-- [ RunTime:0.012152s ]

[2014-10-30 20:28:26] 127.0.0.1 /index.php/File/getFileList
INFO: [ route_check ] --START--
INFO: CheckRoute Behavior ::run [ RunTime:0.002328s ]
INFO: [ route_check ] --END-- [ RunTime:0.003519s ]
INFO: [ app_begin ] --START--
INFO: ReadHtmlCache Behavior ::run [ RunTime:0.002472s ]
INFO: [ app_begin ] --END-- [ RunTime:0.003373s ]
NOTIC: 建议使用I方法替代_param
SQL: SHOW COLUMNS FROM `file` [ RunTime:0.003991s ]
SQL: SELECT 
                        f.id as file_id, 
                        f.show_name as show_name,
                        f.md5 as md5,
                        f.ext as ext,
                        f.insert_date as insert_date,
                        group_concat(t.id) as tag_all_id,
                        group_concat(t.name) as tag_all_name
                    from 
                        rel as r, tag as t, file as f
                    where 
                        r.file_id=f.id and 
                        r.tag_id=t.id and
                        f.id in
                            (select f.id from file as f,rel as r where f.id=r.file_id and r.tag_id in (3))
                    group by f.id
                    order by f.sort
                     [ RunTime:0.166206s ]
INFO: [ view_parse ] --START--
INFO: ParseTemplate Behavior ::run [ RunTime:0.054012s ]
INFO: [ view_parse ] --END-- [ RunTime:0.097975s ]
INFO: [ view_filter ] --START--
INFO: ContentReplace Behavior ::run [ RunTime:0.001678s ]
INFO: TokenBuild Behavior ::run [ RunTime:0.002048s ]
INFO: WriteHtmlCache Behavior ::run [ RunTime:0.000997s ]
INFO: ShowRuntime Behavior ::run [ RunTime:0.003115s ]
INFO: [ view_filter ] --END-- [ RunTime:0.010342s ]

[2014-10-30 20:28:36] 127.0.0.1 /index.php/File/getFileList
INFO: [ route_check ] --START--
INFO: CheckRoute Behavior ::run [ RunTime:0.003474s ]
INFO: [ route_check ] --END-- [ RunTime:0.004816s ]
INFO: [ app_begin ] --START--
INFO: ReadHtmlCache Behavior ::run [ RunTime:0.002386s ]
INFO: [ app_begin ] --END-- [ RunTime:0.003529s ]
NOTIC: 建议使用I方法替代_param
SQL: SHOW COLUMNS FROM `file` [ RunTime:0.023352s ]
SQL: SELECT 
                        f.id as file_id, 
                        f.show_name as show_name,
                        f.md5 as md5,
                        f.ext as ext,
                        f.insert_date as insert_date,
                        group_concat(t.id) as tag_all_id,
                        group_concat(t.name) as tag_all_name
                    from 
                        rel as r, tag as t, file as f
                    where 
                        r.file_id=f.id and 
                        r.tag_id=t.id and
                        f.id in
                            (select f.id from file as f,rel as r where f.id=r.file_id and r.tag_id in (3))
                    group by f.id
                    order by f.sort
                     [ RunTime:0.166830s ]

[2014-10-30 20:29:44] 127.0.0.1 /index.php/File/getFileList
INFO: [ route_check ] --START--
INFO: CheckRoute Behavior ::run [ RunTime:0.002552s ]
INFO: [ route_check ] --END-- [ RunTime:0.003750s ]
INFO: [ app_begin ] --START--
INFO: ReadHtmlCache Behavior ::run [ RunTime:0.002635s ]
INFO: [ app_begin ] --END-- [ RunTime:0.003588s ]
NOTIC: 建议使用I方法替代_param
SQL: SHOW COLUMNS FROM `file` [ RunTime:0.003310s ]
SQL: SELECT 
                        f.id as file_id, 
                        f.show_name as show_name,
                        f.md5 as md5,
                        f.ext as ext,
                        f.insert_date as insert_date,
                        group_concat(t.id) as tag_all_id,
                        group_concat(t.name) as tag_all_name
                    from 
                        rel as r, tag as t, file as f
                    where 
                        r.file_id=f.id and 
                        r.tag_id=t.id and
                        f.id in
                            (select f.id from file as f,rel as r where f.id=r.file_id and r.tag_id in (1,2,3,4,5,6,7,8,9,10,11,12,13,14,15,16,17,18,19))
                    group by f.id
                    order by f.sort
                     [ RunTime:0.125714s ]
INFO: [ view_parse ] --START--
INFO: ParseTemplate Behavior ::run [ RunTime:0.048628s ]
INFO: [ view_parse ] --END-- [ RunTime:0.049635s ]
INFO: [ view_filter ] --START--
INFO: ContentReplace Behavior ::run [ RunTime:0.001976s ]
INFO: TokenBuild Behavior ::run [ RunTime:0.002253s ]
INFO: WriteHtmlCache Behavior ::run [ RunTime:0.001135s ]
INFO: ShowRuntime Behavior ::run [ RunTime:0.003040s ]
INFO: [ view_filter ] --END-- [ RunTime:0.011032s ]

[2014-10-30 20:29:46] 127.0.0.1 /index.php/File/getFileList
INFO: [ route_check ] --START--
INFO: CheckRoute Behavior ::run [ RunTime:0.002234s ]
INFO: [ route_check ] --END-- [ RunTime:0.003524s ]
INFO: [ app_begin ] --START--
INFO: ReadHtmlCache Behavior ::run [ RunTime:0.002305s ]
INFO: [ app_begin ] --END-- [ RunTime:0.003287s ]
NOTIC: 建议使用I方法替代_param
SQL: SHOW COLUMNS FROM `file` [ RunTime:0.015534s ]
SQL: SELECT 
                        f.id as file_id, 
                        f.show_name as show_name,
                        f.md5 as md5,
                        f.ext as ext,
                        f.insert_date as insert_date,
                        group_concat(t.id) as tag_all_id,
                        group_concat(t.name) as tag_all_name
                    from 
                        rel as r, tag as t, file as f
                    where 
                        r.file_id=f.id and 
                        r.tag_id=t.id and
                        f.id in
                            (select f.id from file as f,rel as r where f.id=r.file_id and r.tag_id in (1,2,3,4,5,6,7,8,9,10,11,12,13,14,15,16,17,18,19))
                    group by f.id
                    order by f.sort
                     [ RunTime:0.132037s ]
INFO: [ view_parse ] --START--
INFO: ParseTemplate Behavior ::run [ RunTime:0.048035s ]
INFO: [ view_parse ] --END-- [ RunTime:0.049042s ]
INFO: [ view_filter ] --START--
INFO: ContentReplace Behavior ::run [ RunTime:0.001796s ]
INFO: TokenBuild Behavior ::run [ RunTime:0.002214s ]
INFO: WriteHtmlCache Behavior ::run [ RunTime:0.001314s ]
INFO: ShowRuntime Behavior ::run [ RunTime:0.003259s ]
INFO: [ view_filter ] --END-- [ RunTime:0.011316s ]

[2014-10-30 20:29:48] 127.0.0.1 /index.php/File/getFileList
INFO: [ route_check ] --START--
INFO: CheckRoute Behavior ::run [ RunTime:0.002365s ]
INFO: [ route_check ] --END-- [ RunTime:0.003596s ]
INFO: [ app_begin ] --START--
INFO: ReadHtmlCache Behavior ::run [ RunTime:0.002366s ]
INFO: [ app_begin ] --END-- [ RunTime:0.032632s ]
NOTIC: 建议使用I方法替代_param
SQL: SHOW COLUMNS FROM `file` [ RunTime:0.003342s ]
SQL: SELECT 
                        f.id as file_id, 
                        f.show_name as show_name,
                        f.md5 as md5,
                        f.ext as ext,
                        f.insert_date as insert_date,
                        group_concat(t.id) as tag_all_id,
                        group_concat(t.name) as tag_all_name
                    from 
                        rel as r, tag as t, file as f
                    where 
                        r.file_id=f.id and 
                        r.tag_id=t.id and
                        f.id in
                            (select f.id from file as f,rel as r where f.id=r.file_id and r.tag_id in (1,2,3,4,5,6,7,8,9,10,11,12,13,14,15,16,17,18,19))
                    group by f.id
                    order by f.sort
                     [ RunTime:0.124416s ]
INFO: [ view_parse ] --START--
INFO: ParseTemplate Behavior ::run [ RunTime:0.063590s ]
INFO: [ view_parse ] --END-- [ RunTime:0.064587s ]
INFO: [ view_filter ] --START--
INFO: ContentReplace Behavior ::run [ RunTime:0.001851s ]
INFO: TokenBuild Behavior ::run [ RunTime:0.002110s ]
INFO: WriteHtmlCache Behavior ::run [ RunTime:0.001060s ]
INFO: ShowRuntime Behavior ::run [ RunTime:0.003246s ]
INFO: [ view_filter ] --END-- [ RunTime:0.011000s ]

[2014-10-30 20:29:49] 127.0.0.1 /index.php/File/getFileList
INFO: [ route_check ] --START--
INFO: CheckRoute Behavior ::run [ RunTime:0.002309s ]
INFO: [ route_check ] --END-- [ RunTime:0.003481s ]
INFO: [ app_begin ] --START--
INFO: ReadHtmlCache Behavior ::run [ RunTime:0.002539s ]
INFO: [ app_begin ] --END-- [ RunTime:0.003562s ]
NOTIC: 建议使用I方法替代_param
SQL: SHOW COLUMNS FROM `file` [ RunTime:0.003262s ]
SQL: SELECT 
                        f.id as file_id, 
                        f.show_name as show_name,
                        f.md5 as md5,
                        f.ext as ext,
                        f.insert_date as insert_date,
                        group_concat(t.id) as tag_all_id,
                        group_concat(t.name) as tag_all_name
                    from 
                        rel as r, tag as t, file as f
                    where 
                        r.file_id=f.id and 
                        r.tag_id=t.id and
                        f.id in
                            (select f.id from file as f,rel as r where f.id=r.file_id and r.tag_id in (1,2,3,4,5,6,7,8,9,10,11,12,13,14,15,16,17,18,19))
                    group by f.id
                    order by f.sort
                     [ RunTime:0.125196s ]
INFO: [ view_parse ] --START--
INFO: ParseTemplate Behavior ::run [ RunTime:0.088672s ]
INFO: [ view_parse ] --END-- [ RunTime:0.089624s ]
INFO: [ view_filter ] --START--
INFO: ContentReplace Behavior ::run [ RunTime:0.001929s ]
INFO: TokenBuild Behavior ::run [ RunTime:0.002213s ]
INFO: WriteHtmlCache Behavior ::run [ RunTime:0.001065s ]
INFO: ShowRuntime Behavior ::run [ RunTime:0.003055s ]
INFO: [ view_filter ] --END-- [ RunTime:0.010883s ]

[2014-10-30 20:29:51] 127.0.0.1 /index.php/File/getFileList
INFO: [ route_check ] --START--
INFO: CheckRoute Behavior ::run [ RunTime:0.002626s ]
INFO: [ route_check ] --END-- [ RunTime:0.003752s ]
INFO: [ app_begin ] --START--
INFO: ReadHtmlCache Behavior ::run [ RunTime:0.002354s ]
INFO: [ app_begin ] --END-- [ RunTime:0.003203s ]
NOTIC: 建议使用I方法替代_param
SQL: SHOW COLUMNS FROM `file` [ RunTime:0.003345s ]
SQL: SELECT 
                        f.id as file_id, 
                        f.show_name as show_name,
                        f.md5 as md5,
                        f.ext as ext,
                        f.insert_date as insert_date,
                        group_concat(t.id) as tag_all_id,
                        group_concat(t.name) as tag_all_name
                    from 
                        rel as r, tag as t, file as f
                    where 
                        r.file_id=f.id and 
                        r.tag_id=t.id and
                        f.id in
                            (select f.id from file as f,rel as r where f.id=r.file_id and r.tag_id in (1,2,3,4,5,6,7,8,9,10,11,12,13,14,15,16,17,18,19))
                    group by f.id
                    order by f.sort
                     [ RunTime:0.132539s ]
INFO: [ view_parse ] --START--
INFO: ParseTemplate Behavior ::run [ RunTime:0.130319s ]
INFO: [ view_parse ] --END-- [ RunTime:0.131327s ]
INFO: [ view_filter ] --START--
INFO: ContentReplace Behavior ::run [ RunTime:0.004850s ]
INFO: TokenBuild Behavior ::run [ RunTime:0.002673s ]
INFO: WriteHtmlCache Behavior ::run [ RunTime:0.001176s ]
INFO: ShowRuntime Behavior ::run [ RunTime:0.003817s ]
INFO: [ view_filter ] --END-- [ RunTime:0.015527s ]

[2014-10-30 20:29:52] 127.0.0.1 /index.php/File/getFileList
INFO: [ route_check ] --START--
INFO: CheckRoute Behavior ::run [ RunTime:0.002120s ]
INFO: [ route_check ] --END-- [ RunTime:0.003304s ]
INFO: [ app_begin ] --START--
INFO: ReadHtmlCache Behavior ::run [ RunTime:0.002348s ]
INFO: [ app_begin ] --END-- [ RunTime:0.003269s ]
NOTIC: 建议使用I方法替代_param
SQL: SHOW COLUMNS FROM `file` [ RunTime:0.047263s ]
SQL: SELECT 
                        f.id as file_id, 
                        f.show_name as show_name,
                        f.md5 as md5,
                        f.ext as ext,
                        f.insert_date as insert_date,
                        group_concat(t.id) as tag_all_id,
                        group_concat(t.name) as tag_all_name
                    from 
                        rel as r, tag as t, file as f
                    where 
                        r.file_id=f.id and 
                        r.tag_id=t.id and
                        f.id in
                            (select f.id from file as f,rel as r where f.id=r.file_id and r.tag_id in (1,2,3,4,5,6,7,8,9,10,11,12,13,14,15,16,17,18,19))
                    group by f.id
                    order by f.sort
                     [ RunTime:0.132636s ]
INFO: [ view_parse ] --START--
INFO: ParseTemplate Behavior ::run [ RunTime:0.049872s ]
INFO: [ view_parse ] --END-- [ RunTime:0.050988s ]
INFO: [ view_filter ] --START--
INFO: ContentReplace Behavior ::run [ RunTime:0.001890s ]
INFO: TokenBuild Behavior ::run [ RunTime:0.002116s ]
INFO: WriteHtmlCache Behavior ::run [ RunTime:0.001076s ]
INFO: ShowRuntime Behavior ::run [ RunTime:0.004111s ]
INFO: [ view_filter ] --END-- [ RunTime:0.015816s ]

[2014-10-30 20:29:53] 127.0.0.1 /index.php/File/getFileList
INFO: [ route_check ] --START--
INFO: CheckRoute Behavior ::run [ RunTime:0.002072s ]
INFO: [ route_check ] --END-- [ RunTime:0.003192s ]
INFO: [ app_begin ] --START--
INFO: ReadHtmlCache Behavior ::run [ RunTime:0.002386s ]
INFO: [ app_begin ] --END-- [ RunTime:0.003320s ]
NOTIC: 建议使用I方法替代_param
SQL: SHOW COLUMNS FROM `file` [ RunTime:0.003318s ]
SQL: SELECT 
                        f.id as file_id, 
                        f.show_name as show_name,
                        f.md5 as md5,
                        f.ext as ext,
                        f.insert_date as insert_date,
                        group_concat(t.id) as tag_all_id,
                        group_concat(t.name) as tag_all_name
                    from 
                        rel as r, tag as t, file as f
                    where 
                        r.file_id=f.id and 
                        r.tag_id=t.id and
                        f.id in
                            (select f.id from file as f,rel as r where f.id=r.file_id and r.tag_id in (1,2,3,4,5,6,7,8,9,10,11,12,13,14,15,16,17,18,19))
                    group by f.id
                    order by f.sort
                     [ RunTime:0.129658s ]
INFO: [ view_parse ] --START--
INFO: ParseTemplate Behavior ::run [ RunTime:0.501668s ]
INFO: [ view_parse ] --END-- [ RunTime:0.502711s ]
INFO: [ view_filter ] --START--
INFO: ContentReplace Behavior ::run [ RunTime:0.001707s ]
INFO: TokenBuild Behavior ::run [ RunTime:0.002101s ]
INFO: WriteHtmlCache Behavior ::run [ RunTime:0.001049s ]
INFO: ShowRuntime Behavior ::run [ RunTime:0.003057s ]
INFO: [ view_filter ] --END-- [ RunTime:0.010534s ]

[2014-10-30 20:29:57] 127.0.0.1 /index.php/File/getFileList
INFO: [ route_check ] --START--
INFO: CheckRoute Behavior ::run [ RunTime:0.002588s ]
INFO: [ route_check ] --END-- [ RunTime:0.003791s ]
INFO: [ app_begin ] --START--
INFO: ReadHtmlCache Behavior ::run [ RunTime:0.004090s ]
INFO: [ app_begin ] --END-- [ RunTime:0.005046s ]
NOTIC: 建议使用I方法替代_param
SQL: SHOW COLUMNS FROM `file` [ RunTime:0.056162s ]
SQL: SELECT 
                        f.id as file_id, 
                        f.show_name as show_name,
                        f.md5 as md5,
                        f.ext as ext,
                        f.insert_date as insert_date,
                        group_concat(t.id) as tag_all_id,
                        group_concat(t.name) as tag_all_name
                    from 
                        rel as r, tag as t, file as f
                    where 
                        r.file_id=f.id and 
                        r.tag_id=t.id and
                        f.id in
                            (select f.id from file as f,rel as r where f.id=r.file_id and r.tag_id in (1,2,3,4,5,6,7,8,9,10,11,12,13,14,15,16,17,18,19))
                    group by f.id
                    order by f.sort
                     [ RunTime:0.127797s ]
INFO: [ view_parse ] --START--
INFO: ParseTemplate Behavior ::run [ RunTime:0.062390s ]
INFO: [ view_parse ] --END-- [ RunTime:0.063377s ]
INFO: [ view_filter ] --START--
INFO: ContentReplace Behavior ::run [ RunTime:0.002124s ]
INFO: TokenBuild Behavior ::run [ RunTime:0.002783s ]
INFO: WriteHtmlCache Behavior ::run [ RunTime:0.003131s ]
INFO: ShowRuntime Behavior ::run [ RunTime:0.003883s ]
INFO: [ view_filter ] --END-- [ RunTime:0.014852s ]

[2014-10-30 20:29:59] 127.0.0.1 /index.php/File/getFileList
INFO: [ route_check ] --START--
INFO: CheckRoute Behavior ::run [ RunTime:0.002482s ]
INFO: [ route_check ] --END-- [ RunTime:0.003627s ]
INFO: [ app_begin ] --START--
INFO: ReadHtmlCache Behavior ::run [ RunTime:0.002379s ]
INFO: [ app_begin ] --END-- [ RunTime:0.003291s ]
NOTIC: 建议使用I方法替代_param
SQL: SHOW COLUMNS FROM `file` [ RunTime:0.003125s ]
SQL: SELECT 
                        f.id as file_id, 
                        f.show_name as show_name,
                        f.md5 as md5,
                        f.ext as ext,
                        f.insert_date as insert_date,
                        group_concat(t.id) as tag_all_id,
                        group_concat(t.name) as tag_all_name
                    from 
                        rel as r, tag as t, file as f
                    where 
                        r.file_id=f.id and 
                        r.tag_id=t.id and
                        f.id in
                            (select f.id from file as f,rel as r where f.id=r.file_id and r.tag_id in (1,2,3,4,5,6,7,8,9,10,11,12,13,14,15,16,17,18,19))
                    group by f.id
                    order by f.sort
                     [ RunTime:0.124646s ]
INFO: [ view_parse ] --START--
INFO: ParseTemplate Behavior ::run [ RunTime:0.067332s ]
INFO: [ view_parse ] --END-- [ RunTime:0.068257s ]
INFO: [ view_filter ] --START--
INFO: ContentReplace Behavior ::run [ RunTime:0.002310s ]
INFO: TokenBuild Behavior ::run [ RunTime:0.002206s ]
INFO: WriteHtmlCache Behavior ::run [ RunTime:0.001378s ]
INFO: ShowRuntime Behavior ::run [ RunTime:0.003155s ]
INFO: [ view_filter ] --END-- [ RunTime:0.011734s ]

[2014-10-30 20:30:01] 127.0.0.1 /index.php/File/getFileList
INFO: [ route_check ] --START--
INFO: CheckRoute Behavior ::run [ RunTime:0.002149s ]
INFO: [ route_check ] --END-- [ RunTime:0.003267s ]
INFO: [ app_begin ] --START--
INFO: ReadHtmlCache Behavior ::run [ RunTime:0.002416s ]
INFO: [ app_begin ] --END-- [ RunTime:0.003380s ]
NOTIC: 建议使用I方法替代_param
SQL: SHOW COLUMNS FROM `file` [ RunTime:0.003802s ]
SQL: SELECT 
                        f.id as file_id, 
                        f.show_name as show_name,
                        f.md5 as md5,
                        f.ext as ext,
                        f.insert_date as insert_date,
                        group_concat(t.id) as tag_all_id,
                        group_concat(t.name) as tag_all_name
                    from 
                        rel as r, tag as t, file as f
                    where 
                        r.file_id=f.id and 
                        r.tag_id=t.id and
                        f.id in
                            (select f.id from file as f,rel as r where f.id=r.file_id and r.tag_id in (1,2,3,4,5,6,7,8,9,10,11,12,13,14,15,16,17,18,19))
                    group by f.id
                    order by f.sort
                     [ RunTime:0.129281s ]
INFO: [ view_parse ] --START--
INFO: ParseTemplate Behavior ::run [ RunTime:0.049461s ]
INFO: [ view_parse ] --END-- [ RunTime:0.050412s ]
INFO: [ view_filter ] --START--
INFO: ContentReplace Behavior ::run [ RunTime:0.001725s ]
INFO: TokenBuild Behavior ::run [ RunTime:0.002223s ]
INFO: WriteHtmlCache Behavior ::run [ RunTime:0.001289s ]
INFO: ShowRuntime Behavior ::run [ RunTime:0.004836s ]
INFO: [ view_filter ] --END-- [ RunTime:0.012779s ]

[2014-10-30 20:30:03] 127.0.0.1 /index.php/File/getFileList
INFO: [ route_check ] --START--
INFO: CheckRoute Behavior ::run [ RunTime:0.002285s ]
INFO: [ route_check ] --END-- [ RunTime:0.003474s ]
INFO: [ app_begin ] --START--
INFO: ReadHtmlCache Behavior ::run [ RunTime:0.002444s ]
INFO: [ app_begin ] --END-- [ RunTime:0.003354s ]
NOTIC: 建议使用I方法替代_param
SQL: SHOW COLUMNS FROM `file` [ RunTime:0.003119s ]
SQL: SELECT 
                        f.id as file_id, 
                        f.show_name as show_name,
                        f.md5 as md5,
                        f.ext as ext,
                        f.insert_date as insert_date,
                        group_concat(t.id) as tag_all_id,
                        group_concat(t.name) as tag_all_name
                    from 
                        rel as r, tag as t, file as f
                    where 
                        r.file_id=f.id and 
                        r.tag_id=t.id and
                        f.id in
                            (select f.id from file as f,rel as r where f.id=r.file_id and r.tag_id in (1,2,3,4,5,6,7,8,9,10,11,12,13,14,15,16,17,18,19))
                    group by f.id
                    order by f.sort
                     [ RunTime:0.126581s ]
INFO: [ view_parse ] --START--
INFO: ParseTemplate Behavior ::run [ RunTime:0.047516s ]
INFO: [ view_parse ] --END-- [ RunTime:0.048496s ]
INFO: [ view_filter ] --START--
INFO: ContentReplace Behavior ::run [ RunTime:0.001743s ]
INFO: TokenBuild Behavior ::run [ RunTime:0.002155s ]
INFO: WriteHtmlCache Behavior ::run [ RunTime:0.001047s ]
INFO: ShowRuntime Behavior ::run [ RunTime:0.003035s ]
INFO: [ view_filter ] --END-- [ RunTime:0.010497s ]

[2014-10-30 20:30:04] 127.0.0.1 /index.php/File/getFileList
INFO: [ route_check ] --START--
INFO: CheckRoute Behavior ::run [ RunTime:0.002263s ]
INFO: [ route_check ] --END-- [ RunTime:0.003513s ]
INFO: [ app_begin ] --START--
INFO: ReadHtmlCache Behavior ::run [ RunTime:0.002526s ]
INFO: [ app_begin ] --END-- [ RunTime:0.003507s ]
NOTIC: 建议使用I方法替代_param
SQL: SHOW COLUMNS FROM `file` [ RunTime:0.019238s ]
SQL: SELECT 
                        f.id as file_id, 
                        f.show_name as show_name,
                        f.md5 as md5,
                        f.ext as ext,
                        f.insert_date as insert_date,
                        group_concat(t.id) as tag_all_id,
                        group_concat(t.name) as tag_all_name
                    from 
                        rel as r, tag as t, file as f
                    where 
                        r.file_id=f.id and 
                        r.tag_id=t.id and
                        f.id in
                            (select f.id from file as f,rel as r where f.id=r.file_id and r.tag_id in (1,2,3,4,5,6,7,8,9,10,11,12,13,14,15,16,17,18,19))
                    group by f.id
                    order by f.sort
                     [ RunTime:0.127523s ]
INFO: [ view_parse ] --START--
INFO: ParseTemplate Behavior ::run [ RunTime:0.072110s ]
INFO: [ view_parse ] --END-- [ RunTime:0.073125s ]
INFO: [ view_filter ] --START--
INFO: ContentReplace Behavior ::run [ RunTime:0.005073s ]
INFO: TokenBuild Behavior ::run [ RunTime:0.002951s ]
INFO: WriteHtmlCache Behavior ::run [ RunTime:0.001095s ]
INFO: ShowRuntime Behavior ::run [ RunTime:0.003890s ]
INFO: [ view_filter ] --END-- [ RunTime:0.015842s ]

[2014-10-30 20:30:10] 127.0.0.1 /index.php/File/getFileList
INFO: [ route_check ] --START--
INFO: CheckRoute Behavior ::run [ RunTime:0.002176s ]
INFO: [ route_check ] --END-- [ RunTime:0.003331s ]
INFO: [ app_begin ] --START--
INFO: ReadHtmlCache Behavior ::run [ RunTime:0.002459s ]
INFO: [ app_begin ] --END-- [ RunTime:0.003543s ]
NOTIC: 建议使用I方法替代_param
SQL: SHOW COLUMNS FROM `file` [ RunTime:0.003516s ]
SQL: SELECT 
                        f.id as file_id, 
                        f.show_name as show_name,
                        f.md5 as md5,
                        f.ext as ext,
                        f.insert_date as insert_date,
                        group_concat(t.id) as tag_all_id,
                        group_concat(t.name) as tag_all_name
                    from 
                        rel as r, tag as t, file as f
                    where 
                        r.file_id=f.id and 
                        r.tag_id=t.id and
                        f.id in
                            (select f.id from file as f,rel as r where f.id=r.file_id and r.tag_id in (1,2,3,4,5,6,7,8,9,10,11,12,13,14,15,16,17,18,19))
                    group by f.id
                    order by f.sort
                     [ RunTime:0.128676s ]
INFO: [ view_parse ] --START--
INFO: ParseTemplate Behavior ::run [ RunTime:0.049681s ]
INFO: [ view_parse ] --END-- [ RunTime:0.050642s ]
INFO: [ view_filter ] --START--
INFO: ContentReplace Behavior ::run [ RunTime:0.001817s ]
INFO: TokenBuild Behavior ::run [ RunTime:0.002126s ]
INFO: WriteHtmlCache Behavior ::run [ RunTime:0.001042s ]
INFO: ShowRuntime Behavior ::run [ RunTime:0.002923s ]
INFO: [ view_filter ] --END-- [ RunTime:0.010426s ]

[2014-10-30 20:30:32] 127.0.0.1 /index.php/File/getFileList
INFO: [ route_check ] --START--
INFO: CheckRoute Behavior ::run [ RunTime:0.002469s ]
INFO: [ route_check ] --END-- [ RunTime:0.003661s ]
INFO: [ app_begin ] --START--
INFO: ReadHtmlCache Behavior ::run [ RunTime:0.003411s ]
INFO: [ app_begin ] --END-- [ RunTime:0.004606s ]
NOTIC: 建议使用I方法替代_param
SQL: SHOW COLUMNS FROM `file` [ RunTime:0.043112s ]
SQL: SELECT 
                        f.id as file_id, 
                        f.show_name as show_name,
                        f.md5 as md5,
                        f.ext as ext,
                        f.insert_date as insert_date,
                        group_concat(t.id) as tag_all_id,
                        group_concat(t.name) as tag_all_name
                    from 
                        rel as r, tag as t, file as f
                    where 
                        r.file_id=f.id and 
                        r.tag_id=t.id and
                        f.id in
                            (select f.id from file as f,rel as r where f.id=r.file_id and r.tag_id in (3))
                    group by f.id
                    order by f.sort
                     [ RunTime:0.164286s ]

[2014-10-30 20:30:45] 127.0.0.1 /index.php/File/getFileList
INFO: [ route_check ] --START--
INFO: CheckRoute Behavior ::run [ RunTime:0.002072s ]
INFO: [ route_check ] --END-- [ RunTime:0.003210s ]
INFO: [ app_begin ] --START--
INFO: ReadHtmlCache Behavior ::run [ RunTime:0.003270s ]
INFO: [ app_begin ] --END-- [ RunTime:0.004485s ]
NOTIC: 建议使用I方法替代_param
SQL: SHOW COLUMNS FROM `file` [ RunTime:0.003567s ]
SQL: SELECT 
                        f.id as file_id, 
                        f.show_name as show_name,
                        f.md5 as md5,
                        f.ext as ext,
                        f.insert_date as insert_date,
                        group_concat(t.id) as tag_all_id,
                        group_concat(t.name) as tag_all_name
                    from 
                        rel as r, tag as t, file as f
                    where 
                        r.file_id=f.id and 
                        r.tag_id=t.id and
                        f.id in
                            (select f.id from file as f,rel as r where f.id=r.file_id and r.tag_id in (1,2,3,4,5,6,7,8,9,10,11,12))
                    group by f.id
                    order by f.sort
                     [ RunTime:0.131855s ]

[2014-10-30 20:33:09] 127.0.0.1 /index.php/File/setPlayList
INFO: [ route_check ] --START--
INFO: CheckRoute Behavior ::run [ RunTime:0.002383s ]
INFO: [ route_check ] --END-- [ RunTime:0.003603s ]
INFO: [ app_begin ] --START--
INFO: ReadHtmlCache Behavior ::run [ RunTime:0.002324s ]
INFO: [ app_begin ] --END-- [ RunTime:0.003405s ]
NOTIC: 建议使用I方法替代_param
SQL: SHOW COLUMNS FROM `file` [ RunTime:0.003126s ]
SQL: SELECT
                            distinct f.id,
                            f.md5
                        from 
                            file as f, tag as t, rel as r
                        where
                            r.file_id=f.id and
                            r.tag_id=t.id and
                            f.id in (125,126) and
                            t.type='inner'
                        order by 
                            find_in_set(f.id, '125,126') 
                         [ RunTime:0.001302s ]
SQL: SHOW COLUMNS FROM `tag` [ RunTime:0.003922s ]
SQL: SELECT * FROM `tag` WHERE ( `id` = 1 ) LIMIT 1   [ RunTime:0.000547s ]
SQL: SELECT * FROM `tag` WHERE ( `id` = 2 ) LIMIT 1   [ RunTime:0.000450s ]
SQL: SELECT * FROM `tag` WHERE ( `id` = 3 ) LIMIT 1   [ RunTime:0.003759s ]

[2014-10-30 20:33:32] 127.0.0.1 /index.php/File/setPlayList
INFO: [ route_check ] --START--
INFO: CheckRoute Behavior ::run [ RunTime:0.002331s ]
INFO: [ route_check ] --END-- [ RunTime:0.003484s ]
INFO: [ app_begin ] --START--
INFO: ReadHtmlCache Behavior ::run [ RunTime:0.002362s ]
INFO: [ app_begin ] --END-- [ RunTime:0.003984s ]
NOTIC: 建议使用I方法替代_param
SQL: SHOW COLUMNS FROM `file` [ RunTime:0.040653s ]
SQL: SELECT
                            distinct f.id,
                            f.md5
                        from 
                            file as f, tag as t, rel as r
                        where
                            r.file_id=f.id and
                            r.tag_id=t.id and
                            f.id in (125) and
                            t.type='inner'
                        order by 
                            find_in_set(f.id, '125') 
                         [ RunTime:0.001132s ]
SQL: SHOW COLUMNS FROM `tag` [ RunTime:0.002872s ]
SQL: SELECT * FROM `tag` WHERE ( `id` = 1 ) LIMIT 1   [ RunTime:0.000829s ]
SQL: SELECT * FROM `tag` WHERE ( `id` = 2 ) LIMIT 1   [ RunTime:0.000703s ]

[2014-10-30 20:34:46] 127.0.0.1 /index.php/PadApi/setThemeList
INFO: [ route_check ] --START--
INFO: CheckRoute Behavior ::run [ RunTime:0.002479s ]
INFO: [ route_check ] --END-- [ RunTime:0.003650s ]
INFO: [ app_begin ] --START--
INFO: ReadHtmlCache Behavior ::run [ RunTime:0.002514s ]
INFO: [ app_begin ] --END-- [ RunTime:0.003621s ]
NOTIC: 建议使用I方法替代_param

[2014-10-30 20:34:58] 127.0.0.1 /index.php/File/getFileList
INFO: [ route_check ] --START--
INFO: CheckRoute Behavior ::run [ RunTime:0.002557s ]
INFO: [ route_check ] --END-- [ RunTime:0.003776s ]
INFO: [ app_begin ] --START--
INFO: ReadHtmlCache Behavior ::run [ RunTime:0.002429s ]
INFO: [ app_begin ] --END-- [ RunTime:0.003296s ]
NOTIC: 建议使用I方法替代_param
SQL: SHOW COLUMNS FROM `file` [ RunTime:0.003614s ]
SQL: SELECT 
                        f.id as file_id, 
                        f.show_name as show_name,
                        f.md5 as md5,
                        f.ext as ext,
                        f.insert_date as insert_date,
                        group_concat(t.id) as tag_all_id,
                        group_concat(t.name) as tag_all_name
                    from 
                        rel as r, tag as t, file as f
                    where 
                        r.file_id=f.id and 
                        r.tag_id=t.id and
                        f.id in
                            (select f.id from file as f,rel as r where f.id=r.file_id and r.tag_id in (1,2,3,4,5,6,7,8,9,10,11,12,13,14,15,16,17,18,19))
                    group by f.id
                    order by f.sort
                     [ RunTime:0.126046s ]
INFO: [ view_parse ] --START--
INFO: ParseTemplate Behavior ::run [ RunTime:0.051441s ]
INFO: [ view_parse ] --END-- [ RunTime:0.054037s ]
INFO: [ view_filter ] --START--
INFO: ContentReplace Behavior ::run [ RunTime:0.002406s ]
INFO: TokenBuild Behavior ::run [ RunTime:0.002438s ]
INFO: WriteHtmlCache Behavior ::run [ RunTime:0.001245s ]
INFO: ShowRuntime Behavior ::run [ RunTime:0.003643s ]
INFO: [ view_filter ] --END-- [ RunTime:0.012637s ]

[2014-10-30 20:35:09] 127.0.0.1 /index.php/PadApi/setThemeList
INFO: [ route_check ] --START--
INFO: CheckRoute Behavior ::run [ RunTime:0.002152s ]
INFO: [ route_check ] --END-- [ RunTime:0.003287s ]
INFO: [ app_begin ] --START--
INFO: ReadHtmlCache Behavior ::run [ RunTime:0.002413s ]
INFO: [ app_begin ] --END-- [ RunTime:0.003529s ]
NOTIC: 建议使用I方法替代_param
SQL: SHOW COLUMNS FROM `file` [ RunTime:0.003112s ]
SQL: SHOW COLUMNS FROM `tag` [ RunTime:0.003201s ]
SQL: SELECT * FROM `tag` WHERE ( class='tv' )  [ RunTime:0.000879s ]
SQL: SELECT
                            f.md5
                        from 
                            rel as r, file as f
                        where 
                            r.file_id=f.id and
                            file_id in (select file_id from rel where tag_id=1) and
                            r.tag_id=40
                         [ RunTime:0.004183s ]
SQL: SELECT
                            f.md5
                        from 
                            rel as r, file as f
                        where 
                            r.file_id=f.id and
                            file_id in (select file_id from rel where tag_id=2) and
                            r.tag_id=40
                         [ RunTime:0.004706s ]
SQL: SELECT
                            f.md5
                        from 
                            rel as r, file as f
                        where 
                            r.file_id=f.id and
                            file_id in (select file_id from rel where tag_id=3) and
                            r.tag_id=40
                         [ RunTime:0.004704s ]
SQL: SELECT
                            f.md5
                        from 
                            rel as r, file as f
                        where 
                            r.file_id=f.id and
                            file_id in (select file_id from rel where tag_id=4) and
                            r.tag_id=40
                         [ RunTime:0.004375s ]
SQL: SELECT
                            f.md5
                        from 
                            rel as r, file as f
                        where 
                            r.file_id=f.id and
                            file_id in (select file_id from rel where tag_id=5) and
                            r.tag_id=40
                         [ RunTime:0.004183s ]
SQL: SELECT
                            f.md5
                        from 
                            rel as r, file as f
                        where 
                            r.file_id=f.id and
                            file_id in (select file_id from rel where tag_id=6) and
                            r.tag_id=40
                         [ RunTime:0.004325s ]
SQL: SELECT
                            f.md5
                        from 
                            rel as r, file as f
                        where 
                            r.file_id=f.id and
                            file_id in (select file_id from rel where tag_id=7) and
                            r.tag_id=40
                         [ RunTime:0.005511s ]
SQL: SELECT
                            f.md5
                        from 
                            rel as r, file as f
                        where 
                            r.file_id=f.id and
                            file_id in (select file_id from rel where tag_id=8) and
                            r.tag_id=40
                         [ RunTime:0.005037s ]
SQL: SELECT
                            f.md5
                        from 
                            rel as r, file as f
                        where 
                            r.file_id=f.id and
                            file_id in (select file_id from rel where tag_id=9) and
                            r.tag_id=40
                         [ RunTime:0.004277s ]
SQL: SELECT
                            f.md5
                        from 
                            rel as r, file as f
                        where 
                            r.file_id=f.id and
                            file_id in (select file_id from rel where tag_id=10) and
                            r.tag_id=40
                         [ RunTime:0.004551s ]
SQL: SELECT
                            f.md5
                        from 
                            rel as r, file as f
                        where 
                            r.file_id=f.id and
                            file_id in (select file_id from rel where tag_id=11) and
                            r.tag_id=40
                         [ RunTime:0.006057s ]
SQL: SELECT
                            f.md5
                        from 
                            rel as r, file as f
                        where 
                            r.file_id=f.id and
                            file_id in (select file_id from rel where tag_id=12) and
                            r.tag_id=40
                         [ RunTime:0.004288s ]
SQL: SELECT
                            f.md5
                        from 
                            rel as r, file as f
                        where 
                            r.file_id=f.id and
                            file_id in (select file_id from rel where tag_id=13) and
                            r.tag_id=40
                         [ RunTime:0.005603s ]
SQL: SELECT
                            f.md5
                        from 
                            rel as r, file as f
                        where 
                            r.file_id=f.id and
                            file_id in (select file_id from rel where tag_id=14) and
                            r.tag_id=40
                         [ RunTime:0.005169s ]
SQL: SELECT
                            f.md5
                        from 
                            rel as r, file as f
                        where 
                            r.file_id=f.id and
                            file_id in (select file_id from rel where tag_id=15) and
                            r.tag_id=40
                         [ RunTime:0.004630s ]
SQL: SELECT
                            f.md5
                        from 
                            rel as r, file as f
                        where 
                            r.file_id=f.id and
                            file_id in (select file_id from rel where tag_id=16) and
                            r.tag_id=40
                         [ RunTime:0.007744s ]
SQL: SELECT
                            f.md5
                        from 
                            rel as r, file as f
                        where 
                            r.file_id=f.id and
                            file_id in (select file_id from rel where tag_id=17) and
                            r.tag_id=40
                         [ RunTime:0.004987s ]

[2014-10-30 20:35:58] 127.0.0.1 /index.php/PadApi/insertFile
INFO: [ route_check ] --START--
INFO: CheckRoute Behavior ::run [ RunTime:0.002721s ]
INFO: [ route_check ] --END-- [ RunTime:0.003917s ]
INFO: [ app_begin ] --START--
INFO: ReadHtmlCache Behavior ::run [ RunTime:0.002375s ]
INFO: [ app_begin ] --END-- [ RunTime:0.003579s ]
NOTIC: 建议使用I方法替代_param
SQL: SHOW COLUMNS FROM `file` [ RunTime:0.003899s ]
SQL: SELECT * FROM `file` WHERE ( `id` = 128 ) LIMIT 1   [ RunTime:0.000684s ]

[2014-10-30 20:37:30] 127.0.0.1 /index.php/PadApi/insertFile
INFO: [ route_check ] --START--
INFO: CheckRoute Behavior ::run [ RunTime:0.002486s ]
INFO: [ route_check ] --END-- [ RunTime:0.003796s ]
INFO: [ app_begin ] --START--
INFO: ReadHtmlCache Behavior ::run [ RunTime:0.002522s ]
INFO: [ app_begin ] --END-- [ RunTime:0.003725s ]
NOTIC: 建议使用I方法替代_param
SQL: SHOW COLUMNS FROM `file` [ RunTime:0.003143s ]
SQL: SELECT * FROM `file` WHERE ( `id` = 128 ) LIMIT 1   [ RunTime:0.000765s ]

[2014-10-30 20:37:41] 127.0.0.1 /index.php/PadApi/insertFile
INFO: [ route_check ] --START--
INFO: CheckRoute Behavior ::run [ RunTime:0.002249s ]
INFO: [ route_check ] --END-- [ RunTime:0.003440s ]
INFO: [ app_begin ] --START--
INFO: ReadHtmlCache Behavior ::run [ RunTime:0.002420s ]
INFO: [ app_begin ] --END-- [ RunTime:0.003568s ]
NOTIC: 建议使用I方法替代_param
SQL: SHOW COLUMNS FROM `file` [ RunTime:0.017689s ]
SQL: SELECT * FROM `file` WHERE ( `id` = 1282 ) LIMIT 1   [ RunTime:0.000668s ]
NOTIC: [8] Undefined variable: locNum E:\workspace\www\zndl\protected\app\Lib\Action\PadApiAction.class.php 第 49 行.
NOTIC: [8] Undefined variable: fid对应文件 E:\workspace\www\zndl\protected\app\Lib\Action\PadApiAction.class.php 第 50 行.

[2014-10-30 20:37:55] 127.0.0.1 /index.php/PadApi/insertFile
INFO: [ route_check ] --START--
INFO: CheckRoute Behavior ::run [ RunTime:0.002579s ]
INFO: [ route_check ] --END-- [ RunTime:0.004647s ]
INFO: [ app_begin ] --START--
INFO: ReadHtmlCache Behavior ::run [ RunTime:0.002445s ]
INFO: [ app_begin ] --END-- [ RunTime:0.003603s ]
NOTIC: 建议使用I方法替代_param
SQL: SHOW COLUMNS FROM `file` [ RunTime:0.003521s ]
SQL: SELECT * FROM `file` WHERE ( `id` = 1282 ) LIMIT 1   [ RunTime:0.000666s ]
NOTIC: [8] Undefined variable: locNum E:\workspace\www\zndl\protected\app\Lib\Action\PadApiAction.class.php 第 49 行.

[2014-10-30 20:38:01] 127.0.0.1 /index.php/PadApi/insertFile
INFO: [ route_check ] --START--
INFO: CheckRoute Behavior ::run [ RunTime:0.002607s ]
INFO: [ route_check ] --END-- [ RunTime:0.004332s ]
INFO: [ app_begin ] --START--
INFO: ReadHtmlCache Behavior ::run [ RunTime:0.002492s ]
INFO: [ app_begin ] --END-- [ RunTime:0.003634s ]
NOTIC: 建议使用I方法替代_param
SQL: SHOW COLUMNS FROM `file` [ RunTime:0.343692s ]
SQL: SELECT * FROM `file` WHERE ( `id` = 1282 ) LIMIT 1   [ RunTime:0.000778s ]
NOTIC: [8] Undefined variable: locNum E:\workspace\www\zndl\protected\app\Lib\Action\PadApiAction.class.php 第 49 行.

[2014-10-30 20:38:17] 127.0.0.1 /index.php/PadApi/insertFile
INFO: [ route_check ] --START--
INFO: CheckRoute Behavior ::run [ RunTime:0.002152s ]
INFO: [ route_check ] --END-- [ RunTime:0.003328s ]
INFO: [ app_begin ] --START--
INFO: ReadHtmlCache Behavior ::run [ RunTime:0.002418s ]
INFO: [ app_begin ] --END-- [ RunTime:0.003570s ]
NOTIC: 建议使用I方法替代_param

