[2014-11-18 13:55:05] 127.0.0.1 /
INFO: [ app_begin ] --START--
INFO: ReadHtmlCache Behavior ::run [ RunTime:1.796895s ]
INFO: [ app_begin ] --END-- [ RunTime:2.031016s ]

[2014-11-18 13:55:13] 127.0.0.1 /
INFO: [ app_begin ] --START--
INFO: ReadHtmlCache Behavior ::run [ RunTime:0.002315s ]
INFO: [ app_begin ] --END-- [ RunTime:0.003465s ]
NOTIC: å»ºè®®ä½¿ç”¨Iæ–¹æ³•æ›¿ä»£_param
NOTIC: [8] Undefined index: login E:\workspace\www\zndl\protected\app\Lib\Action\ParentAction.class.php ç¬¬ 32 è¡Œ.
NOTIC: å»ºè®®ä½¿ç”¨Iæ–¹æ³•æ›¿ä»£_server
NOTIC: å»ºè®®ä½¿ç”¨Iæ–¹æ³•æ›¿ä»£_server

[2014-11-18 13:57:07] 127.0.0.1 /
INFO: [ app_begin ] --START--
INFO: ReadHtmlCache Behavior ::run [ RunTime:0.003085s ]
INFO: [ app_begin ] --END-- [ RunTime:0.004304s ]
NOTIC: å»ºè®®ä½¿ç”¨Iæ–¹æ³•æ›¿ä»£_param
NOTIC: [8] Undefined index: login E:\workspace\www\zndl\protected\app\Lib\Action\ParentAction.class.php ç¬¬ 32 è¡Œ.
NOTIC: å»ºè®®ä½¿ç”¨Iæ–¹æ³•æ›¿ä»£_server
NOTIC: å»ºè®®ä½¿ç”¨Iæ–¹æ³•æ›¿ä»£_server
NOTIC: [2] mysql_connect():  E:\workspace\www\zndl\protected\ThinkPHP\Lib\Driver\Db\DbMysql.class.php ç¬¬ 55 è¡Œ.
ERR: ÓÉÓÚÄ¿±ê¼ÆËã»ú»ý¼«¾Ü¾ø£¬ÎÞ·¨Á¬½Ó¡£


[2014-11-18 14:00:00] 127.0.0.1 /index.php/File/getFileList
INFO: [ route_check ] --START--
INFO: CheckRoute Behavior ::run [ RunTime:0.002455s ]
INFO: [ route_check ] --END-- [ RunTime:0.003835s ]
INFO: [ app_begin ] --START--
INFO: ReadHtmlCache Behavior ::run [ RunTime:0.002794s ]
INFO: [ app_begin ] --END-- [ RunTime:0.003973s ]
NOTIC: å»ºè®®ä½¿ç”¨Iæ–¹æ³•æ›¿ä»£_param
SQL: SHOW COLUMNS FROM `file` [ RunTime:0.091591s ]
SQL: SELECT 
                        f.id as file_id, 
                        f.show_name as show_name,
                        f.md5 as md5,
                        f.ext as ext,
                        f.insert_date as insert_date,
                        group_concat(t.id) as tag_all_id,
                        group_concat(t.name) as tag_all_name
                    from 
                        rel as r, tag as t, file as f
                    where 
                        r.file_id=f.id and 
                        r.tag_id=t.id and
                        f.id in
                            (select f.id from file as f,rel as r where f.id=r.file_id and r.tag_id in (1,2,3))
                    group by f.id
                    order by f.sort
                     [ RunTime:0.266591s ]

[2014-11-18 14:00:04] 127.0.0.1 /
INFO: [ app_begin ] --START--
INFO: ReadHtmlCache Behavior ::run [ RunTime:0.002875s ]
INFO: [ app_begin ] --END-- [ RunTime:0.004109s ]
NOTIC: å»ºè®®ä½¿ç”¨Iæ–¹æ³•æ›¿ä»£_param
NOTIC: [8] Undefined index: login E:\workspace\www\zndl\protected\app\Lib\Action\ParentAction.class.php ç¬¬ 32 è¡Œ.
NOTIC: å»ºè®®ä½¿ç”¨Iæ–¹æ³•æ›¿ä»£_server
NOTIC: å»ºè®®ä½¿ç”¨Iæ–¹æ³•æ›¿ä»£_server
SQL: SHOW COLUMNS FROM `user` [ RunTime:0.176906s ]
SQL: SELECT * FROM `user` WHERE ( uname='root' and pwd='test' ) LIMIT 1   [ RunTime:0.000870s ]

[2014-11-18 14:00:09] 127.0.0.1 /
INFO: [ app_begin ] --START--
INFO: ReadHtmlCache Behavior ::run [ RunTime:0.003022s ]
INFO: [ app_begin ] --END-- [ RunTime:0.004193s ]
NOTIC: å»ºè®®ä½¿ç”¨Iæ–¹æ³•æ›¿ä»£_param
NOTIC: [8] Undefined index: login E:\workspace\www\zndl\protected\app\Lib\Action\ParentAction.class.php ç¬¬ 32 è¡Œ.
NOTIC: å»ºè®®ä½¿ç”¨Iæ–¹æ³•æ›¿ä»£_server
NOTIC: å»ºè®®ä½¿ç”¨Iæ–¹æ³•æ›¿ä»£_server
SQL: SHOW COLUMNS FROM `user` [ RunTime:0.003222s ]
SQL: SELECT * FROM `user` WHERE ( uname='root' and pwd='123' ) LIMIT 1   [ RunTime:0.000642s ]

[2014-11-18 14:00:13] 127.0.0.1 /
INFO: [ app_begin ] --START--
INFO: ReadHtmlCache Behavior ::run [ RunTime:0.002466s ]
INFO: [ app_begin ] --END-- [ RunTime:0.003685s ]
NOTIC: å»ºè®®ä½¿ç”¨Iæ–¹æ³•æ›¿ä»£_param
NOTIC: [8] Undefined index: login E:\workspace\www\zndl\protected\app\Lib\Action\ParentAction.class.php ç¬¬ 32 è¡Œ.
NOTIC: å»ºè®®ä½¿ç”¨Iæ–¹æ³•æ›¿ä»£_server
NOTIC: å»ºè®®ä½¿ç”¨Iæ–¹æ³•æ›¿ä»£_server
SQL: SHOW COLUMNS FROM `user` [ RunTime:0.004203s ]
SQL: SELECT * FROM `user` WHERE ( uname='root' and pwd='test' ) LIMIT 1   [ RunTime:0.000695s ]

[2014-11-18 14:00:34] 127.0.0.1 /
INFO: [ app_begin ] --START--
INFO: ReadHtmlCache Behavior ::run [ RunTime:0.002922s ]
INFO: [ app_begin ] --END-- [ RunTime:0.004103s ]
NOTIC: å»ºè®®ä½¿ç”¨Iæ–¹æ³•æ›¿ä»£_param
NOTIC: [8] Undefined index: login E:\workspace\www\zndl\protected\app\Lib\Action\ParentAction.class.php ç¬¬ 32 è¡Œ.
NOTIC: å»ºè®®ä½¿ç”¨Iæ–¹æ³•æ›¿ä»£_server
NOTIC: å»ºè®®ä½¿ç”¨Iæ–¹æ³•æ›¿ä»£_server
SQL: SHOW COLUMNS FROM `user` [ RunTime:0.018573s ]
SQL: SELECT * FROM `user` WHERE ( uname='root' and pwd='root' ) LIMIT 1   [ RunTime:0.000681s ]
SQL: SHOW COLUMNS FROM `tag` [ RunTime:0.003477s ]
SQL: SELECT * FROM `tag` WHERE ( `type` = 'inner' )  [ RunTime:0.000910s ]
SQL: SELECT * FROM `tag` WHERE ( `type` = 'normal' )  [ RunTime:0.000804s ]
INFO: [ view_begin ] --START--
INFO: AutoLoadRes Behavior ::run [ RunTime:0.083355s ]
INFO: [ view_begin ] --END-- [ RunTime:0.084633s ]
INFO: [ view_parse ] --START--
NOTIC: [2] file_get_contents(./protected/app/Tpl/layout/var.html): failed to open stream: No such file or directory E:\workspace\www\zndl\protected\ThinkPHP\Lib\Template\ThinkTemplate.class.php ç¬¬ 702 è¡Œ.
INFO: ParseTemplate Behavior ::run [ RunTime:0.658808s ]
INFO: [ view_parse ] --END-- [ RunTime:0.659999s ]
INFO: [ view_filter ] --START--
INFO: ContentReplace Behavior ::run [ RunTime:0.035410s ]
INFO: TokenBuild Behavior ::run [ RunTime:0.002872s ]
INFO: WriteHtmlCache Behavior ::run [ RunTime:0.001651s ]
INFO: ShowRuntime Behavior ::run [ RunTime:0.003617s ]
INFO: [ view_filter ] --END-- [ RunTime:0.046990s ]
INFO: [ view_end ] --START--
INFO: ShowPageTrace Behavior ::run [ RunTime:0.003637s ]
INFO: [ view_end ] --END-- [ RunTime:0.004913s ]

[2014-11-18 14:00:39] 127.0.0.1 /
INFO: [ app_begin ] --START--
INFO: ReadHtmlCache Behavior ::run [ RunTime:0.003110s ]
INFO: [ app_begin ] --END-- [ RunTime:0.004311s ]
NOTIC: å»ºè®®ä½¿ç”¨Iæ–¹æ³•æ›¿ä»£_param
SQL: SHOW COLUMNS FROM `tag` [ RunTime:0.003302s ]
SQL: SELECT * FROM `tag` WHERE ( `type` = 'inner' )  [ RunTime:0.001133s ]
SQL: SELECT * FROM `tag` WHERE ( `type` = 'normal' )  [ RunTime:0.000802s ]
INFO: [ view_begin ] --START--
INFO: AutoLoadRes Behavior ::run [ RunTime:0.002561s ]
INFO: [ view_begin ] --END-- [ RunTime:0.005381s ]
INFO: [ view_parse ] --START--
NOTIC: [2] file_get_contents(./protected/app/Tpl/layout/var.html): failed to open stream: No such file or directory E:\workspace\www\zndl\protected\ThinkPHP\Lib\Template\ThinkTemplate.class.php ç¬¬ 702 è¡Œ.
INFO: ParseTemplate Behavior ::run [ RunTime:0.079187s ]
INFO: [ view_parse ] --END-- [ RunTime:0.080504s ]
INFO: [ view_filter ] --START--
INFO: ContentReplace Behavior ::run [ RunTime:0.002439s ]
INFO: TokenBuild Behavior ::run [ RunTime:0.002791s ]
INFO: WriteHtmlCache Behavior ::run [ RunTime:0.001286s ]
INFO: ShowRuntime Behavior ::run [ RunTime:0.003468s ]
INFO: [ view_filter ] --END-- [ RunTime:0.013182s ]
INFO: [ view_end ] --START--
INFO: ShowPageTrace Behavior ::run [ RunTime:0.002430s ]
INFO: [ view_end ] --END-- [ RunTime:0.004002s ]

[2014-11-18 14:00:48] 127.0.0.1 /index.php/File/getFileList
INFO: [ route_check ] --START--
INFO: CheckRoute Behavior ::run [ RunTime:0.002320s ]
INFO: [ route_check ] --END-- [ RunTime:0.003480s ]
INFO: [ app_begin ] --START--
INFO: ReadHtmlCache Behavior ::run [ RunTime:0.002490s ]
INFO: [ app_begin ] --END-- [ RunTime:0.003804s ]
NOTIC: å»ºè®®ä½¿ç”¨Iæ–¹æ³•æ›¿ä»£_param
SQL: SHOW COLUMNS FROM `file` [ RunTime:0.031810s ]
SQL: SELECT 
                        f.id as file_id, 
                        f.show_name as show_name,
                        f.md5 as md5,
                        f.ext as ext,
                        f.insert_date as insert_date,
                        group_concat(t.id) as tag_all_id,
                        group_concat(t.name) as tag_all_name
                    from 
                        rel as r, tag as t, file as f
                    where 
                        r.file_id=f.id and 
                        r.tag_id=t.id and
                        f.id in
                            (select f.id from file as f,rel as r where f.id=r.file_id and r.tag_id in (2))
                    group by f.id
                    order by f.sort
                     [ RunTime:0.154851s ]

[2014-11-18 14:00:54] 127.0.0.1 /index.php/File/getFileList
INFO: [ route_check ] --START--
INFO: CheckRoute Behavior ::run [ RunTime:0.002443s ]
INFO: [ route_check ] --END-- [ RunTime:0.003620s ]
INFO: [ app_begin ] --START--
INFO: ReadHtmlCache Behavior ::run [ RunTime:0.002430s ]
INFO: [ app_begin ] --END-- [ RunTime:0.003629s ]
NOTIC: å»ºè®®ä½¿ç”¨Iæ–¹æ³•æ›¿ä»£_param
SQL: SHOW COLUMNS FROM `file` [ RunTime:0.003431s ]
SQL: SELECT 
                        f.id as file_id, 
                        f.show_name as show_name,
                        f.md5 as md5,
                        f.ext as ext,
                        f.insert_date as insert_date,
                        group_concat(t.id) as tag_all_id,
                        group_concat(t.name) as tag_all_name
                    from 
                        rel as r, tag as t, file as f
                    where 
                        r.file_id=f.id and 
                        r.tag_id=t.id and
                        f.id in
                            (select f.id from file as f,rel as r where f.id=r.file_id and r.tag_id in (2,3,3))
                    group by f.id
                    order by f.sort
                     [ RunTime:0.162284s ]

[2014-11-18 14:00:56] 127.0.0.1 /index.php/File/index/fetch/1
INFO: [ route_check ] --START--
INFO: CheckRoute Behavior ::run [ RunTime:0.002288s ]
INFO: [ route_check ] --END-- [ RunTime:0.003452s ]
INFO: [ app_begin ] --START--
INFO: ReadHtmlCache Behavior ::run [ RunTime:0.002458s ]
INFO: [ app_begin ] --END-- [ RunTime:0.003592s ]
NOTIC: å»ºè®®ä½¿ç”¨Iæ–¹æ³•æ›¿ä»£_param
SQL: SHOW COLUMNS FROM `file` [ RunTime:0.045899s ]
SQL: SHOW COLUMNS FROM `tag` [ RunTime:0.003813s ]
SQL: SELECT * FROM `tag` WHERE ( `type` = 'inner' )  [ RunTime:0.000870s ]
SQL: SELECT * FROM `tag` WHERE ( `type` = 'normal' )  [ RunTime:0.000693s ]
INFO: [ view_begin ] --START--
INFO: AutoLoadRes Behavior ::run [ RunTime:0.002741s ]
INFO: [ view_begin ] --END-- [ RunTime:0.003898s ]
INFO: [ view_parse ] --START--
NOTIC: [2] file_get_contents(./protected/app/Tpl/layout/var.html): failed to open stream: No such file or directory E:\workspace\www\zndl\protected\ThinkPHP\Lib\Template\ThinkTemplate.class.php ç¬¬ 702 è¡Œ.
NOTIC: [8] Undefined variable: fileList E:\workspace\www\zndl\protected\Runtime\Cache\96d0aac83086edf263e1babce306752a.php ç¬¬ 78 è¡Œ.
INFO: ParseTemplate Behavior ::run [ RunTime:0.171261s ]
INFO: [ view_parse ] --END-- [ RunTime:0.172424s ]
INFO: [ view_filter ] --START--
INFO: ContentReplace Behavior ::run [ RunTime:0.001930s ]
INFO: TokenBuild Behavior ::run [ RunTime:0.002194s ]
INFO: WriteHtmlCache Behavior ::run [ RunTime:0.001156s ]
INFO: ShowRuntime Behavior ::run [ RunTime:0.003110s ]
INFO: [ view_filter ] --END-- [ RunTime:0.011571s ]
INFO: [ view_end ] --START--
INFO: ShowPageTrace Behavior ::run [ RunTime:0.003096s ]
INFO: [ view_end ] --END-- [ RunTime:0.004372s ]

[2014-11-18 14:00:57] 127.0.0.1 /index.php/File/getFileList
INFO: [ route_check ] --START--
INFO: CheckRoute Behavior ::run [ RunTime:0.002417s ]
INFO: [ route_check ] --END-- [ RunTime:0.003610s ]
INFO: [ app_begin ] --START--
INFO: ReadHtmlCache Behavior ::run [ RunTime:0.002717s ]
INFO: [ app_begin ] --END-- [ RunTime:0.003757s ]
NOTIC: å»ºè®®ä½¿ç”¨Iæ–¹æ³•æ›¿ä»£_param
SQL: SHOW COLUMNS FROM `file` [ RunTime:0.003369s ]
SQL: SELECT 
                        f.id as file_id, 
                        f.show_name as show_name,
                        f.md5 as md5,
                        f.ext as ext,
                        f.insert_date as insert_date,
                        group_concat(t.id) as tag_all_id,
                        group_concat(t.name) as tag_all_name
                    from 
                        rel as r, tag as t, file as f
                    where 
                        r.file_id=f.id and 
                        r.tag_id=t.id and
                        f.id in
                            (select f.id from file as f,rel as r where f.id=r.file_id and r.tag_id in (2))
                    group by f.id
                    order by f.sort
                     [ RunTime:0.165176s ]
INFO: [ view_parse ] --START--
INFO: ParseTemplate Behavior ::run [ RunTime:0.063738s ]
INFO: [ view_parse ] --END-- [ RunTime:0.064807s ]
INFO: [ view_filter ] --START--
INFO: ContentReplace Behavior ::run [ RunTime:0.011127s ]
INFO: TokenBuild Behavior ::run [ RunTime:0.002753s ]
INFO: WriteHtmlCache Behavior ::run [ RunTime:0.001380s ]
INFO: ShowRuntime Behavior ::run [ RunTime:0.003513s ]
INFO: [ view_filter ] --END-- [ RunTime:0.021581s ]

