[2014-11-19 15:29:35] 127.0.0.1 /zndl/
INFO: [ app_begin ] --START--
INFO: ReadHtmlCache Behavior ::run [ RunTime:0.001472s ]
INFO: [ app_begin ] --END-- [ RunTime:0.001741s ]
NOTIC: 建议使用I方法替代_param
NOTIC: [8] Undefined index: login /home/liufuxin/workspace/www/zndl/protected/app/Lib/Action/ParentAction.class.php 第 32 行.
NOTIC: 建议使用I方法替代_server
NOTIC: 建议使用I方法替代_server

[2014-11-19 15:29:39] 127.0.0.1 /zndl/
INFO: [ app_begin ] --START--
INFO: ReadHtmlCache Behavior ::run [ RunTime:0.000373s ]
INFO: [ app_begin ] --END-- [ RunTime:0.000641s ]
NOTIC: 建议使用I方法替代_param
NOTIC: [8] Undefined index: login /home/liufuxin/workspace/www/zndl/protected/app/Lib/Action/ParentAction.class.php 第 32 行.
NOTIC: 建议使用I方法替代_server
NOTIC: 建议使用I方法替代_server
NOTIC: [2] mysql_connect(): Access denied for user 'root'@'localhost' (using password: NO) /home/liufuxin/workspace/www/zndl/protected/ThinkPHP/Lib/Driver/Db/DbMysql.class.php 第 55 行.
ERR: Access denied for user 'root'@'localhost' (using password: NO)

[2014-11-19 15:29:50] 127.0.0.1 /zndl/
INFO: [ app_begin ] --START--
INFO: ReadHtmlCache Behavior ::run [ RunTime:0.000363s ]
INFO: [ app_begin ] --END-- [ RunTime:0.000628s ]
NOTIC: 建议使用I方法替代_param
NOTIC: [8] Undefined index: login /home/liufuxin/workspace/www/zndl/protected/app/Lib/Action/ParentAction.class.php 第 32 行.
NOTIC: 建议使用I方法替代_server
NOTIC: 建议使用I方法替代_server
NOTIC: [2] mysql_connect(): Access denied for user 'root'@'localhost' (using password: NO) /home/liufuxin/workspace/www/zndl/protected/ThinkPHP/Lib/Driver/Db/DbMysql.class.php 第 55 行.
ERR: Access denied for user 'root'@'localhost' (using password: NO)

[2014-11-19 15:34:10] 127.0.0.1 /
INFO: [ app_begin ] --START--
INFO: ReadHtmlCache Behavior ::run [ RunTime:0.001800s ]
INFO: [ app_begin ] --END-- [ RunTime:0.002090s ]
NOTIC: 建议使用I方法替代_param
NOTIC: [8] Undefined index: login /home/liufuxin/workspace/www/zndl/protected/app/Lib/Action/ParentAction.class.php 第 32 行.
NOTIC: 建议使用I方法替代_server
NOTIC: 建议使用I方法替代_server

